# lattice-scale --inv-acoustic-scale=14 "ark:gunzip -c gmm_recog/lat.*.gz|" ark:- | lattice-add-penalty --word-ins-penalty=0.5 ark:- ark:- | lattice-best-path --word-symbol-table=mono/graph/words.txt ark:- ark,t:- | utils/int2sym.pl -f 2- mono/graph/words.txt | cat > gmm_recog/scoring_kaldi/penalty_0.5/14.txt 
# Started at Mon Dec  5 17:06:12 EET 2016
#
lattice-add-penalty --word-ins-penalty=0.5 ark:- ark:- 
lattice-best-path --word-symbol-table=mono/graph/words.txt ark:- ark,t:- 
lattice-scale --inv-acoustic-scale=14 'ark:gunzip -c gmm_recog/lat.*.gz|' ark:- 
LOG (lattice-best-path:main():lattice-best-path.cc:99) For utterance AlGore_2009-0001304-0002346, best cost 238.774 + 7547.21 = 7785.98 over 1040 frames.
AlGore_2009-0001304-0002346 so these two slices that demonstrate that your entire step which for most of the last three billion years has been the size of the lower forty eight states has grown by forty percent 
LOG (lattice-best-path:main():lattice-best-path.cc:99) For utterance AlGore_2009-0002346-0004004, best cost 345.348 + 12064.5 = 12409.8 over 1656 frames.
AlGore_2009-0002346-0004004 but this understates the seriousness of this particular problem because it doesn't show the thickness of the ice the arctic ice cap is in a sense of the beating heart of the global climate system because that's where the democrats things about the next slide show you will be 
LOG (lattice-best-path:main():lattice-best-path.cc:99) For utterance AlGore_2009-0004004-0005268, best cost 252.721 + 9237.41 = 9490.13 over 1262 frames.
AlGore_2009-0004004-0005268 rapid transport of what happened over the last twenty five years the prices more contract the s.e.c. inexpensive with or without a genuine somewhere in the contracts in summer 
LOG (lattice-best-path:main():lattice-best-path.cc:99) For utterance AlGore_2009-0005268-0006029, best cost 170.992 + 5566.74 = 5737.73 over 759 frames.
AlGore_2009-0005268-0006029 and the so called to minimize five years or older this is almost one block spilling out of the body here 
LOG (lattice-best-path:main():lattice-best-path.cc:99) For utterance AlGore_2009-0006260-0006905, best cost 130.122 + 4618.53 = 4748.66 over 643 frames.
AlGore_2009-0006260-0006905 in twenty five years it's gone from those of us this is a problem because the warming 
LOG (lattice-best-path:main():lattice-best-path.cc:99) For utterance AlGore_2009-0006905-0008633, best cost 402.274 + 12769.4 = 13171.7 over 1726 frames.
AlGore_2009-0006905-0008633 he stopped the frozen ground around the arctic ocean where there's a massive amount of frozen carbon which one is forced mr menendez made by microbes compared to the total amount of global warming pollution in the atmosphere that amount of double if we cross this tipping point 
LOG (lattice-best-path:main():lattice-best-path.cc:99) For utterance AlGore_2009-0008633-0009790, best cost 274.988 + 8515.56 = 8790.55 over 1155 frames.
AlGore_2009-0008633-0009790 already socialism last that methane is actively baldwin about one percent to the water from the university of alaska without with another team to another shot late last month 
LOG (lattice-best-path:main():lattice-best-path.cc:99) For utterance AlGore_2009-0011068-0011830, best cost 161.453 + 5459.55 = 5621 over 760 frames.
AlGore_2009-0011068-0011830 he's ok the question is whether we will be one reason is the smallest of the city's subway one from the north 
LOG (lattice-best-path:main():lattice-best-path.cc:99) For utterance AlGore_2009-0011830-0012659, best cost 186.107 + 5709.71 = 5895.82 over 827 frames.
AlGore_2009-0011830-0012659 this is an annual melting rather than the volumes are much more for health care services that can use the rural south west 
LOG (lattice-best-path:main():lattice-best-path.cc:99) For utterance AlGore_2009-0012659-0013511, best cost 170.635 + 5911.64 = 6082.28 over 850 frames.
AlGore_2009-0012659-0013511 every one of you will know how sea level rises on land based ice melting this is where everything is also increasing rapidly 
LOG (lattice-best-path:main():lattice-best-path.cc:99) For utterance AlGore_2009-0013511-0014534, best cost 259.471 + 7598.83 = 7858.3 over 1021 frames.
AlGore_2009-0013511-0014534 at the other end of the planet and already the largest mass of ice on the planet was mad scientists are already at our common is now a negative icebound and west antarctica 
LOG (lattice-best-path:main():lattice-best-path.cc:99) For utterance AlGore_2009-0014534-0015409, best cost 199.091 + 6505.2 = 6704.29 over 873 frames.
AlGore_2009-0014534-0015409 probably possible to see iowans is tightly wrapped up in a small thing that's people that we see conceivable that is true 
LOG (lattice-best-path:main():lattice-best-path.cc:99) For utterance AlGore_2009-0015409-0016856, best cost 353.232 + 10831.1 = 11184.3 over 1445 frames.
AlGore_2009-0015409-0016856 in animal is the third largest mass of ice at the top you see you later with a few years ago glaciers we personable people in the world after drinking water from the melting pot in the end is this glacier is a source of drinking water for the city 
LOG (lattice-best-path:main():lattice-best-path.cc:99) For utterance AlGore_2009-0016856-0018678, best cost 422.279 + 13248.7 = 13670.9 over 1820 frames.
AlGore_2009-0016856-0018678 the flows of increase but when they go away so that much of the drinking water in california there's the four percent decline in the sierra snowpack this is in the browser wars and productions as you read more serious is trying to round the world has led to a dramatic increase in force 
LOG (lattice-best-path:main():lattice-best-path.cc:99) For utterance AlGore_2009-0018678-0020516, best cost 348.211 + 13376.7 = 13724.9 over 1836 frames.
AlGore_2009-0018678-0020516 and the disastrous around the world have been increasing at an absolutely extraordinary an unprecedented rate four times as many in the last three years as in the previous seventy five this is a completely unsustainable and if you look at it in the context of the street you can see 
LOG (lattice-best-path:main():lattice-best-path.cc:99) For utterance AlGore_2009-0020516-0020955, best cost 31.6659 + 2867.44 = 2899.11 over 437 frames.
AlGore_2009-0020516-0020955 what is this too 
LOG (lattice-best-path:main():lattice-best-path.cc:99) For utterance AlGore_2009-0020955-0021791, best cost 176.811 + 6078.94 = 6255.75 over 834 frames.
AlGore_2009-0020955-0021791 in the last five years without a seventy million tons of c o two every twenty four hours with a billion times every day to the oceans 
LOG (lattice-best-path:main():lattice-best-path.cc:99) For utterance AlGore_2009-0021791-0022916, best cost 268.281 + 8374.54 = 8642.82 over 1123 frames.
AlGore_2009-0021791-0022916 look carefully at the revenues from the survey from the americas extending westwood and on the other side of the indian subcontinent brothers they were caught up with the bottom in the oceans 
LOG (lattice-best-path:main():lattice-best-path.cc:99) For utterance AlGore_2009-0022916-0023668, best cost 157.094 + 5636.8 = 5793.89 over 750 frames.
AlGore_2009-0022916-0023668 the biggest single cause of global warming along with deforestation which is what percentage of the burning of fossil fuels all the product 
LOG (lattice-best-path:main():lattice-best-path.cc:99) For utterance AlGore_2009-0023668-0025415, best cost 371.562 + 12835.4 = 13206.9 over 1745 frames.
AlGore_2009-0023668-0025415 and call this the most serious problem the united states is one of the two largest emitters on the tarmac and a proposal has been to build a lot more complex but we're beginning to see a sea change are the ones that have been tested in the last two years with the green alternatives to perform 
LOG (lattice-best-path:main():lattice-best-path.cc:99) For utterance AlGore_2009-0025415-0027030, best cost 307.78 + 11751.6 = 12059.4 over 1613 frames.
AlGore_2009-0025415-0027030 however there is a political battle in our country and coal industries and we all must respect for the billion dollars in the last hour your money we call which is an oxymoron that image reminded me of something 
LOG (lattice-best-path:main():lattice-best-path.cc:99) For utterance AlGore_2009-0027370-0028949, best cost 371.923 + 11818.7 = 12190.6 over 1577 frames.
AlGore_2009-0027370-0028949 a white christmas in my home intimacy a billion gallons of course why it was that you probably saw on the news this all over the country to sag awards were screened in america this happened around christmas medical industry spent about christmas with us 
LOG (lattice-best-path:main():lattice-best-path.cc:99) For utterance AlGore_2009-0030430-0031168, best cost 129.262 + 5181.75 = 5311.01 over 736 frames.
AlGore_2009-0030430-0031168 the source of much of the bonus awards amount of minor is the mathematical 
LOG (lattice-best-path:main():lattice-best-path.cc:99) For utterance AlGore_2009-0031304-0031979, best cost 94.7264 + 4934.12 = 5028.84 over 673 frames.
AlGore_2009-0031304-0031979 o'rourke nancy pelosi harry a little uncomfortable 
LOG (lattice-best-path:main():lattice-best-path.cc:99) For utterance AlGore_2009-0031979-0032607, best cost 132.765 + 4588.46 = 4721.23 over 626 frames.
AlGore_2009-0031979-0032607 so the alliance for climate protection has also took them and this is one of them or that one of them 
LOG (lattice-best-path:main():lattice-best-path.cc:99) For utterance AlGore_2009-0032607-0033881, best cost 292.468 + 9364.38 = 9656.85 over 1272 frames.
AlGore_2009-0032607-0033881 she worried you climate change is a very serious threat to world as much as we made our primary goal to spend a large sum of money online advertising efforts to promote and complicate the truth about goals 
LOG (lattice-best-path:main():lattice-best-path.cc:99) For utterance AlGore_2009-0033881-0034242, best cost 62.7633 + 2543.14 = 2605.9 over 359 frames.
AlGore_2009-0033881-0034242 the scientists who is not related to sleep 
LOG (lattice-best-path:main():lattice-best-path.cc:99) For utterance AlGore_2009-0034336-0034477, best cost 28.4467 + 961.189 = 989.636 over 139 frames.
AlGore_2009-0034336-0034477 so stay tuned 
LOG (lattice-best-path:main():lattice-best-path.cc:99) For utterance AlGore_2009-0034538-0035003, best cost 69.9954 + 3121.81 = 3191.81 over 463 frames.
AlGore_2009-0034538-0035003 so don't worry about climate change and these animals 
LOG (lattice-best-path:main():lattice-best-path.cc:99) For utterance AlGore_2009-0035176-0035680, best cost 76.7549 + 3886.8 = 3963.55 over 502 frames.
AlGore_2009-0035176-0035680 we call it was interested in our political system 
LOG (lattice-best-path:main():lattice-best-path.cc:99) For utterance AlGore_2009-0035977-0036537, best cost 26.5658 + 4411.98 = 4438.54 over 558 frames.
AlGore_2009-0035977-0036537 this 
LOG (lattice-best-path:main():lattice-best-path.cc:99) For utterance AlGore_2009-0036643-0037401, best cost 17.168 + 6160.64 = 6177.81 over 756 frames.
AlGore_2009-0036643-0037401 
LOG (lattice-best-path:main():lattice-best-path.cc:99) For utterance AlGore_2009-0037401-0037909, best cost 38.2161 + 3834.79 = 3873.01 over 506 frames.
AlGore_2009-0037401-0037909 i'm writing 
LOG (lattice-best-path:main():lattice-best-path.cc:99) For utterance AlGore_2009-0037909-0038534, best cost 132.62 + 4699.33 = 4831.95 over 623 frames.
AlGore_2009-0037909-0038534 finally the cost of alternative matches with economic challenge of our national security challenge 
LOG (lattice-best-path:main():lattice-best-path.cc:99) For utterance AlGore_2009-0038534-0039066, best cost 73.7004 + 3775.61 = 3849.31 over 530 frames.
AlGore_2009-0038534-0039066 there is some trusts his insurer hiscox 
LOG (lattice-best-path:main():lattice-best-path.cc:99) For utterance AlGore_2009-0039066-0039615, best cost 47.465 + 4031.05 = 4078.52 over 547 frames.
AlGore_2009-0039066-0039615 according to court records 
LOG (lattice-best-path:main():lattice-best-path.cc:99) For utterance AlGore_2009-0039615-0040079, best cost 33.751 + 3315.24 = 3348.99 over 462 frames.
AlGore_2009-0039615-0040079 this whole 
LOG (lattice-best-path:main():lattice-best-path.cc:99) For utterance AlGore_2009-0040079-0040921, best cost 98.8068 + 6241.66 = 6340.47 over 840 frames.
AlGore_2009-0040079-0040921 have a particularly interested in ten years when the hundreds of 
LOG (lattice-best-path:main():lattice-best-path.cc:99) For utterance AlGore_2009-0040921-0041490, best cost 63.3228 + 4060.62 = 4123.94 over 567 frames.
AlGore_2009-0040921-0041490 leap forward in time of war 
LOG (lattice-best-path:main():lattice-best-path.cc:99) For utterance AlGore_2009-0041490-0041607, best cost 29.913 + 821.192 = 851.105 over 115 frames.
AlGore_2009-0041490-0041607 this is the last one 
LOG (lattice-best-path:main():lattice-best-path.cc:99) For utterance AlGore_2009-0042315-0043056, best cost 118.17 + 4963.03 = 5081.2 over 739 frames.
AlGore_2009-0042315-0043056 about three thousand five hundred thousand ways fundamental very few scheduling conflict 
LOG (lattice-best-path:main():lattice-best-path.cc:99) For utterance AlGore_2009-0043195-0043622, best cost 67.6265 + 2901 = 2968.62 over 425 frames.
AlGore_2009-0043195-0043622 over here with some of the new emerging markets 
LOG (lattice-best-path:main():lattice-best-path.cc:99) For utterance AlGore_2009-0043770-0044092, best cost 55.156 + 2172.59 = 2227.75 over 320 frames.
AlGore_2009-0043770-0044092 universal suffrage high paying jobs 
LOG (lattice-best-path:main():lattice-best-path.cc:99) For utterance AlGore_2009-0044281-0044591, best cost 55.7132 + 2063.13 = 2118.85 over 308 frames.
AlGore_2009-0044281-0044591 the power management and real 
LOG (lattice-best-path:main():lattice-best-path.cc:99) For utterance AlGore_2009-0044591-0045669, best cost 196.077 + 7845.96 = 8042.03 over 1076 frames.
AlGore_2009-0044591-0045669 there's an old african proverb that says if you would look what we call if you want to forgo together we need to go for what we 
LOG (lattice-best-path:main():lattice-best-path.cc:99) For utterance AlGore_2009-0045669-0045797, best cost 20.7731 + 859.237 = 880.01 over 126 frames.
AlGore_2009-0045669-0045797 the government 
LOG (lattice-best-path:main():lattice-best-path.cc:99) For utterance BarrySchwartz_2005G-0001224-0001955, best cost 172.018 + 5097.4 = 5269.42 over 729 frames.
BarrySchwartz_2005G-0001224-0001955 talk about some stuff that in his book of mine that i hope will resonate with other things that you've already heard about china 
LOG (lattice-best-path:main():lattice-best-path.cc:99) For utterance BarrySchwartz_2005G-0001955-0002689, best cost 141.577 + 4994.95 = 5136.53 over 732 frames.
BarrySchwartz_2005G-0001955-0002689 making connections myself in case you missed them will start with what i call the official 
LOG (lattice-best-path:main():lattice-best-path.cc:99) For utterance BarrySchwartz_2005G-0002689-0003874, best cost 238.807 + 8091.69 = 8330.5 over 1183 frames.
BarrySchwartz_2005G-0002689-0003874 if you don't want the official cause of all western industrial societies inefficient morons like this if we are interested in maximizing the welfare of our citizens 
LOG (lattice-best-path:main():lattice-best-path.cc:99) For utterance BarrySchwartz_2005G-0003874-0004912, best cost 187.719 + 6857.88 = 7045.59 over 1036 frames.
BarrySchwartz_2005G-0003874-0004912 the way to do that is to maximize individual freedom the reason for this is both that freedom is in and of itself good 
LOG (lattice-best-path:main():lattice-best-path.cc:99) For utterance BarrySchwartz_2005G-0004912-0006224, best cost 291.528 + 8918.99 = 9210.51 over 1310 frames.
BarrySchwartz_2005G-0004912-0006224 the new ball worthwhile essential to be human and because of people have freedom that each of us come back tomorrow to do the things that we maximize welfare no one has to decide on our behalf 
LOG (lattice-best-path:main():lattice-best-path.cc:99) For utterance BarrySchwartz_2005G-0006224-0007545, best cost 229.38 + 8641.54 = 8870.92 over 1319 frames.
BarrySchwartz_2005G-0006224-0007545 the way to maximise freedom is to maximise towards the more choice people have more freedom they have more freedom they have them all over the map 
LOG (lattice-best-path:main():lattice-best-path.cc:99) For utterance BarrySchwartz_2005G-0007545-0008962, best cost 195.974 + 9265.61 = 9461.58 over 1415 frames.
BarrySchwartz_2005G-0007545-0008962 this i think is so deeply embedded in the water supply that would encourage anyone to question and it also deeply embedded in our lives 
LOG (lattice-best-path:main():lattice-best-path.cc:99) For utterance BarrySchwartz_2005G-0008962-0009855, best cost 166.584 + 5979.25 = 6145.83 over 891 frames.
BarrySchwartz_2005G-0008962-0009855 give you some examples of what modern progress has been made possible for us this is my supermarket that such a big one 
LOG (lattice-best-path:main():lattice-best-path.cc:99) For utterance BarrySchwartz_2005G-0009855-0010532, best cost 150.576 + 4710.16 = 4860.74 over 675 frames.
BarrySchwartz_2005G-0009855-0010532 or assailants were not surprising or seventy five celebrations in a supermarket if you don't count 
LOG (lattice-best-path:main():lattice-best-path.cc:99) For utterance BarrySchwartz_2005G-0010532-0011842, best cost 275.928 + 9091.49 = 9367.42 over 1308 frames.
BarrySchwartz_2005G-0010532-0011842 but in fact a virtual worlds and will call centers you combine to make a very large numbers are also addresses the off chance that the other seventy five the store has to offer changes 
LOG (lattice-best-path:main():lattice-best-path.cc:99) For utterance BarrySchwartz_2005G-0011842-0012947, best cost 246.606 + 7676.29 = 7922.9 over 1103 frames.
BarrySchwartz_2005G-0011842-0012947 so this is what the shooter games like many other consumer electronics or senator stereo system speaker cd player tape player to rapid fire and in this world 
LOG (lattice-best-path:main():lattice-best-path.cc:99) For utterance BarrySchwartz_2005G-0012947-0013956, best cost 183.462 + 6721.49 = 6904.95 over 1007 frames.
BarrySchwartz_2005G-0012947-0013956 single consumer electronics store there are that many stereo systems we can construct six and a half million 
LOG (lattice-best-path:main():lattice-best-path.cc:99) For utterance BarrySchwartz_2005G-0013956-0015043, best cost 203.453 + 7387.25 = 7590.71 over 1085 frames.
BarrySchwartz_2005G-0013956-0015043 the french resistance and of course the drama from one story about an abattoir choice in other domains the world global communications 
LOG (lattice-best-path:main():lattice-best-path.cc:99) For utterance BarrySchwartz_2005G-0015043-0016393, best cost 294.927 + 9210.2 = 9505.12 over 1348 frames.
BarrySchwartz_2005G-0015043-0016393 there was a time when i was a boy when you can get any kind of water shortages was came from although you read it or forty gigabyte or consequences that by the way this before never broke and rome 
LOG (lattice-best-path:main():lattice-best-path.cc:99) For utterance BarrySchwartz_2005G-0016393-0017265, best cost 187.772 + 5944.98 = 6132.75 over 870 frames.
BarrySchwartz_2005G-0016393-0017265 those days are now we now have an almost unlimited variety of forms especially the world cellphones use their cell phones in the future 
LOG (lattice-best-path:main():lattice-best-path.cc:99) For utterance BarrySchwartz_2005G-0017265-0017960, best cost 134.176 + 4803.51 = 4937.69 over 693 frames.
BarrySchwartz_2005G-0017265-0017960 but there is a minority mp three player knows her children properly torch added 
LOG (lattice-best-path:main():lattice-best-path.cc:99) For utterance BarrySchwartz_2005G-0018189-0019251, best cost 243.578 + 7433.81 = 7677.39 over 1060 frames.
BarrySchwartz_2005G-0018189-0019251 if i suggest you haven't seen many years forget you can rest assured that one day shoot you well what is that these people talking to their scores asking this question 
LOG (lattice-best-path:main():lattice-best-path.cc:99) For utterance BarrySchwartz_2005G-0019251-0020164, best cost 159.37 + 6214.45 = 6373.82 over 911 frames.
BarrySchwartz_2005G-0019251-0020164 and you know the answer to this question now is the answer is no it is not possible to myself a little bit too much so 
LOG (lattice-best-path:main():lattice-best-path.cc:99) For utterance BarrySchwartz_2005G-0020164-0021506, best cost 255.893 + 9136.68 = 9392.57 over 1340 frames.
BarrySchwartz_2005G-0020164-0021506 in other aspects of life in a much more significant than now buying things the same extortion of choices for healthcare is more vacation united states thank you 
LOG (lattice-best-path:main():lattice-best-path.cc:99) For utterance BarrySchwartz_2005G-0021506-0022404, best cost 216.43 + 6238.38 = 6454.81 over 896 frames.
BarrySchwartz_2005G-0021506-0022404 but the doctrine of that tells you what to do instead you go to the doctor to doctor tells you a weekend away we can do the same as these benefits 
LOG (lattice-best-path:main():lattice-best-path.cc:99) For utterance BarrySchwartz_2005G-0022404-0023325, best cost 165.375 + 6100.93 = 6266.3 over 919 frames.
BarrySchwartz_2005G-0022404-0023325 any risks because these benefits and risks we wanted to finish a box which i do in the boxes 
LOG (lattice-best-path:main():lattice-best-path.cc:99) For utterance BarrySchwartz_2005G-0023325-0024559, best cost 221.197 + 8177.98 = 8399.18 over 1232 frames.
BarrySchwartz_2005G-0023325-0024559 they have these benefits and risks and because these benefits risks when you what do you say if you worry about what would you do the boxes barack obama 
LOG (lattice-best-path:main():lattice-best-path.cc:99) For utterance BarrySchwartz_2005G-0024559-0026795, best cost 497.665 + 15721.6 = 16219.3 over 2234 frames.
BarrySchwartz_2005G-0024559-0026795 and the result is we caucasians autonomy which makes it sound like a good thing when religious shifting of government responsible for decision making and somebody you know something they wurzelbacher somebody who knows nothing of the culturally sick and often the best they can be making decisions made by the patient now there's enormous marketing of prescription drugs 
LOG (lattice-best-path:main():lattice-best-path.cc:99) For utterance BarrySchwartz_2005G-0026795-0028208, best cost 299.222 + 9833.38 = 10132.6 over 1411 frames.
BarrySchwartz_2005G-0026795-0028208 people like you and me which if you think about it makes no sense last weekend i know what the market as if we combine them ensures that dates back to support for the next morning and ask for politicians to be changed 
LOG (lattice-best-path:main():lattice-best-path.cc:99) For utterance BarrySchwartz_2005G-0028208-0029108, best cost 147.224 + 6032.16 = 6179.39 over 898 frames.
BarrySchwartz_2005G-0028208-0029108 something as dramatic as our identity is now become a matter of choice now this slide 
LOG (lattice-best-path:main():lattice-best-path.cc:99) For utterance BarrySchwartz_2005G-0029108-0030333, best cost 299.499 + 8600.39 = 8899.89 over 1223 frames.
BarrySchwartz_2005G-0029108-0030333 is that you were convicted we get away with her identity we get one that we get reinvent ourselves as often as we like an amazing every day when you wake up in the morning you have to decide what kind of person 
LOG (lattice-best-path:main():lattice-best-path.cc:99) For utterance BarrySchwartz_2005G-0030333-0030923, best cost 91.8072 + 3922.77 = 4014.58 over 588 frames.
BarrySchwartz_2005G-0030333-0030923 you will be an encounter with respect to marriage and family 
LOG (lattice-best-path:main():lattice-best-path.cc:99) For utterance BarrySchwartz_2005G-0030923-0032176, best cost 257.774 + 8583 = 8840.78 over 1251 frames.
BarrySchwartz_2005G-0030923-0032176 there was a time when the default assumption that almost everyone has to be the various initiatives and you start having physicians you turn up the only real choice was cool 
LOG (lattice-best-path:main():lattice-best-path.cc:99) For utterance BarrySchwartz_2005G-0032176-0033102, best cost 182.404 + 6392.24 = 6574.65 over 924 frames.
BarrySchwartz_2005G-0032176-0033102 darwin and that when you do that nowadays everything is very much a threat to teach wonderfully intelligence tunes 
LOG (lattice-best-path:main():lattice-best-path.cc:99) For utterance BarrySchwartz_2005G-0033102-0034166, best cost 234.304 + 7390.89 = 7625.19 over 1062 frames.
BarrySchwartz_2005G-0033102-0034166 and so i assign twenty percent which would provide issue is that because there was worse to stop because there was a legend it's because they are preoccupied 
LOG (lattice-best-path:main():lattice-best-path.cc:99) For utterance BarrySchwartz_2005G-0034166-0034940, best cost 185.411 + 5402.65 = 5588.06 over 772 frames.
BarrySchwartz_2005G-0034166-0034940 asking themselves should i get married or not to get carried out within hours later she might have to search for for your first 
LOG (lattice-best-path:main():lattice-best-path.cc:99) For utterance BarrySchwartz_2005G-0034940-0036185, best cost 254.141 + 8807.12 = 9061.26 over 1243 frames.
BarrySchwartz_2005G-0034940-0036185 all these are consuming passion and dedication these questions whether or not it means that we all work i decided not to integrate workforce and indeed they should be shared with questions to answer 
LOG (lattice-best-path:main():lattice-best-path.cc:99) For utterance BarrySchwartz_2005G-0036404-0036516, best cost 17.3955 + 700.01 = 717.405 over 110 frames.
BarrySchwartz_2005G-0036404-0036516 work 
LOG (lattice-best-path:main():lattice-best-path.cc:99) For utterance BarrySchwartz_2005G-0036516-0037766, best cost 221.721 + 8541.04 = 8762.77 over 1248 frames.
BarrySchwartz_2005G-0036516-0037766 we are blessed squirrels pointed out with the technology that enables us to work every minute of every day from a place on the planet except the remote control 
LOG (lattice-best-path:main():lattice-best-path.cc:99) For utterance BarrySchwartz_2005G-0038294-0039241, best cost 223.027 + 6556.37 = 6779.4 over 945 frames.
BarrySchwartz_2005G-0038294-0039241 there is one quarter by the way the amount of time by labour you actually rather already have won five words but i knew that i will use it on 
LOG (lattice-best-path:main():lattice-best-path.cc:99) For utterance BarrySchwartz_2005G-0039241-0040156, best cost 191.206 + 6482.45 = 6673.65 over 913 frames.
BarrySchwartz_2005G-0039241-0040156 so what this means is incredible freedom of choice reactors that work is that we have to make decisions again and again and again about whether 
LOG (lattice-best-path:main():lattice-best-path.cc:99) For utterance BarrySchwartz_2005G-0040156-0041465, best cost 279.543 + 9256.01 = 9535.55 over 1307 frames.
BarrySchwartz_2005G-0040156-0041465 we should or shouldn't be working within which are simply shorter than we ever so for a woman and a black bear market there's a laptop is only artworks even if they all show off 
LOG (lattice-best-path:main():lattice-best-path.cc:99) For utterance BarrySchwartz_2005G-0041465-0042097, best cost 132.972 + 4478.09 = 4611.06 over 630 frames.
BarrySchwartz_2005G-0041465-0042097 every network articulate soccer game we are also less your social activists 
LOG (lattice-best-path:main():lattice-best-path.cc:99) For utterance BarrySchwartz_2005G-0042097-0043255, best cost 244.94 + 8081 = 8325.94 over 1156 frames.
BarrySchwartz_2005G-0042097-0043255 so far cultures part of the scheme oceanographers whether anybody asked the question is no it's certainly going to make a series of your kids are in very different languages 
LOG (lattice-best-path:main():lattice-best-path.cc:99) For utterance BarrySchwartz_2005G-0043255-0044538, best cost 233.221 + 8851.6 = 9084.82 over 1281 frames.
BarrySchwartz_2005G-0043255-0044538 so everywhere we look on the basis of small things that are all things a little things like is a matter of choice and will use all of them look like this 
LOG (lattice-best-path:main():lattice-best-path.cc:99) For utterance BarrySchwartz_2005G-0044742-0045623, best cost 189.894 + 6087.21 = 6277.11 over 879 frames.
BarrySchwartz_2005G-0044742-0045623 that is to say they were some choices but not everything was a matter of choice in the world without leaving looks like this and the question is 
LOG (lattice-best-path:main():lattice-best-path.cc:99) For utterance BarrySchwartz_2005G-0045623-0046263, best cost 71.8825 + 4116.72 = 4188.6 over 638 frames.
BarrySchwartz_2005G-0045623-0046263 this is good news bad news and the answer is yes 
LOG (lattice-best-path:main():lattice-best-path.cc:99) For utterance BarrySchwartz_2005G-0046554-0047602, best cost 189.048 + 7220.65 = 7409.7 over 1046 frames.
BarrySchwartz_2005G-0046554-0047602 we all know what's good about trying to talk about what they're about all this choice has two facts to begin with its own people 
LOG (lattice-best-path:main():lattice-best-path.cc:99) For utterance BarrySchwartz_2005G-0047602-0048920, best cost 234.603 + 9000.53 = 9235.13 over 1316 frames.
BarrySchwartz_2005G-0047602-0048920 what effect paradoxically is that produces promises rather than a brush with so many options to choose from people find it very difficult issues at all 
LOG (lattice-best-path:main():lattice-best-path.cc:99) For utterance BarrySchwartz_2005G-0048920-0050062, best cost 230.181 + 7835.46 = 8065.64 over 1140 frames.
BarrySchwartz_2005G-0048920-0050062 i'll give you one very dramatic example of this study the wisdom of all investments in now voluntary retirement plans a colleague of mine got access to 
LOG (lattice-best-path:main():lattice-best-path.cc:99) For utterance BarrySchwartz_2005G-0050177-0051115, best cost 223.508 + 6544.14 = 6767.65 over 936 frames.
BarrySchwartz_2005G-0050177-0051115 the best records from bangor these gigantic often probably about a million employees about two thousand for work which is what she found is that 
LOG (lattice-best-path:main():lattice-best-path.cc:99) For utterance BarrySchwartz_2005G-0051115-0051894, best cost 149.995 + 5377.17 = 5527.17 over 777 frames.
BarrySchwartz_2005G-0051115-0051894 for every ten mutual funds that were offered with participation went down two percent 
LOG (lattice-best-path:main():lattice-best-path.cc:99) For utterance BarrySchwartz_2005G-0051894-0054066, best cost 408.024 + 14996.2 = 15404.2 over 2170 frames.
BarrySchwartz_2005G-0051894-0054066 your for fifty pounds ten percent fewer employees participate if you will to fight why because with his response to choose from its own damn hard to decide which one to choose and you just awful tomorrow and tomorrow and tomorrow and tomorrow and tomorrow and of course the participants 
LOG (lattice-best-path:main():lattice-best-path.cc:99) For utterance BarrySchwartz_2005G-0054066-0055420, best cost 277.988 + 9626.41 = 9904.4 over 1352 frames.
BarrySchwartz_2005G-0054066-0055420 i understand that not only does this mean that you've already got one their party doesn't have enough money to work it also means that made the decision so hard to pass up significant economic framing store 
LOG (lattice-best-path:main():lattice-best-path.cc:99) For utterance BarrySchwartz_2005G-0055420-0056869, best cost 304.863 + 10111.8 = 10416.6 over 1447 frames.
BarrySchwartz_2005G-0055420-0056869 by not participating they're passionate as much as five thousand dollars a year from the court would happily better product joe kraus says is a consequence of having too many choices anything that makes the world look like this 
LOG (lattice-best-path:main():lattice-best-path.cc:99) For utterance BarrySchwartz_2005G-0057498-0058253, best cost 169.213 + 5408.1 = 5577.32 over 753 frames.
BarrySchwartz_2005G-0057498-0058253 you really want to get the decision right in detroit really right you know what the provision for the broad shoulders 
LOG (lattice-best-path:main():lattice-best-path.cc:99) For utterance BarrySchwartz_2005G-0058253-0059016, best cost 141.39 + 5317.65 = 5459.04 over 761 frames.
BarrySchwartz_2005G-0058253-0059016 so that within sight of the fact is that even if we manage to overcome the process and make choices 
LOG (lattice-best-path:main():lattice-best-path.cc:99) For utterance BarrySchwartz_2005G-0059016-0060008, best cost 186.663 + 6794.66 = 6981.32 over 990 frames.
BarrySchwartz_2005G-0059016-0060008 windows were satisfied with the results of the choice then we would be if we have fewer options situation there are several reasons for this 
LOG (lattice-best-path:main():lattice-best-path.cc:99) For utterance BarrySchwartz_2005G-0060008-0061247, best cost 284.524 + 8714.5 = 8999.02 over 1237 frames.
BarrySchwartz_2005G-0060008-0061247 one of them is that we know what a difference that addresses issues from if you bought one is not perfect and it works out to see is it's easy to imagine that you could have made a different choice that would have been better 
LOG (lattice-best-path:main():lattice-best-path.cc:99) For utterance BarrySchwartz_2005G-0061247-0062516, best cost 222.119 + 8708.81 = 8930.93 over 1267 frames.
BarrySchwartz_2005G-0061247-0062516 and what happens is this imagined alternative and insecurity decision you make and his restaurant in the sense that you get better decision making it was a decision 
LOG (lattice-best-path:main():lattice-best-path.cc:99) For utterance BarrySchwartz_2005G-0062516-0063239, best cost 132.763 + 5037.03 = 5169.8 over 721 frames.
BarrySchwartz_2005G-0062516-0063239 the more options are forty years or write anything at all was disappointed about architecture 
LOG (lattice-best-path:main():lattice-best-path.cc:99) For utterance BarrySchwartz_2005G-0063239-0064442, best cost 252.767 + 8468.14 = 8720.91 over 1201 frames.
BarrySchwartz_2005G-0063239-0064442 second what economists call opportunity cost the government and the quickest way of talking about how how much over the way in which we find things that is what we compare them to 
LOG (lattice-best-path:main():lattice-best-path.cc:99) For utterance BarrySchwartz_2005G-0064442-0065375, best cost 183.759 + 6503 = 6686.75 over 931 frames.
BarrySchwartz_2005G-0064442-0065375 well what are lots of alternatives to consider is easy to imagine the attractive features of alternative venue reject 
LOG (lattice-best-path:main():lattice-best-path.cc:99) For utterance BarrySchwartz_2005G-0065517-0066069, best cost 108.236 + 3781.01 = 3889.25 over 550 frames.
BarrySchwartz_2005G-0065517-0066069 and that maybe you were satisfied with the alternative that shows you some examples 
LOG (lattice-best-path:main():lattice-best-path.cc:99) For utterance BarrySchwartz_2005G-0066069-0066421, best cost 60.7792 + 2358.16 = 2418.94 over 350 frames.
BarrySchwartz_2005G-0066069-0066421 for those of you on your side pocket 
LOG (lattice-best-path:main():lattice-best-path.cc:99) For utterance BarrySchwartz_2005G-0066421-0067741, best cost 287.613 + 9264.43 = 9552.04 over 1318 frames.
BarrySchwartz_2005G-0066421-0067741 but it was supposed to be thinking irresistible on manhattan's very expensive real estate or just each beautiful they may have also themselves what could be better well there because i think it's august 
LOG (lattice-best-path:main():lattice-best-path.cc:99) For utterance BarrySchwartz_2005G-0067741-0068445, best cost 142.489 + 4873.92 = 5016.41 over 702 frames.
BarrySchwartz_2005G-0067741-0068445 everybody in my manhattan neighborhood is the way i can keep working right in front of my boots 
LOG (lattice-best-path:main():lattice-best-path.cc:99) For utterance BarrySchwartz_2005G-0068445-0069441, best cost 180.287 + 6868.53 = 7048.81 over 994 frames.
BarrySchwartz_2005G-0068445-0069441 and he spends two weeks made by the idea that is missing the opportunity day after day to have a great purpose 
LOG (lattice-best-path:main():lattice-best-path.cc:99) For utterance BarrySchwartz_2005G-0069441-0070466, best cost 206.433 + 7171.94 = 7378.38 over 1023 frames.
BarrySchwartz_2005G-0069441-0070466 opportunity cost stratford dissatisfaction with a lot of what we choose even when we choose a church and more options there are considered 
LOG (lattice-best-path:main():lattice-best-path.cc:99) For utterance BarrySchwartz_2005G-0070466-0071150, best cost 157.004 + 4778.22 = 4935.22 over 682 frames.
BarrySchwartz_2005G-0070466-0071150 the more attractive features of these options are going to be reflected biases opportunity cost is another trap 
LOG (lattice-best-path:main():lattice-best-path.cc:99) For utterance BarrySchwartz_2005G-0071609-0072731, best cost 261.867 + 7919.91 = 8181.78 over 1120 frames.
BarrySchwartz_2005G-0071609-0072731 now that it is far too disappointed exploitable living in the moment as well and probably about giving slowly but one point to make is that whenever you're choosing one opinion 
LOG (lattice-best-path:main():lattice-best-path.cc:99) For utterance BarrySchwartz_2005G-0072731-0073478, best cost 171.829 + 5241.05 = 5412.87 over 745 frames.
BarrySchwartz_2005G-0072731-0073478 choosing not to do other things and those are the things we have lots of attractive features is that they were doing was trying to work 
LOG (lattice-best-path:main():lattice-best-path.cc:99) For utterance BarrySchwartz_2005G-0073478-0074419, best cost 196.68 + 6529.71 = 6726.39 over 939 frames.
BarrySchwartz_2005G-0073478-0074419 escalation of expectations basically when i went to replace my genes which is also time and there was a time when she said it was later 
LOG (lattice-best-path:main():lattice-best-path.cc:99) For utterance BarrySchwartz_2005G-0074419-0075648, best cost 278.207 + 8682.63 = 8960.84 over 1227 frames.
BarrySchwartz_2005G-0074419-0075648 the new ball or anything like that they're incredibly uncomfortable if you were one of the worst of the lot of different things you will pay someone to replace my genes and years and years of words on one side by side 
LOG (lattice-best-path:main():lattice-best-path.cc:99) For utterance BarrySchwartz_2005G-0075648-0077665, best cost 424.38 + 14097.4 = 14521.8 over 2015 frames.
BarrySchwartz_2005G-0075648-0077665 the weather changes the size of the shopkeeper said you want something easy thing to realize that you would acquire shepherds why he was so widespread support you want to stress you can copy what the problem lies with my jaw dropped after a crisis what crimes they used to be your car 
LOG (lattice-best-path:main():lattice-best-path.cc:99) For utterance BarrySchwartz_2005G-0078109-0078372, best cost 46.7899 + 1761.54 = 1808.33 over 261 frames.
BarrySchwartz_2005G-0078109-0078372 he had no idea what that was 
LOG (lattice-best-path:main():lattice-best-path.cc:99) For utterance BarrySchwartz_2005G-0078372-0079678, best cost 271.004 + 9068.99 = 9340 over 1304 frames.
BarrySchwartz_2005G-0078372-0079678 so i said well we're trying to always think she's a network of supporters with the best thing she's i had ever and i'd be better all his choice made it possible for me to do better 
LOG (lattice-best-path:main():lattice-best-path.cc:99) For utterance BarrySchwartz_2005G-0079678-0080552, best cost 140.162 + 5906.44 = 6046.6 over 872 frames.
BarrySchwartz_2005G-0079678-0080552 but i felt which wine or a whole book to try to squeeze to myself 
LOG (lattice-best-path:main():lattice-best-path.cc:99) For utterance BarrySchwartz_2005G-0080992-0082076, best cost 199.627 + 7533.88 = 7733.51 over 1082 frames.
BarrySchwartz_2005G-0080992-0082076 the reason i felt worse is that we have all these options available my expectations about how good a pair of changing the way up 
LOG (lattice-best-path:main():lattice-best-path.cc:99) For utterance BarrySchwartz_2005G-0082076-0083475, best cost 303.442 + 9928.39 = 10231.8 over 1397 frames.
BarrySchwartz_2005G-0082076-0083475 i had very little to no particular expectations for the weekend once we were working together flavors that a woman should understand why there was good but wasn't perfect and so i compare what i got all excited 
LOG (lattice-best-path:main():lattice-best-path.cc:99) For utterance BarrySchwartz_2005G-0083475-0084041, best cost 123.662 + 3997.08 = 4120.74 over 564 frames.
BarrySchwartz_2005G-0083475-0084041 when i got was disappointing in comparison to what i expected any options to people's lives 
LOG (lattice-best-path:main():lattice-best-path.cc:99) For utterance BarrySchwartz_2005G-0084041-0085502, best cost 316.086 + 10337.2 = 10653.3 over 1459 frames.
BarrySchwartz_2005G-0084041-0085502 it hopes to increase the expectations people have about how good those options will be the one that would reduce his life satisfaction with with results the weather conditions nobody in the world of marketing noses 
LOG (lattice-best-path:main():lattice-best-path.cc:99) For utterance BarrySchwartz_2005G-0085502-0085781, best cost 33.9317 + 1894.14 = 1928.08 over 277 frames.
BarrySchwartz_2005G-0085502-0085781 but if they did 
LOG (lattice-best-path:main():lattice-best-path.cc:99) For utterance BarrySchwartz_2005G-0085781-0086326, best cost 83.8356 + 3633.89 = 3717.73 over 543 frames.
BarrySchwartz_2005G-0085781-0086326 you will know what this is about the truth is more like this 
LOG (lattice-best-path:main():lattice-best-path.cc:99) For utterance BarrySchwartz_2005G-0086674-0087775, best cost 246.847 + 7865.32 = 8112.17 over 1099 frames.
BarrySchwartz_2005G-0086674-0087775 the reason that everything was better than when everything was worse is that when everything was of course it was actually possible for people to have experiences that were present products 
LOG (lattice-best-path:main():lattice-best-path.cc:99) For utterance BarrySchwartz_2005G-0087775-0088887, best cost 233.869 + 7814.52 = 8048.39 over 1110 frames.
BarrySchwartz_2005G-0087775-0088887 nowadays the world we live in a way that would industrialize citizens with perfection expectation the best you can ever hope for is that was supposed to be just the ticket 
LOG (lattice-best-path:main():lattice-best-path.cc:99) For utterance BarrySchwartz_2005G-0088887-0090231, best cost 251.136 + 9276.21 = 9527.34 over 1342 frames.
BarrySchwartz_2005G-0088887-0090231 you will never be pleasantly surprised because your expectations were expectations about the group the secret to happiness as we're talking for the secret of happiness is low expectations 
LOG (lattice-best-path:main():lattice-best-path.cc:99) For utterance BarrySchwartz_2005G-0091167-0092769, best cost 287.952 + 11078.2 = 11366.1 over 1600 frames.
BarrySchwartz_2005G-0091167-0092769 i would say just one of them will fire at the moment that i actually rather too wide and which is really quite wonderful i could have done better in itself but so is the most vexing problem 
LOG (lattice-best-path:main():lattice-best-path.cc:99) For utterance BarrySchwartz_2005G-0092769-0094116, best cost 281.464 + 9579.6 = 9861.07 over 1345 frames.
BarrySchwartz_2005G-0092769-0094116 one consequence of beiderbecke anchorages when there's only one kind of like is that when you were dissatisfied and was widely as possible the answer is we are the world just what would you do 
LOG (lattice-best-path:main():lattice-best-path.cc:99) For utterance BarrySchwartz_2005G-0094116-0095401, best cost 252.574 + 8937.84 = 9190.42 over 1283 frames.
BarrySchwartz_2005G-0094116-0095401 when there are hundreds of diversity is available and you by one that is disappointing that u.s. wireless as possible is equally if we are to be asked the question is you 
LOG (lattice-best-path:main():lattice-best-path.cc:99) For utterance BarrySchwartz_2005G-0095401-0096794, best cost 271.462 + 9776.12 = 10047.6 over 1391 frames.
BarrySchwartz_2005G-0095401-0096794 you could have done better with about one hundred different ideas on display there's no excuse for failure and so when people make decisions and even more voters also decisions for what they feel disappointed 
LOG (lattice-best-path:main():lattice-best-path.cc:99) For utterance BarrySchwartz_2005G-0096794-0099151, best cost 504.948 + 16613.8 = 17118.8 over 2355 frames.
BarrySchwartz_2005G-0096794-0099151 about out between themselves clinical depression has exploded in industry worldwide generation i believe is significant that the only been a significant contributor to this explosion of depression and also suicide is that people have experience as disappointing as educators is alive and then what happens when the disgraced themselves they think they are at fault 
LOG (lattice-best-path:main():lattice-best-path.cc:99) For utterance BarrySchwartz_2005G-0099151-0099870, best cost 141.909 + 4914.32 = 5056.23 over 717 frames.
BarrySchwartz_2005G-0099151-0099870 and so the net result is that we do better temple in general objectively we feel worse 
LOG (lattice-best-path:main():lattice-best-path.cc:99) For utterance BarrySchwartz_2005G-0099870-0100615, best cost 123.759 + 4990.26 = 5114.02 over 743 frames.
BarrySchwartz_2005G-0099870-0100615 so let me remind you this is the official forum where we all pay to be true 
LOG (lattice-best-path:main():lattice-best-path.cc:99) For utterance BarrySchwartz_2005G-0100615-0101431, best cost 127.441 + 5371.72 = 5499.16 over 814 frames.
BarrySchwartz_2005G-0100615-0101431 and it all falls is not true there's no question that some choices better than others 
LOG (lattice-best-path:main():lattice-best-path.cc:99) For utterance BarrySchwartz_2005G-0101431-0102631, best cost 254.076 + 8388.44 = 8642.52 over 1198 frames.
BarrySchwartz_2005G-0101431-0102631 but it doesn't format and more choices better than some chose this a medical marijuana is utterly confident that we have long since passed the point where options improve 
LOG (lattice-best-path:main():lattice-best-path.cc:99) For utterance BarrySchwartz_2005G-0102631-0103651, best cost 191.7 + 6941.62 = 7133.32 over 1018 frames.
BarrySchwartz_2005G-0102631-0103651 our welfare now has a policy marathon is a policy that are the thing to think about is what enables all this choice 
LOG (lattice-best-path:main():lattice-best-path.cc:99) For utterance BarrySchwartz_2005G-0103651-0104500, best cost 172.972 + 5774.21 = 5947.18 over 847 frames.
BarrySchwartz_2005G-0103651-0104500 in augusta societies is that your wackos there are lots of places in the world we've heard about several of them 
LOG (lattice-best-path:main():lattice-best-path.cc:99) For utterance BarrySchwartz_2005G-0104500-0105476, best cost 222.744 + 6899.41 = 7122.16 over 974 frames.
BarrySchwartz_2005G-0104500-0105476 well the problem is not that they have too much choice their problems that they have to local services i'm talking about is the peculiar problem of modern 
LOG (lattice-best-path:main():lattice-best-path.cc:99) For utterance BarrySchwartz_2005G-0105483-0106567, best cost 211.269 + 7492.55 = 7703.82 over 1082 frames.
BarrySchwartz_2005G-0105483-0106567 at ford western societies was so frustrated during this is the one that got yesterday about how this expensive and difficult ones so 
LOG (lattice-best-path:main():lattice-best-path.cc:99) For utterance BarrySchwartz_2005G-0106690-0107078, best cost 58.1629 + 2599.11 = 2657.27 over 386 frames.
BarrySchwartz_2005G-0106690-0107078 his constituency both hope 
LOG (lattice-best-path:main():lattice-best-path.cc:99) For utterance BarrySchwartz_2005G-0107078-0108308, best cost 235.178 + 8549.92 = 8785.1 over 1228 frames.
BarrySchwartz_2005G-0107078-0108308 it's a waste of money what i'm telling you is that these expensive complicated choices is not simply that they don't hope that we heard that we may get worse 
LOG (lattice-best-path:main():lattice-best-path.cc:99) For utterance BarrySchwartz_2005G-0108308-0109445, best cost 226.942 + 7806.68 = 8033.62 over 1135 frames.
BarrySchwartz_2005G-0108308-0109445 or if some of what makes people in our society to make all the choices we make we're shifted to societies in which people have too few options 
LOG (lattice-best-path:main():lattice-best-path.cc:99) For utterance BarrySchwartz_2005G-0109445-0110503, best cost 227.058 + 7583.86 = 7810.92 over 1056 frames.
BarrySchwartz_2005G-0109445-0110503 now one of those people i speak truth to power could be improved also is what economists call prego improving low income redistribution will make everyone 
LOG (lattice-best-path:main():lattice-best-path.cc:99) For utterance BarrySchwartz_2005G-0110503-0111279, best cost 130.138 + 5277.66 = 5407.8 over 774 frames.
BarrySchwartz_2005G-0110503-0111279 there was just forty because of the homeless registers points so to conclude 
LOG (lattice-best-path:main():lattice-best-path.cc:99) For utterance BarrySchwartz_2005G-0111279-0112192, best cost 182.559 + 6260.26 = 6442.82 over 911 frames.
BarrySchwartz_2005G-0111279-0112192 it's a story this cartoon and a sophisticated person say what is just to show you know that it is possible that this fall 
LOG (lattice-best-path:main():lattice-best-path.cc:99) For utterance BarrySchwartz_2005G-0112295-0113151, best cost 192.414 + 6009.36 = 6201.78 over 854 frames.
BarrySchwartz_2005G-0112295-0113151 in part the imagination myopic view the world and that's where the first with obama however the more i came to the view that is 
LOG (lattice-best-path:main():lattice-best-path.cc:99) For utterance BarrySchwartz_2005G-0113151-0114308, best cost 205.045 + 7872.82 = 8077.87 over 1155 frames.
BarrySchwartz_2005G-0113151-0114308 this notion that the truth of the matter is that if you share a fishbowl so that everything is possible you have freedom you have grounds 
LOG (lattice-best-path:main():lattice-best-path.cc:99) For utterance BarrySchwartz_2005G-0114308-0115008, best cost 130.186 + 4714.03 = 4844.22 over 698 frames.
BarrySchwartz_2005G-0114308-0115008 if you share this fish also that everything is possible you decrease satisfaction 
LOG (lattice-best-path:main():lattice-best-path.cc:99) For utterance BarrySchwartz_2005G-0115008-0115842, best cost 180.081 + 5753.32 = 5933.4 over 832 frames.
BarrySchwartz_2005G-0115008-0115842 you increase for houses and decrease satisfaction everybody needs official this one is culturally two women 
LOG (lattice-best-path:main():lattice-best-path.cc:99) For utterance BarrySchwartz_2005G-0115842-0116905, best cost 217.83 + 7383.4 = 7601.23 over 1061 frames.
BarrySchwartz_2005G-0115842-0116905 perhaps even for the fish germany france and the absence of some of metaphor footballers recipe for misery and i suspect that thank you very much 
LOG (lattice-best-path:main():lattice-best-path.cc:99) For utterance BlaiseAguerayArcas_2007-0001220-0001572, best cost 63.2415 + 2377.93 = 2441.17 over 350 frames.
BlaiseAguerayArcas_2007-0001220-0001572 the issue for services to san francisco 
LOG (lattice-best-path:main():lattice-best-path.cc:99) For utterance BlaiseAguerayArcas_2007-0001572-0002425, best cost 187.158 + 5932.64 = 6119.8 over 851 frames.
BlaiseAguerayArcas_2007-0001572-0002425 this is a foundation for science and technology the deliberate microscopes proposition opens up your goal but this is the driving 
LOG (lattice-best-path:main():lattice-best-path.cc:99) For utterance BlaiseAguerayArcas_2007-0002425-0004061, best cost 325.705 + 11351.1 = 11676.8 over 1634 frames.
BlaiseAguerayArcas_2007-0002425-0004061 and at some point in which you can kind of nuclear more interactive vast amounts of the virtual world in many many gigabytes of competition photosynthesis in seamlessly into the criticism in an interesting ratio between us and them 
LOG (lattice-best-path:main():lattice-best-path.cc:99) For utterance BlaiseAguerayArcas_2007-0004061-0005460, best cost 288.929 + 9692.1 = 9981.03 over 1397 frames.
BlaiseAguerayArcas_2007-0004061-0005460 it doesn't matter how much information multiple babies collections are or how these images are animals that are very difficult for us to this point is of course a self-employed recovers and southern africa but his life 
LOG (lattice-best-path:main():lattice-best-path.cc:99) For utterance BlaiseAguerayArcas_2007-0005460-0006285, best cost 185.813 + 5754.67 = 5940.48 over 823 frames.
BlaiseAguerayArcas_2007-0005460-0006285 but that doesn't make any difference because you think and talk to them and the performances like this one is markets on your screen at any given moment 
LOG (lattice-best-path:main():lattice-best-path.cc:99) For utterance BlaiseAguerayArcas_2007-0006285-0007452, best cost 220.241 + 7951.68 = 8171.93 over 1165 frames.
BlaiseAguerayArcas_2007-0006285-0007452 but it also reflects architecture those differences example phenomenon and that this is going to be close but because everybody colonisers chapter 
LOG (lattice-best-path:main():lattice-best-path.cc:99) For utterance BlaiseAguerayArcas_2007-0007452-0008335, best cost 183.242 + 6068.57 = 6251.81 over 881 frames.
BlaiseAguerayArcas_2007-0007452-0008335 and the truth to this is really takes more intimidating something like so utterly shows over the proposition that that's a picture 
LOG (lattice-best-path:main():lattice-best-path.cc:99) For utterance BlaiseAguerayArcas_2007-0008335-0009847, best cost 319.349 + 10497.9 = 10817.3 over 1510 frames.
BlaiseAguerayArcas_2007-0008335-0009847 only his second artificially sweetened you know the development of this isn't always the case as much as the guardian everyone watching this is the beginning of a section of his legacy and enjoying the experience of being told the newspaper for sharapova 
LOG (lattice-best-path:main():lattice-best-path.cc:99) For utterance BlaiseAguerayArcas_2007-0009847-0010886, best cost 206.056 + 7132.88 = 7338.94 over 1037 frames.
BlaiseAguerayArcas_2007-0009847-0010886 the magazine or newspaper which is incredibly stupid medium or possibly something with a quarter of those particular issues that are in the middle of the night 
LOG (lattice-best-path:main():lattice-best-path.cc:99) For utterance BlaiseAguerayArcas_2007-0010886-0012134, best cost 229.605 + 8617.94 = 8847.55 over 1246 frames.
BlaiseAguerayArcas_2007-0010886-0012134 this requires you to go ahead and what's going on here and we intend to continue the significance of this forty six years or older also or even the institutions 

gzip: gmm_recog/lat.1.gz: unexpected end of file
ERROR: VectorFst::Read: read failed: <unspecified>
WARNING (lattice-scale:ReadCompactLattice():kaldi-lattice.cc:351) Error reading compact lattice (after reading header).
WARNING (lattice-scale:Next():util/kaldi-table-inl.h:574) Object read failed, reading archive 'gunzip -c gmm_recog/lat.*.gz|'
LOG (lattice-scale:main():lattice-scale.cc:90) Done 164 lattices.
WARNING (lattice-scale:Close():kaldi-io.cc:501) Pipe gunzip -c gmm_recog/lat.*.gz| had nonzero return status 256
ERROR (lattice-scale:~SequentialTableReaderArchiveImpl():util/kaldi-table-inl.h:678) TableReader: error detected closing archive 'gunzip -c gmm_recog/lat.*.gz|'

[ Stack-Trace: ]
lattice-scale() [0x67967a]
kaldi::MessageLogger::HandleMessage(kaldi::LogMessageEnvelope const&, char const*)
kaldi::MessageLogger::~MessageLogger()
kaldi::SequentialTableReaderArchiveImpl<kaldi::CompactLatticeHolder>::~SequentialTableReaderArchiveImpl()
kaldi::SequentialTableReaderArchiveImpl<kaldi::CompactLatticeHolder>::~SequentialTableReaderArchiveImpl()
kaldi::SequentialTableReader<kaldi::CompactLatticeHolder>::~SequentialTableReader()
main
__libc_start_main
lattice-scale() [0x5927c9]

LOG (lattice-best-path:main():lattice-best-path.cc:99) For utterance BlaiseAguerayArcas_2007-0012134-0013412, best cost 246.67 + 8790.21 = 9036.88 over 1276 frames.
BlaiseAguerayArcas_2007-0012134-0013412 and as soon as we get some of these ideas that are really doing away with the windows limits on one zero zero that this isn't a moral philosopher wrote about the nursing home 
LOG (lattice-add-penalty:main():lattice-add-penalty.cc:62) Done adding word insertion penalty to 164 lattices.
LOG (lattice-best-path:main():lattice-best-path.cc:99) For utterance BlaiseAguerayArcas_2007-0013412-0014299, best cost 197.531 + 6342.65 = 6540.18 over 885 frames.
BlaiseAguerayArcas_2007-0013412-0014299 of course that is one of the strongest applications for stuart weitzman is alive in the sense that i wanted to say that we have things but as soon as well 
LOG (lattice-best-path:main():lattice-best-path.cc:124) Overall cost per frame is 7.2157 = 0.199484 [graph] + 7.01622 [acoustic] over 162327 frames.
LOG (lattice-best-path:main():lattice-best-path.cc:128) Done 164 lattices, failed for 0
# Accounting: time=228 threads=1
# Ended (code 0) at Mon Dec  5 17:10:00 EET 2016, elapsed time 228 seconds
