# lattice-scale --inv-acoustic-scale=8 "ark:gunzip -c gmm_recog/lat.*.gz|" ark:- | lattice-add-penalty --word-ins-penalty=0.5 ark:- ark:- | lattice-best-path --word-symbol-table=mono/graph/words.txt ark:- ark,t:- | utils/int2sym.pl -f 2- mono/graph/words.txt | cat > gmm_recog/scoring_kaldi/penalty_0.5/8.txt 
# Started at Mon Dec  5 17:06:12 EET 2016
#
lattice-add-penalty --word-ins-penalty=0.5 ark:- ark:- 
lattice-scale --inv-acoustic-scale=8 'ark:gunzip -c gmm_recog/lat.*.gz|' ark:- 
lattice-best-path --word-symbol-table=mono/graph/words.txt ark:- ark,t:- 
LOG (lattice-best-path:main():lattice-best-path.cc:99) For utterance AlGore_2009-0001304-0002346, best cost 259.664 + 13181.2 = 13440.9 over 1040 frames.
AlGore_2009-0001304-0002346 so these two slide said that demonstrate that your guys step which for most of the last three million years has been the size of the lower forty eight states a strong by forty percent 
LOG (lattice-best-path:main():lattice-best-path.cc:99) For utterance AlGore_2009-0002346-0004004, best cost 380.632 + 21057.2 = 21437.9 over 1656 frames.
AlGore_2009-0002346-0004004 but this understates the seriousness of this particular problem because it doesn't show the thickness of the ice your that ice cap is in a sense of the beating heart of the global climate system because there's anywhere and contract since about the bedside i'd show you will be 
LOG (lattice-best-path:main():lattice-best-path.cc:99) For utterance AlGore_2009-0004004-0005268, best cost 296.054 + 16108 = 16404.1 over 1262 frames.
AlGore_2009-0004004-0005268 but rapid transport of what happened over the last twenty five years the polymer biases more contract that as you see big expensive with or without the annual why someone on the contracts in summer 
LOG (lattice-best-path:main():lattice-best-path.cc:99) For utterance AlGore_2009-0005268-0006029, best cost 181.543 + 9728.09 = 9909.63 over 759 frames.
AlGore_2009-0005268-0006029 and the so called to minimize five years overall earnings is almost weibo weibo spilling out of the body here 
LOG (lattice-best-path:main():lattice-best-path.cc:99) For utterance AlGore_2009-0006260-0006905, best cost 135.094 + 8075.67 = 8210.77 over 643 frames.
AlGore_2009-0006260-0006905 in twenty five years it's gone from this the best this is a problem because the warming 
LOG (lattice-best-path:main():lattice-best-path.cc:99) For utterance AlGore_2009-0006905-0008633, best cost 422.86 + 22316.8 = 22739.6 over 1726 frames.
AlGore_2009-0006905-0008633 he stopped the frozen ground round your approaching four there's a massive amount of frozen carbon which one of force is turned into methane by microbes compared to the total amount of global warming pollution in the atmosphere that amount to double if we cross this tipping point 
LOG (lattice-best-path:main():lattice-best-path.cc:99) For utterance AlGore_2009-0008633-0009790, best cost 287.106 + 14883 = 15170.2 over 1155 frames.
AlGore_2009-0008633-0009790 already socialism last that methane is actively baldwin about the water that are to be water from the university of alaska without with another team to another shot late last month 
LOG (lattice-best-path:main():lattice-best-path.cc:99) For utterance AlGore_2009-0011068-0011830, best cost 182.226 + 9523.86 = 9706.09 over 760 frames.
AlGore_2009-0011068-0011830 he's ok the question is whether we will be and one reason is this enormous he'd city subway one from the north 
LOG (lattice-best-path:main():lattice-best-path.cc:99) For utterance AlGore_2009-0011830-0012659, best cost 202.116 + 9968.15 = 10170.3 over 827 frames.
AlGore_2009-0011830-0012659 this is an annual melting river but the volumes are much more true than ever this is the thing to say really southwest 
LOG (lattice-best-path:main():lattice-best-path.cc:99) For utterance AlGore_2009-0012659-0013511, best cost 207.76 + 10295.6 = 10503.3 over 850 frames.
AlGore_2009-0012659-0013511 when one is you would know how sea level rises from wednesday's ice melting this is where you three things to see these costs are increasing rapidly 
LOG (lattice-best-path:main():lattice-best-path.cc:99) For utterance AlGore_2009-0013511-0014534, best cost 281.154 + 13267.7 = 13548.9 over 1021 frames.
AlGore_2009-0013511-0014534 at the other end of the planet antarctica towards massa bias on the planet was mocked scientists are already at our common is now an edited by his balance and west antarctica 
LOG (lattice-best-path:main():lattice-best-path.cc:99) For utterance AlGore_2009-0014534-0015409, best cost 263.38 + 11304.4 = 11567.7 over 873 frames.
AlGore_2009-0014534-0015409 drop the bomb possible mercy iowans cues are subtly wrapped up in a small thing that's the call that we see the seal a talk at his credo 
LOG (lattice-best-path:main():lattice-best-path.cc:99) For utterance AlGore_2009-0015409-0016856, best cost 418.184 + 18879.9 = 19298.1 over 1445 frames.
AlGore_2009-0015409-0016856 in minimal is the third largest mass abayas at the top you see you lakes woodchip years ago or glaciers we personable people woman oregon health and treat more from a melting pot in the andes this glacier is a source of drinking water for the city 
LOG (lattice-best-path:main():lattice-best-path.cc:99) For utterance AlGore_2009-0016856-0018678, best cost 452.865 + 23149.6 = 23602.5 over 1820 frames.
AlGore_2009-0016856-0018678 the flows of increase but we may go away so this much to the bleeding or in california there's the four percent economists your smoke that this is in the browser wars and productions as you read or serious is trying to round the world has led to a dramatic increase in fires 
LOG (lattice-best-path:main():lattice-best-path.cc:99) For utterance AlGore_2009-0018678-0020516, best cost 355.211 + 23397.7 = 23752.9 over 1836 frames.
AlGore_2009-0018678-0020516 and the disasters all around the world have been increasing at an absolutely extraordinary an unprecedented rate four times as many in the last three years as in the previous seventy five this is a completely unsustainable and if you look at in the context of the street you can see 
LOG (lattice-best-path:main():lattice-best-path.cc:99) For utterance AlGore_2009-0020516-0020955, best cost 35.4538 + 5012.42 = 5047.87 over 437 frames.
AlGore_2009-0020516-0020955 what this is doing 
LOG (lattice-best-path:main():lattice-best-path.cc:99) For utterance AlGore_2009-0020955-0021791, best cost 191.715 + 10619.4 = 10811.2 over 834 frames.
AlGore_2009-0020955-0021791 in the last five years we batted seventy million tons of c o two every twenty four hours with five billion tons every day to the oceans 
LOG (lattice-best-path:main():lattice-best-path.cc:99) For utterance AlGore_2009-0021791-0022916, best cost 319.812 + 14592.6 = 14912.4 over 1123 frames.
AlGore_2009-0021791-0022916 look carefully at fury of abuse from the survey from the americas extending westwood and on either side of the indians upon up we're there's a radical that we have a bottoming in the oceans 
LOG (lattice-best-path:main():lattice-best-path.cc:99) For utterance AlGore_2009-0022916-0023668, best cost 172.601 + 9841.12 = 10013.7 over 750 frames.
AlGore_2009-0022916-0023668 the biggest single cause of global warming along with deforestation were just one person because the burning of fossil fuels was a product 
LOG (lattice-best-path:main():lattice-best-path.cc:99) For utterance AlGore_2009-0023668-0025415, best cost 412.634 + 22412.2 = 22824.8 over 1745 frames.
AlGore_2009-0023668-0025415 and call is the most serious prompt the united states is one of the two largest emitters along which on top and a proposal has been to build a lot more coal plants but we're beginning to see a sea change for the ones that have been tested in the west two years with a green alternatives to perform 
LOG (lattice-best-path:main():lattice-best-path.cc:99) For utterance AlGore_2009-0025415-0027030, best cost 326.218 + 20539.7 = 20865.9 over 1613 frames.
AlGore_2009-0025415-0027030 however there is a political battle in our country in the coal industries and we all must respect for the billion more some less counter your promoting we call which is an oxymoron that image reminded me of something 
LOG (lattice-best-path:main():lattice-best-path.cc:99) For utterance AlGore_2009-0027370-0028949, best cost 409.123 + 20633.3 = 21042.4 over 1577 frames.
AlGore_2009-0027370-0028949 one christmas in my home intimacy a billion gallons of course why it was that you probably saw it on the news this all over the country to sag awards we screened in america this abengoa brown christmas would be called industries that one christmas was of course 
LOG (lattice-best-path:main():lattice-best-path.cc:99) For utterance AlGore_2009-0030430-0031168, best cost 169.46 + 9010.94 = 9180.4 over 736 frames.
AlGore_2009-0030430-0031168 but the source of much of that no one was hurt in a more this amount of minor use the enigmatic all 
LOG (lattice-best-path:main():lattice-best-path.cc:99) For utterance AlGore_2009-0031304-0031979, best cost 124.66 + 8603.42 = 8728.08 over 673 frames.
AlGore_2009-0031304-0031979 the minister of torque nancy pelosi harry melanoma want to talk about 
LOG (lattice-best-path:main():lattice-best-path.cc:99) For utterance AlGore_2009-0031979-0032607, best cost 153.768 + 8000.11 = 8153.88 over 626 frames.
AlGore_2009-0031979-0032607 so the alliance for climate protection as wants the two campaigns this is so one of them or that one of them 
LOG (lattice-best-path:main():lattice-best-path.cc:99) For utterance AlGore_2009-0032607-0033881, best cost 308.002 + 16366.7 = 16674.7 over 1272 frames.
AlGore_2009-0032607-0033881 she we'd you climate change is a very serious threat to world as much as we made our primary goal to spend a large sum of money on any advertising efforts to bring out and complicate the truth about goals 
LOG (lattice-best-path:main():lattice-best-path.cc:99) For utterance AlGore_2009-0033881-0034242, best cost 81.2991 + 4426.47 = 4507.77 over 359 frames.
AlGore_2009-0033881-0034242 the scientists call history we did it clean 
LOG (lattice-best-path:main():lattice-best-path.cc:99) For utterance AlGore_2009-0034336-0034477, best cost 28.4467 + 1682.08 = 1710.53 over 139 frames.
AlGore_2009-0034336-0034477 so stay tuned 
LOG (lattice-best-path:main():lattice-best-path.cc:99) For utterance AlGore_2009-0034538-0035003, best cost 78.9 + 5450.93 = 5529.83 over 463 frames.
AlGore_2009-0034538-0035003 so don't worry about climate change and leave their loved ones 
LOG (lattice-best-path:main():lattice-best-path.cc:99) For utterance AlGore_2009-0035176-0035680, best cost 127.434 + 6732.73 = 6860.16 over 502 frames.
AlGore_2009-0035176-0035680 bingo added to the senate or the state jaqui calls this list 
LOG (lattice-best-path:main():lattice-best-path.cc:99) For utterance AlGore_2009-0035977-0036537, best cost 53.8594 + 7690.48 = 7744.34 over 558 frames.
AlGore_2009-0035977-0036537 aim is to do 
LOG (lattice-best-path:main():lattice-best-path.cc:99) For utterance AlGore_2009-0036643-0037401, best cost 29.7902 + 10767.2 = 10797 over 756 frames.
AlGore_2009-0036643-0037401 king 
LOG (lattice-best-path:main():lattice-best-path.cc:99) For utterance AlGore_2009-0037401-0037909, best cost 61.9993 + 6682.16 = 6744.16 over 506 frames.
AlGore_2009-0037401-0037909 that are competitive writing 
LOG (lattice-best-path:main():lattice-best-path.cc:99) For utterance AlGore_2009-0037909-0038534, best cost 132.62 + 8223.82 = 8356.44 over 623 frames.
AlGore_2009-0037909-0038534 finally the cost of alternative matches with economic challenge of our national security challenge 
LOG (lattice-best-path:main():lattice-best-path.cc:99) For utterance AlGore_2009-0038534-0039066, best cost 99.1154 + 6580.45 = 6679.57 over 530 frames.
AlGore_2009-0038534-0039066 there is his interests have issues if you hit lists 
LOG (lattice-best-path:main():lattice-best-path.cc:99) For utterance AlGore_2009-0039066-0039615, best cost 73.5466 + 7012.78 = 7086.32 over 547 frames.
AlGore_2009-0039066-0039615 the more prestigious convinced industry 
LOG (lattice-best-path:main():lattice-best-path.cc:99) For utterance AlGore_2009-0039615-0040079, best cost 52.7337 + 5777.43 = 5830.16 over 462 frames.
AlGore_2009-0039615-0040079 this has six holes 
LOG (lattice-best-path:main():lattice-best-path.cc:99) For utterance AlGore_2009-0040079-0040921, best cost 158.025 + 10844.9 = 11002.9 over 840 frames.
AlGore_2009-0040079-0040921 one hundred percent clean electricity to here's one in a hundred years after his horse who had stopped him 
LOG (lattice-best-path:main():lattice-best-path.cc:99) For utterance AlGore_2009-0040921-0041490, best cost 77.3543 + 7089.03 = 7166.38 over 567 frames.
AlGore_2009-0040921-0041490 five minutes leap forward in time of war 
LOG (lattice-best-path:main():lattice-best-path.cc:99) For utterance AlGore_2009-0041490-0041607, best cost 35.6812 + 1429.39 = 1465.07 over 115 frames.
AlGore_2009-0041490-0041607 as is the last one 
LOG (lattice-best-path:main():lattice-best-path.cc:99) For utterance AlGore_2009-0042315-0043056, best cost 157.409 + 8637.53 = 8794.94 over 739 frames.
AlGore_2009-0042315-0043056 about three hours and that no one has is wasted have evidence of all very few scheduling conflict 
LOG (lattice-best-path:main():lattice-best-path.cc:99) For utterance AlGore_2009-0043195-0043622, best cost 80.9066 + 5057.94 = 5138.84 over 425 frames.
AlGore_2009-0043195-0043622 you took over here with some of the new emerging threats 
LOG (lattice-best-path:main():lattice-best-path.cc:99) For utterance AlGore_2009-0043770-0044092, best cost 66.5263 + 3789.08 = 3855.6 over 320 frames.
AlGore_2009-0043770-0044092 new investments to create high paying jobs 
LOG (lattice-best-path:main():lattice-best-path.cc:99) For utterance AlGore_2009-0044281-0044591, best cost 64.0449 + 3601.19 = 3665.24 over 308 frames.
AlGore_2009-0044281-0044591 we power management and get real 
LOG (lattice-best-path:main():lattice-best-path.cc:99) For utterance AlGore_2009-0044591-0045669, best cost 210.53 + 13712.2 = 13922.8 over 1076 frames.
AlGore_2009-0044591-0045669 there's an old african proverb that says if you would go quickly gone if you would all four go together we need to go for what we 
LOG (lattice-best-path:main():lattice-best-path.cc:99) For utterance AlGore_2009-0045669-0045797, best cost 30.6707 + 1490.22 = 1520.89 over 126 frames.
AlGore_2009-0045669-0045797 i cover my 
LOG (lattice-best-path:main():lattice-best-path.cc:99) For utterance BarrySchwartz_2005G-0001224-0001955, best cost 177.057 + 8914.88 = 9091.93 over 729 frames.
BarrySchwartz_2005G-0001224-0001955 talk about some stuff that in his book of mine that i hope will resonate with other things that you've already heard about writer 
LOG (lattice-best-path:main():lattice-best-path.cc:99) For utterance BarrySchwartz_2005G-0001955-0002689, best cost 164.847 + 8706.48 = 8871.33 over 732 frames.
BarrySchwartz_2005G-0001955-0002689 make some connections myself in case you missed them but will start with what i call the official ball 
LOG (lattice-best-path:main():lattice-best-path.cc:99) For utterance BarrySchwartz_2005G-0002689-0003874, best cost 266.891 + 14122.7 = 14389.6 over 1183 frames.
BarrySchwartz_2005G-0002689-0003874 if you bought ofwat efficient all all for western industrial societies any official boras like this if we are interested in maximizing the welfare of our citizens 
LOG (lattice-best-path:main():lattice-best-path.cc:99) For utterance BarrySchwartz_2005G-0003874-0004912, best cost 188.579 + 12000.3 = 12188.8 over 1036 frames.
BarrySchwartz_2005G-0003874-0004912 the way to do that is to maximize individual freedom the reason for this is both that freedom is in and of itself goods 
LOG (lattice-best-path:main():lattice-best-path.cc:99) For utterance BarrySchwartz_2005G-0004912-0006224, best cost 319.918 + 15574.7 = 15894.6 over 1310 frames.
BarrySchwartz_2005G-0004912-0006224 the new ball worthwhile essential to be human and because if people have freedom then each of us can act on our own to do the things that all maximize our welfare no one has to decide on our behalf 
LOG (lattice-best-path:main():lattice-best-path.cc:99) For utterance BarrySchwartz_2005G-0006224-0007545, best cost 255.071 + 15085.6 = 15340.6 over 1319 frames.
BarrySchwartz_2005G-0006224-0007545 the way to maximise freedom is to maximise towards the more choice people have the more freedom they have and more freedom they have the more will further back 
LOG (lattice-best-path:main():lattice-best-path.cc:99) For utterance BarrySchwartz_2005G-0007545-0008962, best cost 209.975 + 16198.6 = 16408.6 over 1415 frames.
BarrySchwartz_2005G-0007545-0008962 this i think is so deeply embedded in the water supply that wouldn't occur to anyone to question it and it also deeply embedded in our lives 
LOG (lattice-best-path:main():lattice-best-path.cc:99) For utterance BarrySchwartz_2005G-0008962-0009855, best cost 172.396 + 10455.1 = 10627.5 over 891 frames.
BarrySchwartz_2005G-0008962-0009855 give you some examples of what modern progress has made possible for us this is my supermarket but such a big one 
LOG (lattice-best-path:main():lattice-best-path.cc:99) For utterance BarrySchwartz_2005G-0009855-0010532, best cost 182.06 + 8197.76 = 8379.82 over 675 frames.
BarrySchwartz_2005G-0009855-0010532 or assailants were about sow addressing a hundred seventy five soccer season was supermarket if you don't count 
LOG (lattice-best-path:main():lattice-best-path.cc:99) For utterance BarrySchwartz_2005G-0010532-0011842, best cost 317.256 + 15850.6 = 16167.8 over 1308 frames.
BarrySchwartz_2005G-0010532-0011842 that had better virtual worlds and will call center delivers you combine to make a very large number of your own so addresses the off chance that the other seventy five the store has to offer choo choo 
LOG (lattice-best-path:main():lattice-best-path.cc:99) For utterance BarrySchwartz_2005G-0011842-0012947, best cost 263.885 + 13406.9 = 13670.8 over 1103 frames.
BarrySchwartz_2005G-0011842-0012947 so this is what the shooter games like and then you go to the consumer electronics or the senate stereo system speaker cd player tape player to rapid fire and in his will 
LOG (lattice-best-path:main():lattice-best-path.cc:99) For utterance BarrySchwartz_2005G-0012947-0013956, best cost 183.462 + 11762.6 = 11946.1 over 1007 frames.
BarrySchwartz_2005G-0012947-0013956 single consumer electronics store there are that many stereo systems we can construct six and a half million 
LOG (lattice-best-path:main():lattice-best-path.cc:99) For utterance BarrySchwartz_2005G-0013956-0015043, best cost 227.305 + 12892.6 = 13119.9 over 1085 frames.
BarrySchwartz_2005G-0013956-0015043 the first resistance and components are on offer one store you gotta make that a wider choice in other domains the world global communications 
LOG (lattice-best-path:main():lattice-best-path.cc:99) For utterance BarrySchwartz_2005G-0015043-0016393, best cost 333.471 + 16062.4 = 16395.9 over 1348 frames.
BarrySchwartz_2005G-0015043-0016393 there was a time when i was a boy when you can get any control for search you want the swiss came from although you wreckage are forbidden by one consequence of that by the way is that before never broke and rome 
LOG (lattice-best-path:main():lattice-best-path.cc:99) For utterance BarrySchwartz_2005G-0016393-0017265, best cost 202.27 + 10383.8 = 10586.1 over 870 frames.
BarrySchwartz_2005G-0016393-0017265 those days are god we now have an almost unlimited variety of phones especially the world cellphones these are cellphones in the future 
LOG (lattice-best-path:main():lattice-best-path.cc:99) For utterance BarrySchwartz_2005G-0017265-0017960, best cost 148.701 + 8387.11 = 8535.81 over 693 frames.
BarrySchwartz_2005G-0017265-0017960 my favorite is the morning mp three player knows her chair and fairly torch added 
LOG (lattice-best-path:main():lattice-best-path.cc:99) For utterance BarrySchwartz_2005G-0018189-0019251, best cost 267.08 + 12978.9 = 13246 over 1060 frames.
BarrySchwartz_2005G-0018189-0019251 if by some chance you haven't seen added years forget you can rest assured that one day shoot you woke with his thousands of these people talking to their scores asking this question 
LOG (lattice-best-path:main():lattice-best-path.cc:99) For utterance BarrySchwartz_2005G-0019251-0020164, best cost 181.219 + 10845.8 = 11027.1 over 911 frames.
BarrySchwartz_2005G-0019251-0020164 and you know the answer to this question now is the answer is no it is not possible to buy soulful that goes into too much so 
LOG (lattice-best-path:main():lattice-best-path.cc:99) For utterance BarrySchwartz_2005G-0020164-0021506, best cost 269.163 + 15968.5 = 16237.6 over 1340 frames.
BarrySchwartz_2005G-0020164-0021506 in other aspects of life in a much more significant than now buying things the same topics portion of choice is true in health care is more vacation united states thank you 
LOG (lattice-best-path:main():lattice-best-path.cc:99) For utterance BarrySchwartz_2005G-0021506-0022404, best cost 228.339 + 10901.6 = 11129.9 over 896 frames.
BarrySchwartz_2005G-0021506-0022404 or the doctrine of that tells you what to do instead you go to the doctor in the market shows you a weekend away all we can do the same as these benefits 
LOG (lattice-best-path:main():lattice-best-path.cc:99) For utterance BarrySchwartz_2005G-0022404-0023325, best cost 198.237 + 10633.3 = 10831.6 over 919 frames.
BarrySchwartz_2005G-0022404-0023325 and each risks the huskies benefits and each risks when you were a kid and you say box which i do in the boxes 
LOG (lattice-best-path:main():lattice-best-path.cc:99) For utterance BarrySchwartz_2005G-0023325-0024559, best cost 259.867 + 14256.3 = 14516.2 over 1232 frames.
BarrySchwartz_2005G-0023325-0024559 they have these benefits and risks and he has these benefits risks when you want to <unk> and you say if you were we got what would you do the boxers but are not me 
LOG (lattice-best-path:main():lattice-best-path.cc:99) For utterance BarrySchwartz_2005G-0024559-0026795, best cost 559.295 + 27430.5 = 27989.8 over 2234 frames.
BarrySchwartz_2005G-0024559-0026795 and the result is we call a patient autonomy which makes it sound like a good thing when really uses a shifting of government responsible for decision making from somebody you know something they were the doctor somebody who knows nothing of the summit shirley sick and the sun the best shape to be making decisions made with a patient now there's enormous more coming of protection drugs 
LOG (lattice-best-path:main():lattice-best-path.cc:99) For utterance BarrySchwartz_2005G-0026795-0028208, best cost 334.245 + 17157.2 = 17491.4 over 1411 frames.
BarrySchwartz_2005G-0026795-0028208 the people like you and me which if you think about it makes no sense last weekend either one of them or to tell us if we can't buy them the answer is that dates back to score doctors the next morning and ask for politicians to be changed 
LOG (lattice-best-path:main():lattice-best-path.cc:99) For utterance BarrySchwartz_2005G-0028208-0029108, best cost 147.224 + 10556.3 = 10703.5 over 898 frames.
BarrySchwartz_2005G-0028208-0029108 something as dramatic as our identity is now become a matter of choice now this slide 
LOG (lattice-best-path:main():lattice-best-path.cc:99) For utterance BarrySchwartz_2005G-0029108-0030333, best cost 332.033 + 15006.3 = 15338.3 over 1223 frames.
BarrySchwartz_2005G-0029108-0030333 is that you were convicted we get you will inherit identity we get we've ended we get reinvent ourselves as often as we like an amazing every day when you wake up in the morning you get to the sidewalk or person 
LOG (lattice-best-path:main():lattice-best-path.cc:99) For utterance BarrySchwartz_2005G-0030333-0030923, best cost 99.9642 + 6855.09 = 6955.05 over 588 frames.
BarrySchwartz_2005G-0030333-0030923 you will be on in our with respect to marriage and family 
LOG (lattice-best-path:main():lattice-best-path.cc:99) For utterance BarrySchwartz_2005G-0030923-0032176, best cost 276.879 + 14995.4 = 15272.3 over 1251 frames.
BarrySchwartz_2005G-0030923-0032176 there was a time when the default assumption that almost everyone has is that you get married she knew she could and you start having physicians you turn up the only real choice was cool 
LOG (lattice-best-path:main():lattice-best-path.cc:99) For utterance BarrySchwartz_2005G-0032176-0033102, best cost 200.88 + 11161.4 = 11362.3 over 924 frames.
BarrySchwartz_2005G-0032176-0033102 but when <unk> and that when you do that nowadays everything is very much up for grabs i teach wonderfully intelligence tunes 
LOG (lattice-best-path:main():lattice-best-path.cc:99) For utterance BarrySchwartz_2005G-0033102-0034166, best cost 258.552 + 12906.5 = 13165 over 1062 frames.
BarrySchwartz_2005G-0033102-0034166 and though i assign twenty percent which would then i knew shoe it's not because there was worse to stop because there was diligence it's because they are preoccupied 
LOG (lattice-best-path:main():lattice-best-path.cc:99) For utterance BarrySchwartz_2005G-0034166-0034940, best cost 226.662 + 9403.64 = 9630.3 over 772 frames.
BarrySchwartz_2005G-0034166-0034940 asking themselves should i get married or not she may get married now shy to marry later she might have kids for cirque or your first 
LOG (lattice-best-path:main():lattice-best-path.cc:99) For utterance BarrySchwartz_2005G-0034940-0036185, best cost 307.447 + 15343.5 = 15650.9 over 1243 frames.
BarrySchwartz_2005G-0034940-0036185 all these four consuming freshness and are not answer these questions whether or not it means that we all work irish i'm not getting the brain of my courses and indeed they should be served four questions to answer 
LOG (lattice-best-path:main():lattice-best-path.cc:99) For utterance BarrySchwartz_2005G-0036404-0036516, best cost 17.3955 + 1225.02 = 1242.41 over 110 frames.
BarrySchwartz_2005G-0036404-0036516 work 
LOG (lattice-best-path:main():lattice-best-path.cc:99) For utterance BarrySchwartz_2005G-0036516-0037766, best cost 228.031 + 14938.5 = 15166.5 over 1248 frames.
BarrySchwartz_2005G-0036516-0037766 we are blessed us girls pointing out with the technology that enables us to work every minute of every day from any place on the planet except the remote control 
LOG (lattice-best-path:main():lattice-best-path.cc:99) For utterance BarrySchwartz_2005G-0038294-0039241, best cost 243.91 + 11448.1 = 11692 over 945 frames.
BarrySchwartz_2005G-0038294-0039241 there is one quarter by the way the market highbury about or you actually brother were the high quantify works but i knew that i will use it on 
LOG (lattice-best-path:main():lattice-best-path.cc:99) For utterance BarrySchwartz_2005G-0039241-0040156, best cost 200.052 + 11333.9 = 11534 over 913 frames.
BarrySchwartz_2005G-0039241-0040156 so what this means is incredible freedom of choice we have offers that work is that we have to make decisions again and again and again about whether 
LOG (lattice-best-path:main():lattice-best-path.cc:99) For utterance BarrySchwartz_2005G-0040156-0041465, best cost 325.418 + 16134.5 = 16459.9 over 1307 frames.
BarrySchwartz_2005G-0040156-0041465 we should or shouldn't be working with in norwich our kids were shorter than we have are so for a woman and a black berry on our market there are some laptop is only artworks and even if they're all showed off 
LOG (lattice-best-path:main():lattice-best-path.cc:99) For utterance BarrySchwartz_2005G-0041465-0042097, best cost 176.663 + 7777.56 = 7954.22 over 630 frames.
BarrySchwartz_2005G-0041465-0042097 every minute to watch your kid you away a soccer game we are also last years socialite as rubbish 
LOG (lattice-best-path:main():lattice-best-path.cc:99) For utterance BarrySchwartz_2005G-0042097-0043255, best cost 302.081 + 14063.5 = 14365.5 over 1156 frames.
BarrySchwartz_2005G-0042097-0043255 so phone call sharjah part of the scheme oceanographers whether they be defeatist the question is no isps are we going to make the series of your kids' soccer game very different than what is 
LOG (lattice-best-path:main():lattice-best-path.cc:99) For utterance BarrySchwartz_2005G-0043255-0044538, best cost 267.75 + 15444.1 = 15711.8 over 1281 frames.
BarrySchwartz_2005G-0043255-0044538 joe everywhere we look but the big things in small things which are all things a little things wife is a matter of choice and the world we use a living look like this 
LOG (lattice-best-path:main():lattice-best-path.cc:99) For utterance BarrySchwartz_2005G-0044742-0045623, best cost 204.298 + 10636.6 = 10840.9 over 879 frames.
BarrySchwartz_2005G-0044742-0045623 that is to say they were some choices but not everything was a matter of choice in the world we now live in what way kids at the question is 
LOG (lattice-best-path:main():lattice-best-path.cc:99) For utterance BarrySchwartz_2005G-0045623-0046263, best cost 75.238 + 7198.93 = 7274.17 over 638 frames.
BarrySchwartz_2005G-0045623-0046263 this is good news or bad news and the answer is yes 
LOG (lattice-best-path:main():lattice-best-path.cc:99) For utterance BarrySchwartz_2005G-0046554-0047602, best cost 192.89 + 12629.6 = 12822.5 over 1046 frames.
BarrySchwartz_2005G-0046554-0047602 we all know what's good about it so i want to talk about what they're about all this choice has two facts to begin with its own people 
LOG (lattice-best-path:main():lattice-best-path.cc:99) For utterance BarrySchwartz_2005G-0047602-0048920, best cost 238.043 + 15745 = 15983 over 1316 frames.
BarrySchwartz_2005G-0047602-0048920 what effect paradoxically senator dishes promises rather than a brush with so many options to choose from people find it very difficult issues at all 
LOG (lattice-best-path:main():lattice-best-path.cc:99) For utterance BarrySchwartz_2005G-0048920-0050062, best cost 237.757 + 13701.6 = 13939.4 over 1140 frames.
BarrySchwartz_2005G-0048920-0050062 i'll give you one very dramatic example of this study the wisdom of all investments to now voluntary retirement wins a colleague of mine got access to 
LOG (lattice-best-path:main():lattice-best-path.cc:99) For utterance BarrySchwartz_2005G-0050177-0051115, best cost 237.829 + 11435.1 = 11672.9 over 936 frames.
BarrySchwartz_2005G-0050177-0051115 the best records from bangor these gigantic often probably have about a million employees of about two thousand for work wishes which is found is that 
LOG (lattice-best-path:main():lattice-best-path.cc:99) For utterance BarrySchwartz_2005G-0051115-0051894, best cost 166.531 + 9389.69 = 9556.22 over 777 frames.
BarrySchwartz_2005G-0051115-0051894 for every ten mutual funds you pour offered rate of participation went down two percent 
LOG (lattice-best-path:main():lattice-best-path.cc:99) For utterance BarrySchwartz_2005G-0051894-0054066, best cost 474.093 + 26164.3 = 26638.4 over 2170 frames.
BarrySchwartz_2005G-0051894-0054066 your for fifty firms ten percent fewer employees participate if you'll often find why because with his response to choose from its own damn hard to decide which runs to choose that you just heard are often tomorrow and end tomorrow and tomorrow and tomorrow went to war with of course to board a purpose 
LOG (lattice-best-path:main():lattice-best-path.cc:99) For utterance BarrySchwartz_2005G-0054066-0055420, best cost 334.097 + 16769.7 = 17103.8 over 1352 frames.
BarrySchwartz_2005G-0054066-0055420 understand that not only does this mean a keyboard happy dog food when they retire because i don't have enough money to weigh it also means that made the decision so hard that they have so significant matching money from in sport 
LOG (lattice-best-path:main():lattice-best-path.cc:99) For utterance BarrySchwartz_2005G-0055420-0056869, best cost 331.771 + 17660.4 = 17992.2 over 1447 frames.
BarrySchwartz_2005G-0055420-0056869 by not participating they're passionate as much as five thousand dollars in your premiums or would happily match their pocket huge joe kraus says is a consequence of having too many choices anything that makes the world look like this 
LOG (lattice-best-path:main():lattice-best-path.cc:99) For utterance BarrySchwartz_2005G-0057498-0058253, best cost 197.072 + 9422.6 = 9619.67 over 753 frames.
BarrySchwartz_2005G-0057498-0058253 you really what i get the decision right if it for all eternity right you know what they brought into force in the wrong shelters 
LOG (lattice-best-path:main():lattice-best-path.cc:99) For utterance BarrySchwartz_2005G-0058253-0059016, best cost 156.332 + 9282.9 = 9439.23 over 761 frames.
BarrySchwartz_2005G-0058253-0059016 so what will affect the sight of the fact is that even if we manage to overcome the paralysis and make good choices 
LOG (lattice-best-path:main():lattice-best-path.cc:99) For utterance BarrySchwartz_2005G-0059016-0060008, best cost 201.472 + 11871.7 = 12073.2 over 990 frames.
BarrySchwartz_2005G-0059016-0060008 we can go were satisfied with the result of the choice then we would be if we have fewer options to change and are several reasons for this 
LOG (lattice-best-path:main():lattice-best-path.cc:99) For utterance BarrySchwartz_2005G-0060008-0061247, best cost 298.06 + 15235.7 = 15533.8 over 1237 frames.
BarrySchwartz_2005G-0060008-0061247 one of them is that would wander from sao addresses to choose from if you bought one is not perfect and it works out to see is it's easy to imagine that you could have made a different choice that would have been better 
LOG (lattice-best-path:main():lattice-best-path.cc:99) For utterance BarrySchwartz_2005G-0061247-0062516, best cost 290.813 + 15143.1 = 15433.9 over 1267 frames.
BarrySchwartz_2005G-0061247-0062516 and what happens is this imagined alternative and issues your breath decision you make and his regret subtract from the satisfaction you get out of the decision you make even if it was a good position 
LOG (lattice-best-path:main():lattice-best-path.cc:99) For utterance BarrySchwartz_2005G-0062516-0063239, best cost 185.738 + 8745.64 = 8931.38 over 721 frames.
BarrySchwartz_2005G-0062516-0063239 the more options there or the hoosiers churn rate anything at all it is disappointing about the option that you chose 
LOG (lattice-best-path:main():lattice-best-path.cc:99) For utterance BarrySchwartz_2005G-0063239-0064442, best cost 292.109 + 14769.4 = 15061.5 over 1201 frames.
BarrySchwartz_2005G-0063239-0064442 second what economists call opportunity costs they go or maybe point scoring of talking about how how much food over the way in which we find things that can so what we compare them to 
LOG (lattice-best-path:main():lattice-best-path.cc:99) For utterance BarrySchwartz_2005G-0064442-0065375, best cost 199.278 + 11364.1 = 11563.4 over 931 frames.
BarrySchwartz_2005G-0064442-0065375 well what are lots of alternatives to consider is easy to one edge of the attractive features of alternative venue reject 
LOG (lattice-best-path:main():lattice-best-path.cc:99) For utterance BarrySchwartz_2005G-0065517-0066069, best cost 116.952 + 6602.58 = 6719.54 over 550 frames.
BarrySchwartz_2005G-0065517-0066069 and that maybe you were satisfied with the alternative that you've chosen is an example 
LOG (lattice-best-path:main():lattice-best-path.cc:99) For utterance BarrySchwartz_2005G-0066069-0066421, best cost 60.7792 + 4126.78 = 4187.56 over 350 frames.
BarrySchwartz_2005G-0066069-0066421 for those of you on your side pocket 
LOG (lattice-best-path:main():lattice-best-path.cc:99) For utterance BarrySchwartz_2005G-0066421-0067741, best cost 328.899 + 16154.1 = 16483 over 1318 frames.
BarrySchwartz_2005G-0066421-0067741 but this one is supposed to be thinking irresistible on manhattan's very expensive roast a gorgeous beach beautiful they may have them all to themselves what could be better well they met this guy is thinking as of august 
LOG (lattice-best-path:main():lattice-best-path.cc:99) For utterance BarrySchwartz_2005G-0067741-0068445, best cost 150.373 + 8518.41 = 8668.78 over 702 frames.
BarrySchwartz_2005G-0067741-0068445 everybody in my manhattan neighborhood is a way i can keep harping right in front of my do 
LOG (lattice-best-path:main():lattice-best-path.cc:99) For utterance BarrySchwartz_2005G-0068445-0069441, best cost 187.307 + 12010.5 = 12197.8 over 994 frames.
BarrySchwartz_2005G-0068445-0069441 and he spends two weeks named by the idea that he is missing the opportunity day after day to have a great purpose 
LOG (lattice-best-path:main():lattice-best-path.cc:99) For utterance BarrySchwartz_2005G-0069441-0070466, best cost 235.659 + 12505.5 = 12741.2 over 1023 frames.
BarrySchwartz_2005G-0069441-0070466 opportunity cost subtract from the satisfaction we get out of what we choose even when will we choose a church and more options there or to consider 
LOG (lattice-best-path:main():lattice-best-path.cc:99) For utterance BarrySchwartz_2005G-0070466-0071150, best cost 167.442 + 8349.72 = 8517.16 over 682 frames.
BarrySchwartz_2005G-0070466-0071150 the more attractive features of these options for pointed to reflect the biases opportunity cause is another trap 
LOG (lattice-best-path:main():lattice-best-path.cc:99) For utterance BarrySchwartz_2005G-0071609-0072731, best cost 284.934 + 13826.6 = 14111.6 over 1120 frames.
BarrySchwartz_2005G-0071609-0072731 now how did this continental appointed next point about living in the moment as well and probably about giving slowly but once pointed makes us that whenever you're choosing one figure 
LOG (lattice-best-path:main():lattice-best-path.cc:99) For utterance BarrySchwartz_2005G-0072731-0073478, best cost 179.276 + 9163.05 = 9342.33 over 745 frames.
BarrySchwartz_2005G-0072731-0073478 choosing not to do other things and those are the things they have what an attractive features is that they were doing was tracked work 
LOG (lattice-best-path:main():lattice-best-path.cc:99) For utterance BarrySchwartz_2005G-0073478-0074419, best cost 246.623 + 11362.2 = 11608.8 over 939 frames.
BarrySchwartz_2005G-0073478-0074419 escalation of expectations this hit me when i went replace my genes i wear jeans also time and there was a time when she's came in one flavor 
LOG (lattice-best-path:main():lattice-best-path.cc:99) For utterance BarrySchwartz_2005G-0074419-0075648, best cost 350.631 + 15102.7 = 15453.3 over 1227 frames.
BarrySchwartz_2005G-0074419-0075648 the new ball and an eighth <unk> wisecracking they're incredibly accountable if you were the one of the worst of an appetiser to fit feel ok so what replace my genes after years and years of words all ones anti-semite 
LOG (lattice-best-path:main():lattice-best-path.cc:99) For utterance BarrySchwartz_2005G-0075648-0077665, best cost 503.874 + 24567.1 = 25070.9 over 2015 frames.
BarrySchwartz_2005G-0075648-0077665 gowariker genes is the size of the shopkeeper said you want something easy thing to relax thing you would acquire shepherds why you would stonewashed arrest washed you won a distress call to copy what vapor bubble bollywood my jaw dropped after crisis what crimes they used to be your car 
LOG (lattice-best-path:main():lattice-best-path.cc:99) For utterance BarrySchwartz_2005G-0078109-0078372, best cost 46.7899 + 3082.69 = 3129.48 over 261 frames.
BarrySchwartz_2005G-0078109-0078372 he had no idea what that was 
LOG (lattice-best-path:main():lattice-best-path.cc:99) For utterance BarrySchwartz_2005G-0078372-0079678, best cost 297.878 + 15834 = 16131.8 over 1304 frames.
BarrySchwartz_2005G-0078372-0079678 so i said well we're trying not always think she's a man on the bus or train with the best thing genes i had ever had id better all his choice made it possible for me to do better 
LOG (lattice-best-path:main():lattice-best-path.cc:99) For utterance BarrySchwartz_2005G-0079678-0080552, best cost 160.939 + 10311.7 = 10472.7 over 872 frames.
BarrySchwartz_2005G-0079678-0080552 but i felt which wine or a whole book to try to squeeze to myself there isn't it 
LOG (lattice-best-path:main():lattice-best-path.cc:99) For utterance BarrySchwartz_2005G-0080992-0082076, best cost 217.337 + 13156.7 = 13374.1 over 1082 frames.
BarrySchwartz_2005G-0080992-0082076 the reason i felt worse is that we're not all of these options available my expectations about how good the pair change should be wind up 
LOG (lattice-best-path:main():lattice-best-path.cc:99) For utterance BarrySchwartz_2005G-0082076-0083475, best cost 355.217 + 17299.8 = 17655 over 1397 frames.
BarrySchwartz_2005G-0082076-0083475 i have very low which i had no particular expectations of the weekend one flavor waking up under flavors they've on one attention of wonderful when i got was good but was a perfect and so i compare what i got all excited 
LOG (lattice-best-path:main():lattice-best-path.cc:99) For utterance BarrySchwartz_2005G-0083475-0084041, best cost 129.586 + 6988.7 = 7118.28 over 564 frames.
BarrySchwartz_2005G-0083475-0084041 when i got was disappointing in comparison to what i expected adding options to people's lives 
LOG (lattice-best-path:main():lattice-best-path.cc:99) For utterance BarrySchwartz_2005G-0084041-0085502, best cost 322.011 + 18082.3 = 18404.3 over 1459 frames.
BarrySchwartz_2005G-0084041-0085502 it hopes to increase the expectations people have about how good those options will be the one that would have reduced his life satisfaction with with results the weather conditions nobody in the world of marketing noses 
LOG (lattice-best-path:main():lattice-best-path.cc:99) For utterance BarrySchwartz_2005G-0085502-0085781, best cost 33.9317 + 3314.75 = 3348.68 over 277 frames.
BarrySchwartz_2005G-0085502-0085781 but if they did 
LOG (lattice-best-path:main():lattice-best-path.cc:99) For utterance BarrySchwartz_2005G-0085781-0086326, best cost 93.7732 + 6347.3 = 6441.08 over 543 frames.
BarrySchwartz_2005G-0085781-0086326 you would all know what this is about the truth is more like this 
LOG (lattice-best-path:main():lattice-best-path.cc:99) For utterance BarrySchwartz_2005G-0086674-0087775, best cost 251.791 + 13757.8 = 14009.6 over 1099 frames.
BarrySchwartz_2005G-0086674-0087775 the reason that everything was better back when everything was worse is that when everything was worse it was actually possible for people to have experiences that were present products 
LOG (lattice-best-path:main():lattice-best-path.cc:99) For utterance BarrySchwartz_2005G-0087775-0088887, best cost 261.67 + 13635.2 = 13896.9 over 1110 frames.
BarrySchwartz_2005G-0087775-0088887 nowadays the world we live in we have witnessed why citizens with perfection expectation the best you can ever hope for is that says that as soon as you expect it to be 
LOG (lattice-best-path:main():lattice-best-path.cc:99) For utterance BarrySchwartz_2005G-0088887-0090231, best cost 253.836 + 16229.4 = 16483.2 over 1342 frames.
BarrySchwartz_2005G-0088887-0090231 you will never be pleasantly surprised because your expectations by expectations about the group the secret to happiness as we're talking for the secret of happiness is low expectations 
LOG (lattice-best-path:main():lattice-best-path.cc:99) For utterance BarrySchwartz_2005G-0091167-0092769, best cost 352.217 + 19293.4 = 19645.7 over 1600 frames.
BarrySchwartz_2005G-0091167-0092769 or say just obama memoir by dreadful moments that you know i actually am married to a wife and then she's really quite wonderful i could have done better and so on but so does the dosage of getting far away 
LOG (lattice-best-path:main():lattice-best-path.cc:99) For utterance BarrySchwartz_2005G-0092769-0094116, best cost 336.453 + 16691.9 = 17028.4 over 1345 frames.
BarrySchwartz_2005G-0092769-0094116 one consequence of by the banks in anchorage use when there's only one kind of bike is that when you were dissatisfied i knew was quite who's responsible the answer is we are the world church possible webpage you do 
LOG (lattice-best-path:main():lattice-best-path.cc:99) For utterance BarrySchwartz_2005G-0094116-0095401, best cost 286.304 + 15602.5 = 15888.8 over 1283 frames.
BarrySchwartz_2005G-0094116-0095401 when there are hundreds of defense thousand genes available and you by one that is disappointing that u.s. why who's responsible is the whole week we are to be asked the question is is you 
LOG (lattice-best-path:main():lattice-best-path.cc:99) For utterance BarrySchwartz_2005G-0095401-0096794, best cost 297.744 + 17074.4 = 17372.1 over 1391 frames.
BarrySchwartz_2005G-0095401-0096794 you could have done better with about one out of a different kind of genes on display there's no excuse for failure and so when people make decisions and even over the voters also decisions for good they feel disappointed 
LOG (lattice-best-path:main():lattice-best-path.cc:99) For utterance BarrySchwartz_2005G-0096794-0099151, best cost 572.528 + 28991.7 = 29564.2 over 2355 frames.
BarrySchwartz_2005G-0096794-0099151 about them between themselves clinical depression has exploded in industrial world in the last generation i believe a significant not the only been a significant contributor to this explosion of depression and also show which side is that people have it's the races rather disappointing as educators us alive and then when it mattered sweeney's its greatest themselves they think they are at fault 
LOG (lattice-best-path:main():lattice-best-path.cc:99) For utterance BarrySchwartz_2005G-0099151-0099870, best cost 158.288 + 8580.74 = 8739.03 over 717 frames.
BarrySchwartz_2005G-0099151-0099870 and so the net result is that we do better temple in general objectively that we fuel worship 
LOG (lattice-best-path:main():lattice-best-path.cc:99) For utterance BarrySchwartz_2005G-0099870-0100615, best cost 142.06 + 8710.27 = 8852.33 over 743 frames.
BarrySchwartz_2005G-0099870-0100615 so what we are my view this is the official form the one that we all take to be true 
LOG (lattice-best-path:main():lattice-best-path.cc:99) For utterance BarrySchwartz_2005G-0100615-0101431, best cost 141.996 + 9378.17 = 9520.17 over 814 frames.
BarrySchwartz_2005G-0100615-0101431 asphalt falls it is not true there's no question that some choices better venom 
LOG (lattice-best-path:main():lattice-best-path.cc:99) For utterance BarrySchwartz_2005G-0101431-0102631, best cost 278.224 + 14651.5 = 14929.7 over 1198 frames.
BarrySchwartz_2005G-0101431-0102631 but it doesn't fall from that the more choices better than some chose this a magical about tarawa it is utterly confident that we have long since passed the point where options improve 
LOG (lattice-best-path:main():lattice-best-path.cc:99) For utterance BarrySchwartz_2005G-0102631-0103651, best cost 219.716 + 12112.8 = 12332.5 over 1018 frames.
BarrySchwartz_2005G-0102631-0103651 our welfare now has a policy marijuana austin is a policy that are the thing to think about is this what enables us all this choice 
LOG (lattice-best-path:main():lattice-best-path.cc:99) For utterance BarrySchwartz_2005G-0103651-0104500, best cost 172.972 + 10104.9 = 10277.8 over 847 frames.
BarrySchwartz_2005G-0103651-0104500 in augusta societies is that your wackos there are lots of places in the world we've heard about several of them 
LOG (lattice-best-path:main():lattice-best-path.cc:99) For utterance BarrySchwartz_2005G-0104500-0105476, best cost 230.545 + 12061.7 = 12292.2 over 974 frames.
BarrySchwartz_2005G-0104500-0105476 we're told the problem is not that they have too much choice their problems that they have to local services i'm talking about is the peculiar problem of modern 
LOG (lattice-best-path:main():lattice-best-path.cc:99) For utterance BarrySchwartz_2005G-0105483-0106567, best cost 229.4 + 13088.4 = 13317.8 over 1082 frames.
BarrySchwartz_2005G-0105483-0106567 at ford western societies what is so frustrating and if you're in this is the one that got yesterday about how these expensive and difficult ones fall 
LOG (lattice-best-path:main():lattice-best-path.cc:99) For utterance BarrySchwartz_2005G-0106690-0107078, best cost 72.6171 + 4526.33 = 4598.95 over 386 frames.
BarrySchwartz_2005G-0106690-0107078 infants to chelsea's both hope 
LOG (lattice-best-path:main():lattice-best-path.cc:99) For utterance BarrySchwartz_2005G-0107078-0108308, best cost 256.257 + 14935.6 = 15191.9 over 1228 frames.
BarrySchwartz_2005G-0107078-0108308 it's a waste of money what i'm telling you is that these expensive complicating choices is not simply that they don't hope that we'd hurt the actually make us worse 
LOG (lattice-best-path:main():lattice-best-path.cc:99) For utterance BarrySchwartz_2005G-0108308-0109445, best cost 242.861 + 13637 = 13879.9 over 1135 frames.
BarrySchwartz_2005G-0108308-0109445 off if some of what enables people in our societies to make all the choices we make we're shifted to societies in which people have too few options 
LOG (lattice-best-path:main():lattice-best-path.cc:99) For utterance BarrySchwartz_2005G-0109445-0110503, best cost 251.365 + 13241.3 = 13492.7 over 1056 frames.
BarrySchwartz_2005G-0109445-0110503 now one of those people twice the truth but powers would be improved also is what economists call prego improving move income redistribution will make everyone 
LOG (lattice-best-path:main():lattice-best-path.cc:99) For utterance BarrySchwartz_2005G-0110503-0111279, best cost 156.85 + 9199.76 = 9356.61 over 774 frames.
BarrySchwartz_2005G-0110503-0111279 they're off by just porky because of how all such a church points so to conclude 
LOG (lattice-best-path:main():lattice-best-path.cc:99) For utterance BarrySchwartz_2005G-0111279-0112192, best cost 229.009 + 10897.2 = 11126.2 over 911 frames.
BarrySchwartz_2005G-0111279-0112192 this poster read this cartoon and a sophisticated person say what is this fish no you know nothing is possible when this fish paul 
LOG (lattice-best-path:main():lattice-best-path.cc:99) For utterance BarrySchwartz_2005G-0112295-0113151, best cost 217.791 + 10480.6 = 10698.4 over 854 frames.
BarrySchwartz_2005G-0112295-0113151 impoverished imagination myopic view the world then that's where the buffers the more i thought about it however the more i came to the view that is 
LOG (lattice-best-path:main():lattice-best-path.cc:99) For utterance BarrySchwartz_2005G-0113151-0114308, best cost 240.961 + 13728.3 = 13969.3 over 1155 frames.
BarrySchwartz_2005G-0113151-0114308 they she knows something because the truth of the matter is that if you share a fishbowl so that everything is possible your have freedom you have poor houses 
LOG (lattice-best-path:main():lattice-best-path.cc:99) For utterance BarrySchwartz_2005G-0114308-0115008, best cost 130.186 + 8249.56 = 8379.74 over 698 frames.
BarrySchwartz_2005G-0114308-0115008 if you share this fish also that everything is possible you decrease satisfaction 
LOG (lattice-best-path:main():lattice-best-path.cc:99) For utterance BarrySchwartz_2005G-0115008-0115842, best cost 195.246 + 10049.8 = 10245 over 832 frames.
BarrySchwartz_2005G-0115008-0115842 you increase for houses and you decrease satisfaction everybody needs official this one is a culture we two women 
LOG (lattice-best-path:main():lattice-best-path.cc:99) For utterance BarrySchwartz_2005G-0115842-0116905, best cost 253.595 + 12870.2 = 13123.8 over 1061 frames.
BarrySchwartz_2005G-0115842-0116905 perhaps even for the fish germany for cars but the absence of some of metaphor to fish for his recipe for misery and i suspect zest thank you very much 
LOG (lattice-best-path:main():lattice-best-path.cc:99) For utterance BlaiseAguerayArcas_2007-0001220-0001572, best cost 78.9757 + 4142.34 = 4221.32 over 350 frames.
BlaiseAguerayArcas_2007-0001220-0001572 the issue for service countryside and his soul 
LOG (lattice-best-path:main():lattice-best-path.cc:99) For utterance BlaiseAguerayArcas_2007-0001572-0002425, best cost 208.184 + 10357.9 = 10566.1 over 851 frames.
BlaiseAguerayArcas_2007-0001572-0002425 this is a foundation for christmas new technology the deliberate microscopes proposition though almost exactly your goal but this is the driving 
LOG (lattice-best-path:main():lattice-best-path.cc:99) For utterance BlaiseAguerayArcas_2007-0002425-0004061, best cost 387.388 + 19780.8 = 20168.2 over 1634 frames.
BlaiseAguerayArcas_2007-0002425-0004061 and at some point in which you can kind of local you're more interactive vast amounts over the virtual world in many many gigabytes of competition photosynthesis in sinuously unspoken cynicism and having to the theory ratio anyway we want and so 
LOG (lattice-best-path:main():lattice-best-path.cc:99) For utterance BlaiseAguerayArcas_2007-0004061-0005460, best cost 331.854 + 16906.2 = 17238 over 1397 frames.
BlaiseAguerayArcas_2007-0004061-0005460 it doesn't matter how much information would be f.o.b. these collections are or how big the images are animals that are very difficult for us to this point is of course stems from the white responders and southern africa megapixel range 
LOG (lattice-best-path:main():lattice-best-path.cc:99) For utterance BlaiseAguerayArcas_2007-0005460-0006285, best cost 198.57 + 10055.6 = 10254.2 over 823 frames.
BlaiseAguerayArcas_2007-0005460-0006285 but that doesn't make any difference because using the mother bought one of the performances as one this one is markets on your screen at any given moment 
LOG (lattice-best-path:main():lattice-best-path.cc:99) For utterance BlaiseAguerayArcas_2007-0006285-0007452, best cost 256.958 + 13863.4 = 14120.4 over 1165 frames.
BlaiseAguerayArcas_2007-0006285-0007452 but it also reflects portraiture as an entire bosses example phenomenon emerged out of the system because of the things i've read every column is what is a chapter 
LOG (lattice-best-path:main():lattice-best-path.cc:99) For utterance BlaiseAguerayArcas_2007-0007452-0008335, best cost 246.171 + 10540.7 = 10786.9 over 881 frames.
BlaiseAguerayArcas_2007-0007452-0008335 and so to prove to the this is really spikes sonoran emitted into something works so that really show is over the words official suspects small picture 
LOG (lattice-best-path:main():lattice-best-path.cc:99) For utterance BlaiseAguerayArcas_2007-0008335-0009847, best cost 391.331 + 18271.1 = 18662.4 over 1510 frames.
BlaiseAguerayArcas_2007-0008335-0009847 only his second artificially sweetened you bought a woman recommended that this is a more was that this is an issue the guardian every home large image is the beginning of a section and his colleagues you've ever been joined the experience of reading all the goalkeeper for sharapova 
LOG (lattice-best-path:main():lattice-best-path.cc:99) For utterance BlaiseAguerayArcas_2007-0009847-0010886, best cost 251.588 + 12425.5 = 12677.1 over 1037 frames.
BlaiseAguerayArcas_2007-0009847-0010886 the magazine or newspaper which is inherited multi-skilled comedian were possible to something with a quarter of all of this particular issues regarding was admitted to fade out 
LOG (lattice-best-path:main():lattice-best-path.cc:99) For utterance BlaiseAguerayArcas_2007-0010886-0012134, best cost 295.902 + 14996.4 = 15292.3 over 1246 frames.
BlaiseAguerayArcas_2007-0010886-0012134 gets very high resolution so much for the needed to get an ordinary and we can then it's a concern because the features of the score you can see here or open them also or even to the suspicions 

gzip: gmm_recog/lat.1.gz: unexpected end of file
ERROR: VectorFst::Read: read failed: <unspecified>
WARNING (lattice-scale:ReadCompactLattice():kaldi-lattice.cc:351) Error reading compact lattice (after reading header).
WARNING (lattice-scale:Next():util/kaldi-table-inl.h:574) Object read failed, reading archive 'gunzip -c gmm_recog/lat.*.gz|'
LOG (lattice-scale:main():lattice-scale.cc:90) Done 164 lattices.
WARNING (lattice-scale:Close():kaldi-io.cc:501) Pipe gunzip -c gmm_recog/lat.*.gz| had nonzero return status 256
ERROR (lattice-scale:~SequentialTableReaderArchiveImpl():util/kaldi-table-inl.h:678) TableReader: error detected closing archive 'gunzip -c gmm_recog/lat.*.gz|'

[ Stack-Trace: ]
lattice-scale() [0x67967a]
kaldi::MessageLogger::HandleMessage(kaldi::LogMessageEnvelope const&, char const*)
kaldi::MessageLogger::~MessageLogger()
kaldi::SequentialTableReaderArchiveImpl<kaldi::CompactLatticeHolder>::~SequentialTableReaderArchiveImpl()
kaldi::SequentialTableReaderArchiveImpl<kaldi::CompactLatticeHolder>::~SequentialTableReaderArchiveImpl()
kaldi::SequentialTableReader<kaldi::CompactLatticeHolder>::~SequentialTableReader()
main
__libc_start_main
lattice-scale() [0x5927c9]

LOG (lattice-best-path:main():lattice-best-path.cc:99) For utterance BlaiseAguerayArcas_2007-0012134-0013412, best cost 311.932 + 15305.1 = 15617.1 over 1276 frames.
BlaiseAguerayArcas_2007-0012134-0013412 and so there's this little gets of his later years about are really doing away with the windows limits on most intrusive we hope that this is a memorial michael possible of rubber puppet in his cell phone 
LOG (lattice-add-penalty:main():lattice-add-penalty.cc:62) Done adding word insertion penalty to 164 lattices.
LOG (lattice-best-path:main():lattice-best-path.cc:99) For utterance BlaiseAguerayArcas_2007-0013412-0014299, best cost 250.975 + 11033.1 = 11284.1 over 885 frames.
BlaiseAguerayArcas_2007-0013412-0014299 of course not is one of those early august applications for to talk like this and honestly i give them a sense that anytime wants to say that we have things but as soon as well 
LOG (lattice-best-path:main():lattice-best-path.cc:124) Overall cost per frame is 12.4695 = 0.225456 [graph] + 12.2441 [acoustic] over 162327 frames.
LOG (lattice-best-path:main():lattice-best-path.cc:128) Done 164 lattices, failed for 0
# Accounting: time=194 threads=1
# Ended (code 0) at Mon Dec  5 17:09:26 EET 2016, elapsed time 194 seconds
