# lattice-scale --inv-acoustic-scale=13 "ark:gunzip -c gmm_recog/lat.*.gz|" ark:- | lattice-add-penalty --word-ins-penalty=1.0 ark:- ark:- | lattice-best-path --word-symbol-table=mono/graph/words.txt ark:- ark,t:- | utils/int2sym.pl -f 2- mono/graph/words.txt | cat > gmm_recog/scoring_kaldi/penalty_1.0/13.txt 
# Started at Mon Dec  5 17:10:00 EET 2016
#
lattice-scale --inv-acoustic-scale=13 'ark:gunzip -c gmm_recog/lat.*.gz|' ark:- 
lattice-add-penalty --word-ins-penalty=1.0 ark:- ark:- 
lattice-best-path --word-symbol-table=mono/graph/words.txt ark:- ark,t:- 
LOG (lattice-best-path:main():lattice-best-path.cc:99) For utterance AlGore_2009-0001304-0002346, best cost 263.079 + 8120.41 = 8383.49 over 1040 frames.
AlGore_2009-0001304-0002346 so these two slices that demonstrate that your entire step which for most of the last three billion years has been the size of the lower forty eight states a strong by forty percent 
LOG (lattice-best-path:main():lattice-best-path.cc:99) For utterance AlGore_2009-0002346-0004004, best cost 377.059 + 12984.2 = 13361.2 over 1656 frames.
AlGore_2009-0002346-0004004 but this understates the seriousness of this particular problem because it doesn't show the thickness of the ice the arctic icecap is in a sense of the beating heart of the global climate system because there's a memorandum transcendence about the next slide show you will be 
LOG (lattice-best-path:main():lattice-best-path.cc:99) For utterance AlGore_2009-0004004-0005268, best cost 270.355 + 9944.7 = 10215.1 over 1262 frames.
AlGore_2009-0004004-0005268 rapid transport of what happened over the last twenty five years apologises more contract the s.e.c. inexpensive with or without a genuine somewhere in the contracts in summer 
LOG (lattice-best-path:main():lattice-best-path.cc:99) For utterance AlGore_2009-0005268-0006029, best cost 181.492 + 5994.95 = 6176.45 over 759 frames.
AlGore_2009-0005268-0006029 and the so called to minimize five years or older this is almost one block spilling out of the body here 
LOG (lattice-best-path:main():lattice-best-path.cc:99) For utterance AlGore_2009-0006260-0006905, best cost 138.622 + 4973.81 = 5112.43 over 643 frames.
AlGore_2009-0006260-0006905 in twenty five years it's gone from those of us this is a problem because the warming 
LOG (lattice-best-path:main():lattice-best-path.cc:99) For utterance AlGore_2009-0006905-0008633, best cost 426.274 + 13751.6 = 14177.9 over 1726 frames.
AlGore_2009-0006905-0008633 he stopped the frozen ground around the arctic ocean where there's a massive amount of frozen carbon which one is forced mr menendez made by microbes compared to the total amount of global warming pollution in the atmosphere that amount of double if we cross this tipping point 
LOG (lattice-best-path:main():lattice-best-path.cc:99) For utterance AlGore_2009-0008633-0009790, best cost 288.433 + 9171.27 = 9459.7 over 1155 frames.
AlGore_2009-0008633-0009790 already socialism lasted methane is actively baldwin about one percent to the water from the university of alaska without with another team to another shot late last month 
LOG (lattice-best-path:main():lattice-best-path.cc:99) For utterance AlGore_2009-0011068-0011830, best cost 173.214 + 5878.2 = 6051.41 over 760 frames.
AlGore_2009-0011068-0011830 he's ok the question is whether we will be one reason is the smallest the city's subway one from the north 
LOG (lattice-best-path:main():lattice-best-path.cc:99) For utterance AlGore_2009-0011830-0012659, best cost 197.342 + 6147.73 = 6345.07 over 827 frames.
AlGore_2009-0011830-0012659 this is an annual melting river but the volumes are much more freedom fairness is continuously rural south west 
LOG (lattice-best-path:main():lattice-best-path.cc:99) For utterance AlGore_2009-0012659-0013511, best cost 183.413 + 6365.09 = 6548.5 over 850 frames.
AlGore_2009-0012659-0013511 every one of you would know how sea level rises on land based ice melting this is where everything is also increasing rapidly 
LOG (lattice-best-path:main():lattice-best-path.cc:99) For utterance AlGore_2009-0013511-0014534, best cost 280.354 + 8177.11 = 8457.46 over 1021 frames.
AlGore_2009-0013511-0014534 at the other end of the planet antarctica towards massive ice on the planet was mad scientists are already at our common is now a negative icebound and west antarctica 
LOG (lattice-best-path:main():lattice-best-path.cc:99) For utterance AlGore_2009-0014534-0015409, best cost 201.713 + 7013.8 = 7215.51 over 873 frames.
AlGore_2009-0014534-0015409 probably possibility iowans is tightly wrapped up in a small thing that's people that we see conceivable that is true 
LOG (lattice-best-path:main():lattice-best-path.cc:99) For utterance AlGore_2009-0015409-0016856, best cost 372.31 + 11669.3 = 12041.7 over 1445 frames.
AlGore_2009-0015409-0016856 the minimalist rewards massive ice at the top you see you later with a few years ago glaciers we personable people in the world after drinking water from the melting pot in the andes this glacier is a source of drinking water for the city 
LOG (lattice-best-path:main():lattice-best-path.cc:99) For utterance AlGore_2009-0016856-0018678, best cost 442.752 + 14273 = 14715.8 over 1820 frames.
AlGore_2009-0016856-0018678 the flows of increase but when they go away so that much of the drinking water in california there's the four percent decline in the sierra snowpack assisting reservoirs and productions as you read more serious is trying to round the world has led to a dramatic increase in force 
LOG (lattice-best-path:main():lattice-best-path.cc:99) For utterance AlGore_2009-0018678-0020516, best cost 373.238 + 14405.6 = 14778.8 over 1836 frames.
AlGore_2009-0018678-0020516 and the disastrous around the world have been increasing at an absolutely extraordinary an unprecedented rate four times as many in the last three years as in the previous seventy five this is a completely unsustainable and if you look at in the context of history you can see 
LOG (lattice-best-path:main():lattice-best-path.cc:99) For utterance AlGore_2009-0020516-0020955, best cost 33.6659 + 3088.01 = 3121.68 over 437 frames.
AlGore_2009-0020516-0020955 what is this too 
LOG (lattice-best-path:main():lattice-best-path.cc:99) For utterance AlGore_2009-0020955-0021791, best cost 190.311 + 6546.55 = 6736.86 over 834 frames.
AlGore_2009-0020955-0021791 in the last five years without a seventy million tons of c o two every twenty four hours with a billion times every day to the oceans 
LOG (lattice-best-path:main():lattice-best-path.cc:99) For utterance AlGore_2009-0021791-0022916, best cost 285.56 + 9017.37 = 9302.92 over 1123 frames.
AlGore_2009-0021791-0022916 look carefully at the revenues from the survey from the americas extending westwood and on either side of the indian subcontinent brothers they were caught up with the bottom in the oceans 
LOG (lattice-best-path:main():lattice-best-path.cc:99) For utterance AlGore_2009-0022916-0023668, best cost 168.594 + 6070.4 = 6238.99 over 750 frames.
AlGore_2009-0022916-0023668 the biggest single cause of global warming along with deforestation which is what percentage of the burning of fossil fuels all the product 
LOG (lattice-best-path:main():lattice-best-path.cc:99) For utterance AlGore_2009-0023668-0025415, best cost 400.786 + 13822 = 14222.8 over 1745 frames.
AlGore_2009-0023668-0025415 and call this the most serious problem the united states is one of the two largest emitters on the tarmac and a proposal has been to build a lot more complex but we're beginning to see a sea change are the ones that have been tested in the last two years with a green alternatives to perform 
LOG (lattice-best-path:main():lattice-best-path.cc:99) For utterance AlGore_2009-0025415-0027030, best cost 321.119 + 12661.6 = 12982.7 over 1613 frames.
AlGore_2009-0025415-0027030 however there is a political battle in our country and coal industries and enormous respect for the billion dollars in the last hour your money we call which is an oxymoron that image reminded me of something 
LOG (lattice-best-path:main():lattice-best-path.cc:99) For utterance AlGore_2009-0027370-0028949, best cost 394.423 + 12727.8 = 13122.2 over 1577 frames.
AlGore_2009-0027370-0028949 a white christmas in my home intimacy a billion gallons of course why it was that you probably saw on the news this all over the country to sag awards were screened in america this happened around christmas medical industry spent about christmas with us 
LOG (lattice-best-path:main():lattice-best-path.cc:99) For utterance AlGore_2009-0030430-0031168, best cost 136.262 + 5580.34 = 5716.6 over 736 frames.
AlGore_2009-0030430-0031168 the source of much of the bonus awards amount of minor is the mathematical 
LOG (lattice-best-path:main():lattice-best-path.cc:99) For utterance AlGore_2009-0031304-0031979, best cost 98.2264 + 5313.67 = 5411.89 over 673 frames.
AlGore_2009-0031304-0031979 o'rourke nancy pelosi harry a little uncomfortable 
LOG (lattice-best-path:main():lattice-best-path.cc:99) For utterance AlGore_2009-0031979-0032607, best cost 143.265 + 4941.42 = 5084.69 over 626 frames.
AlGore_2009-0031979-0032607 so the alliance for climate protection has also took them and this is one of them or that one of them 
LOG (lattice-best-path:main():lattice-best-path.cc:99) For utterance AlGore_2009-0032607-0033881, best cost 311.468 + 10084.7 = 10396.2 over 1272 frames.
AlGore_2009-0032607-0033881 she worried you climate change is a very serious threat to world as much as we made our primary goal to spend a large sum of money online advertising efforts to promote and complicate the truth about goals 
LOG (lattice-best-path:main():lattice-best-path.cc:99) For utterance AlGore_2009-0033881-0034242, best cost 69.3378 + 2735.82 = 2805.15 over 359 frames.
AlGore_2009-0033881-0034242 the scientists call center with italy 
LOG (lattice-best-path:main():lattice-best-path.cc:99) For utterance AlGore_2009-0034336-0034477, best cost 29.9467 + 1035.13 = 1065.07 over 139 frames.
AlGore_2009-0034336-0034477 so stay tuned 
LOG (lattice-best-path:main():lattice-best-path.cc:99) For utterance AlGore_2009-0034538-0035003, best cost 74.4954 + 3361.95 = 3436.45 over 463 frames.
AlGore_2009-0034538-0035003 so don't worry about climate change and these animals 
LOG (lattice-best-path:main():lattice-best-path.cc:99) For utterance AlGore_2009-0035176-0035680, best cost 84.1329 + 4182.34 = 4266.48 over 502 frames.
AlGore_2009-0035176-0035680 we call it was interested in our ecosystems 
LOG (lattice-best-path:main():lattice-best-path.cc:99) For utterance AlGore_2009-0035977-0036537, best cost 27.0658 + 4751.36 = 4778.42 over 558 frames.
AlGore_2009-0035977-0036537 this 
LOG (lattice-best-path:main():lattice-best-path.cc:99) For utterance AlGore_2009-0036643-0037401, best cost 17.168 + 6634.54 = 6651.71 over 756 frames.
AlGore_2009-0036643-0037401 
LOG (lattice-best-path:main():lattice-best-path.cc:99) For utterance AlGore_2009-0037401-0037909, best cost 39.2161 + 4129.78 = 4168.99 over 506 frames.
AlGore_2009-0037401-0037909 i'm writing 
LOG (lattice-best-path:main():lattice-best-path.cc:99) For utterance AlGore_2009-0037909-0038534, best cost 138.384 + 5061.87 = 5200.26 over 623 frames.
AlGore_2009-0037909-0038534 finally the possible alternative matches with economic challenge of our national security challenge 
LOG (lattice-best-path:main():lattice-best-path.cc:99) For utterance AlGore_2009-0038534-0039066, best cost 77.2004 + 4066.04 = 4143.24 over 530 frames.
AlGore_2009-0038534-0039066 there is some trusts his insurer hiscox 
LOG (lattice-best-path:main():lattice-best-path.cc:99) For utterance AlGore_2009-0039066-0039615, best cost 63.443 + 4325.88 = 4389.32 over 547 frames.
AlGore_2009-0039066-0039615 pretty convinced industry 
LOG (lattice-best-path:main():lattice-best-path.cc:99) For utterance AlGore_2009-0039615-0040079, best cost 34.751 + 3570.26 = 3605.01 over 462 frames.
AlGore_2009-0039615-0040079 this whole 
LOG (lattice-best-path:main():lattice-best-path.cc:99) For utterance AlGore_2009-0040079-0040921, best cost 104.307 + 6721.79 = 6826.1 over 840 frames.
AlGore_2009-0040079-0040921 have a particularly interested in ten years when the hundreds of 
LOG (lattice-best-path:main():lattice-best-path.cc:99) For utterance AlGore_2009-0040921-0041490, best cost 66.3228 + 4372.97 = 4439.3 over 567 frames.
AlGore_2009-0040921-0041490 leap forward in time of war 
LOG (lattice-best-path:main():lattice-best-path.cc:99) For utterance AlGore_2009-0041490-0041607, best cost 29.7914 + 886.822 = 916.613 over 115 frames.
AlGore_2009-0041490-0041607 it is a worthwhile 
LOG (lattice-best-path:main():lattice-best-path.cc:99) For utterance AlGore_2009-0042315-0043056, best cost 126.439 + 5341.59 = 5468.03 over 739 frames.
AlGore_2009-0042315-0043056 every town one has wasted fundamental very few scheduling conflict 
LOG (lattice-best-path:main():lattice-best-path.cc:99) For utterance AlGore_2009-0043195-0043622, best cost 72.1265 + 3124.15 = 3196.28 over 425 frames.
AlGore_2009-0043195-0043622 over here with some of the new emerging markets 
LOG (lattice-best-path:main():lattice-best-path.cc:99) For utterance AlGore_2009-0043770-0044092, best cost 50.6333 + 2346.57 = 2397.2 over 320 frames.
AlGore_2009-0043770-0044092 users industrialized nations 
LOG (lattice-best-path:main():lattice-best-path.cc:99) For utterance AlGore_2009-0044281-0044591, best cost 58.2132 + 2221.84 = 2280.05 over 308 frames.
AlGore_2009-0044281-0044591 the power management and real 
LOG (lattice-best-path:main():lattice-best-path.cc:99) For utterance AlGore_2009-0044591-0045669, best cost 200.528 + 8458.31 = 8658.84 over 1076 frames.
AlGore_2009-0044591-0045669 there's an old african proverb that says if you would look what we call it would afford altogether we need to go for quickly 
LOG (lattice-best-path:main():lattice-best-path.cc:99) For utterance AlGore_2009-0045669-0045797, best cost 21.7731 + 925.332 = 947.105 over 126 frames.
AlGore_2009-0045669-0045797 the government 
LOG (lattice-best-path:main():lattice-best-path.cc:99) For utterance BarrySchwartz_2005G-0001224-0001955, best cost 184.018 + 5489.51 = 5673.53 over 729 frames.
BarrySchwartz_2005G-0001224-0001955 talk about some stuff that in his book of mine that i hope will resonate with other things that you've already heard about china 
LOG (lattice-best-path:main():lattice-best-path.cc:99) For utterance BarrySchwartz_2005G-0001955-0002689, best cost 159.78 + 5368.97 = 5528.75 over 732 frames.
BarrySchwartz_2005G-0001955-0002689 making connections myself in case you missed them will start with what i call the official ball 
LOG (lattice-best-path:main():lattice-best-path.cc:99) For utterance BarrySchwartz_2005G-0002689-0003874, best cost 248.942 + 8717.46 = 8966.4 over 1183 frames.
BarrySchwartz_2005G-0002689-0003874 if you don't want the official called for western industrial societies inefficient morons like this if we are interested in maximizing the welfare of our citizens 
LOG (lattice-best-path:main():lattice-best-path.cc:99) For utterance BarrySchwartz_2005G-0003874-0004912, best cost 199.719 + 7385.4 = 7585.12 over 1036 frames.
BarrySchwartz_2005G-0003874-0004912 the way to do that is to maximize individual freedom the reason for this is both that freedom is in and of itself good 
LOG (lattice-best-path:main():lattice-best-path.cc:99) For utterance BarrySchwartz_2005G-0004912-0006224, best cost 307.562 + 9607.27 = 9914.83 over 1310 frames.
BarrySchwartz_2005G-0004912-0006224 the new ball worthwhile essential to be human and because of people have freedom that each of us come back tomorrow to do the things to maximize welfare no one has to decide on our behalf 
LOG (lattice-best-path:main():lattice-best-path.cc:99) For utterance BarrySchwartz_2005G-0006224-0007545, best cost 245.66 + 9303.32 = 9548.98 over 1319 frames.
BarrySchwartz_2005G-0006224-0007545 the way to maximise freedom is to maximise towards the more choice people have more freedom they have more freedom they have the more will further 
LOG (lattice-best-path:main():lattice-best-path.cc:99) For utterance BarrySchwartz_2005G-0007545-0008962, best cost 208.474 + 9978.35 = 10186.8 over 1415 frames.
BarrySchwartz_2005G-0007545-0008962 this i think is so deeply embedded in the water supply that would encourage anyone to question and it also deeply embedded in our lives 
LOG (lattice-best-path:main():lattice-best-path.cc:99) For utterance BarrySchwartz_2005G-0008962-0009855, best cost 182.675 + 6434.58 = 6617.26 over 891 frames.
BarrySchwartz_2005G-0008962-0009855 give you some examples of what modern progress has made possible for us this is my supermarket that such a big one 
LOG (lattice-best-path:main():lattice-best-path.cc:99) For utterance BarrySchwartz_2005G-0009855-0010532, best cost 158.576 + 5072.48 = 5231.06 over 675 frames.
BarrySchwartz_2005G-0009855-0010532 or assailants were not surprising or seventy five celebrations in a supermarket if you don't count 
LOG (lattice-best-path:main():lattice-best-path.cc:99) For utterance BarrySchwartz_2005G-0010532-0011842, best cost 296.659 + 9786.9 = 10083.6 over 1308 frames.
BarrySchwartz_2005G-0010532-0011842 sitting next to virtual worlds and local semiconductors you combine to make a very large numbers are also addresses the off chance that the other seventy five the store has to offer changes 
LOG (lattice-best-path:main():lattice-best-path.cc:99) For utterance BarrySchwartz_2005G-0011842-0012947, best cost 257.224 + 8269.94 = 8527.16 over 1103 frames.
BarrySchwartz_2005G-0011842-0012947 so this is what the shooter games like many other consumer electronics or senator stereo system speaker cd player tape player to rapid fire in his work 
LOG (lattice-best-path:main():lattice-best-path.cc:99) For utterance BarrySchwartz_2005G-0012947-0013956, best cost 192.462 + 7238.52 = 7430.99 over 1007 frames.
BarrySchwartz_2005G-0012947-0013956 single consumer electronics store there are that many stereo systems we can construct six and a half million 
LOG (lattice-best-path:main():lattice-best-path.cc:99) For utterance BarrySchwartz_2005G-0013956-0015043, best cost 221.718 + 7947.68 = 8169.4 over 1085 frames.
BarrySchwartz_2005G-0013956-0015043 the french resistance and components are on offer one story about an abattoir choice in other domains the world global communications 
LOG (lattice-best-path:main():lattice-best-path.cc:99) For utterance BarrySchwartz_2005G-0015043-0016393, best cost 314.927 + 9918.67 = 10233.6 over 1348 frames.
BarrySchwartz_2005G-0015043-0016393 there was a time when i was a boy when you can get any kind of water shortages was came from although you read it or forty gigabyte or consequences that by the way this before never broke and rome 
LOG (lattice-best-path:main():lattice-best-path.cc:99) For utterance BarrySchwartz_2005G-0016393-0017265, best cost 202.571 + 6398.74 = 6601.31 over 870 frames.
BarrySchwartz_2005G-0016393-0017265 those days are now we now have an almost unlimited variety of forms especially the world cellphones user cellphones in the future 
LOG (lattice-best-path:main():lattice-best-path.cc:99) For utterance BarrySchwartz_2005G-0017265-0017960, best cost 139.425 + 5174.71 = 5314.14 over 693 frames.
BarrySchwartz_2005G-0017265-0017960 but there's a minority mp three player knows her children properly torch added 
LOG (lattice-best-path:main():lattice-best-path.cc:99) For utterance BarrySchwartz_2005G-0018189-0019251, best cost 259.078 + 8005.65 = 8264.72 over 1060 frames.
BarrySchwartz_2005G-0018189-0019251 if i suggest you haven't seen many years forget you can rest assured that one day shoot you well what is that these people talking to their scores asking this question 
LOG (lattice-best-path:main():lattice-best-path.cc:99) For utterance BarrySchwartz_2005G-0019251-0020164, best cost 169.039 + 6695.71 = 6864.75 over 911 frames.
BarrySchwartz_2005G-0019251-0020164 and you know the answer to this question now is the answer is no it's not possible to myself a little bit too much so 
LOG (lattice-best-path:main():lattice-best-path.cc:99) For utterance BarrySchwartz_2005G-0020164-0021506, best cost 269.893 + 9839.5 = 10109.4 over 1340 frames.
BarrySchwartz_2005G-0020164-0021506 in other aspects of life in a much more significant than now buying things the same extortion of choices for healthcare is more vacation united states thank you 
LOG (lattice-best-path:main():lattice-best-path.cc:99) For utterance BarrySchwartz_2005G-0021506-0022404, best cost 220.239 + 6729.71 = 6949.95 over 896 frames.
BarrySchwartz_2005G-0021506-0022404 but the doctrine of that tells you what to expect that the doctor to doctor tells you a weekend away we can do the same as these benefits 
LOG (lattice-best-path:main():lattice-best-path.cc:99) For utterance BarrySchwartz_2005G-0022404-0023325, best cost 171.417 + 6573.47 = 6744.89 over 919 frames.
BarrySchwartz_2005G-0022404-0023325 any risks because these benefits and risks we wanted to reshape our which i do in the boxes 
LOG (lattice-best-path:main():lattice-best-path.cc:99) For utterance BarrySchwartz_2005G-0023325-0024559, best cost 235.697 + 8807.06 = 9042.76 over 1232 frames.
BarrySchwartz_2005G-0023325-0024559 they have these benefits and risks and because these benefits risks when you what do you say if you worry about what would you do the boxes barack obama 
LOG (lattice-best-path:main():lattice-best-path.cc:99) For utterance BarrySchwartz_2005G-0024559-0026795, best cost 529.943 + 16927.7 = 17457.6 over 2234 frames.
BarrySchwartz_2005G-0024559-0026795 and the result is we caucasians autonomy which makes it sound like a good thing when religious shifting of government responsible for decision making and somebody you know something they wurzelbacher somebody who knows nothing of the culturally sixpences on the best they can be making decisions made in the patient now there's enormous marketing of prescription drugs 
LOG (lattice-best-path:main():lattice-best-path.cc:99) For utterance BarrySchwartz_2005G-0026795-0028208, best cost 320.722 + 10589.8 = 10910.5 over 1411 frames.
BarrySchwartz_2005G-0026795-0028208 people like you and me which if you think about it makes no sense last weekend i know what the market as if we combine them ensures that dates back to support for the next morning and ask for politicians to be changed 
LOG (lattice-best-path:main():lattice-best-path.cc:99) For utterance BarrySchwartz_2005G-0028208-0029108, best cost 155.224 + 6496.17 = 6651.4 over 898 frames.
BarrySchwartz_2005G-0028208-0029108 something as dramatic as our identity is now become a matter of choice now this slide 
LOG (lattice-best-path:main():lattice-best-path.cc:99) For utterance BarrySchwartz_2005G-0029108-0030333, best cost 320.999 + 9261.96 = 9582.96 over 1223 frames.
BarrySchwartz_2005G-0029108-0030333 is that you were convicted we get away with her identity we get one that we get reinvent ourselves as often as we like an amazing every day when you wake up in the morning you have to decide what kind of person 
LOG (lattice-best-path:main():lattice-best-path.cc:99) For utterance BarrySchwartz_2005G-0030333-0030923, best cost 97.3072 + 4224.52 = 4321.83 over 588 frames.
BarrySchwartz_2005G-0030333-0030923 you will be an encounter with respect to marriage and family 
LOG (lattice-best-path:main():lattice-best-path.cc:99) For utterance BarrySchwartz_2005G-0030923-0032176, best cost 273.274 + 9243.23 = 9516.51 over 1251 frames.
BarrySchwartz_2005G-0030923-0032176 there was a time when the default assumption that almost everyone has to be the various initiatives and you start having physicians you turn up the only real choice was cool 
LOG (lattice-best-path:main():lattice-best-path.cc:99) For utterance BarrySchwartz_2005G-0032176-0033102, best cost 191.904 + 6883.95 = 7075.86 over 924 frames.
BarrySchwartz_2005G-0032176-0033102 darwin and that when you do that nowadays everything is very much a threat to teach wonderfully intelligence tunes 
LOG (lattice-best-path:main():lattice-best-path.cc:99) For utterance BarrySchwartz_2005G-0033102-0034166, best cost 248.304 + 7959.42 = 8207.72 over 1062 frames.
BarrySchwartz_2005G-0033102-0034166 and so i assign twenty percent which would provide issue is that because there was worse to stop because there was a legend it's because they are preoccupied 
LOG (lattice-best-path:main():lattice-best-path.cc:99) For utterance BarrySchwartz_2005G-0034166-0034940, best cost 197.411 + 5818.24 = 6015.65 over 772 frames.
BarrySchwartz_2005G-0034166-0034940 asking themselves should i get married or not to get carried out within hours later she might have to search for for your first 
LOG (lattice-best-path:main():lattice-best-path.cc:99) For utterance BarrySchwartz_2005G-0034940-0036185, best cost 278.5 + 9476.29 = 9754.79 over 1243 frames.
BarrySchwartz_2005G-0034940-0036185 all these four consuming passion and dedication these questions whether or not it means that we all work on assignment integrated workforce and indeed they should be served four questions to answer 
LOG (lattice-best-path:main():lattice-best-path.cc:99) For utterance BarrySchwartz_2005G-0036404-0036516, best cost 17.8955 + 753.856 = 771.752 over 110 frames.
BarrySchwartz_2005G-0036404-0036516 work 
LOG (lattice-best-path:main():lattice-best-path.cc:99) For utterance BarrySchwartz_2005G-0036516-0037766, best cost 236.221 + 9198.05 = 9434.27 over 1248 frames.
BarrySchwartz_2005G-0036516-0037766 we are blessed squirrels pointed out with the technology that enables us to work every minute of every day from a place on the planet except the remote control 
LOG (lattice-best-path:main():lattice-best-path.cc:99) For utterance BarrySchwartz_2005G-0038294-0039241, best cost 235.143 + 7063.13 = 7298.27 over 945 frames.
BarrySchwartz_2005G-0038294-0039241 there is one quarter by the way the amount of time by labour you actually rather proudly hiawatha works but i knew that i will use it on 
LOG (lattice-best-path:main():lattice-best-path.cc:99) For utterance BarrySchwartz_2005G-0039241-0040156, best cost 204.206 + 6981.1 = 7185.3 over 913 frames.
BarrySchwartz_2005G-0039241-0040156 so what this means is incredible freedom of choice reactors that work is that we have to make decisions again and again and again about whether 
LOG (lattice-best-path:main():lattice-best-path.cc:99) For utterance BarrySchwartz_2005G-0040156-0041465, best cost 297.043 + 9968.01 = 10265 over 1307 frames.
BarrySchwartz_2005G-0040156-0041465 we should or shouldn't be working within which are simply shorter than we ever so for a woman and a black bear market there's a laptop is only artworks even if they all show off 
LOG (lattice-best-path:main():lattice-best-path.cc:99) For utterance BarrySchwartz_2005G-0041465-0042097, best cost 138.972 + 4822.56 = 4961.53 over 630 frames.
BarrySchwartz_2005G-0041465-0042097 every network articulate soccer game we are also less your social activists 
LOG (lattice-best-path:main():lattice-best-path.cc:99) For utterance BarrySchwartz_2005G-0042097-0043255, best cost 260.405 + 8701.84 = 8962.24 over 1156 frames.
BarrySchwartz_2005G-0042097-0043255 so foreclosures part of the scheme oceanographers whether anybody asked the question is no it's certainly going to make the series of your kids are in very different languages 
LOG (lattice-best-path:main():lattice-best-path.cc:99) For utterance BarrySchwartz_2005G-0043255-0044538, best cost 249.221 + 9532.49 = 9781.71 over 1281 frames.
BarrySchwartz_2005G-0043255-0044538 so everywhere we look on the basis of small things that are all things a little things like is a matter of choice and will use all of them look like this 
LOG (lattice-best-path:main():lattice-best-path.cc:99) For utterance BarrySchwartz_2005G-0044742-0045623, best cost 203.894 + 6555.46 = 6759.36 over 879 frames.
BarrySchwartz_2005G-0044742-0045623 that is to say they were some choices but not everything was a matter of choice in the world without leaving looks like this and the question is 
LOG (lattice-best-path:main():lattice-best-path.cc:99) For utterance BarrySchwartz_2005G-0045623-0046263, best cost 77.3825 + 4433.39 = 4510.78 over 638 frames.
BarrySchwartz_2005G-0045623-0046263 this is good news bad news and the answer is yes 
LOG (lattice-best-path:main():lattice-best-path.cc:99) For utterance BarrySchwartz_2005G-0046554-0047602, best cost 200.129 + 7777.4 = 7977.53 over 1046 frames.
BarrySchwartz_2005G-0046554-0047602 we all know what's good about trying to talk about what they're about all this choice has two facts to begin with executed 
LOG (lattice-best-path:main():lattice-best-path.cc:99) For utterance BarrySchwartz_2005G-0047602-0048920, best cost 250.543 + 9689.21 = 9939.75 over 1316 frames.
BarrySchwartz_2005G-0047602-0048920 what effect paradoxically senator dishes promises rather than a brush with so many options to choose from people find it very difficult issues at all 
LOG (lattice-best-path:main():lattice-best-path.cc:99) For utterance BarrySchwartz_2005G-0048920-0050062, best cost 243.681 + 8438.19 = 8681.87 over 1140 frames.
BarrySchwartz_2005G-0048920-0050062 i'll give you one very dramatic example of this study the wisdom of all investments in now voluntary retirement plans a colleague of mine got access to 
LOG (lattice-best-path:main():lattice-best-path.cc:99) For utterance BarrySchwartz_2005G-0050177-0051115, best cost 236.008 + 7047.54 = 7283.54 over 936 frames.
BarrySchwartz_2005G-0050177-0051115 the best records from bangor these gigantic often probably about a million employees about two thousand for work which is what she found is that 
LOG (lattice-best-path:main():lattice-best-path.cc:99) For utterance BarrySchwartz_2005G-0051115-0051894, best cost 159.259 + 5788.46 = 5947.72 over 777 frames.
BarrySchwartz_2005G-0051115-0051894 for every ten mutual funds that were offered remote participation went down two percent 
LOG (lattice-best-path:main():lattice-best-path.cc:99) For utterance BarrySchwartz_2005G-0051894-0054066, best cost 431.225 + 16151.3 = 16582.5 over 2170 frames.
BarrySchwartz_2005G-0051894-0054066 your for fifty pounds ten percent fewer employees participate if you'll often find why because with his response to choose from so damn hard to decide which one to choose and you just awful tomorrow and tomorrow and tomorrow and tomorrow and tomorrow and of course the participants 
LOG (lattice-best-path:main():lattice-best-path.cc:99) For utterance BarrySchwartz_2005G-0054066-0055420, best cost 297.574 + 10365.4 = 10663 over 1352 frames.
BarrySchwartz_2005G-0054066-0055420 understand that not only does this mean that you've already got one their party doesn't have enough money to work it also means that made the decision so hard to pass up significant economic framing store 
LOG (lattice-best-path:main():lattice-best-path.cc:99) For utterance BarrySchwartz_2005G-0055420-0056869, best cost 330.051 + 10883.1 = 11213.1 over 1447 frames.
BarrySchwartz_2005G-0055420-0056869 by not participating they're passionate as much as five thousand dollars your premiums or would happily better product joe kraus says is a consequence of having too many choices anything that makes the world look like this 
LOG (lattice-best-path:main():lattice-best-path.cc:99) For utterance BarrySchwartz_2005G-0057498-0058253, best cost 184.481 + 5818.76 = 6003.24 over 753 frames.
BarrySchwartz_2005G-0057498-0058253 you really were made that decision right in detroit really right you know what the provision for tomorrow shelters 
LOG (lattice-best-path:main():lattice-best-path.cc:99) For utterance BarrySchwartz_2005G-0058253-0059016, best cost 156.006 + 5721.85 = 5877.86 over 761 frames.
BarrySchwartz_2005G-0058253-0059016 so that within sight of the fact is that even if we manage to overcome the paralysis and make choices 
LOG (lattice-best-path:main():lattice-best-path.cc:99) For utterance BarrySchwartz_2005G-0059016-0060008, best cost 201.147 + 7314.79 = 7515.94 over 990 frames.
BarrySchwartz_2005G-0059016-0060008 windows were satisfied with the result of the choice then we would be if we have fewer options to change their stories judges 
LOG (lattice-best-path:main():lattice-best-path.cc:99) For utterance BarrySchwartz_2005G-0060008-0061247, best cost 304.958 + 9386.88 = 9691.83 over 1237 frames.
BarrySchwartz_2005G-0060008-0061247 one of them is that we know what a difference addresses issues from if you bought one is not perfect and it works out to see is it's easy to imagine that you could have made a different choice that would have been better 
LOG (lattice-best-path:main():lattice-best-path.cc:99) For utterance BarrySchwartz_2005G-0061247-0062516, best cost 235.656 + 9377.85 = 9613.51 over 1267 frames.
BarrySchwartz_2005G-0061247-0062516 and what happens is this imagined alternative and insecurity decision you make a different structure dissatisfaction you get better decision making it was a decision 
LOG (lattice-best-path:main():lattice-best-path.cc:99) For utterance BarrySchwartz_2005G-0062516-0063239, best cost 140.263 + 5424.5 = 5564.76 over 721 frames.
BarrySchwartz_2005G-0062516-0063239 the more options are forty years or write anything at all was disappointed about architecture 
LOG (lattice-best-path:main():lattice-best-path.cc:99) For utterance BarrySchwartz_2005G-0063239-0064442, best cost 269.267 + 9119.53 = 9388.8 over 1201 frames.
BarrySchwartz_2005G-0063239-0064442 second what economists call opportunity cost the government and the quickest way of talking about how how much over the way in which we find things that is what we compare them to 
LOG (lattice-best-path:main():lattice-best-path.cc:99) For utterance BarrySchwartz_2005G-0064442-0065375, best cost 193.259 + 7003.23 = 7196.49 over 931 frames.
BarrySchwartz_2005G-0064442-0065375 well what are lots of alternatives to consider is easy to imagine the attractive features of alternative venue reject 
LOG (lattice-best-path:main():lattice-best-path.cc:99) For utterance BarrySchwartz_2005G-0065517-0066069, best cost 115.236 + 4071.86 = 4187.1 over 550 frames.
BarrySchwartz_2005G-0065517-0066069 and that maybe you were satisfied with the alternative that shows you some examples 
LOG (lattice-best-path:main():lattice-best-path.cc:99) For utterance BarrySchwartz_2005G-0066069-0066421, best cost 64.7792 + 2539.56 = 2604.34 over 350 frames.
BarrySchwartz_2005G-0066069-0066421 for those of you on your side pocket 
LOG (lattice-best-path:main():lattice-best-path.cc:99) For utterance BarrySchwartz_2005G-0066421-0067741, best cost 304.613 + 9977.08 = 10281.7 over 1318 frames.
BarrySchwartz_2005G-0066421-0067741 but it was supposed to be thinking irresistible on manhattan's very expensive real estate or just each beautiful they may have also themselves what could be better well there because i think it's august 
LOG (lattice-best-path:main():lattice-best-path.cc:99) For utterance BarrySchwartz_2005G-0067741-0068445, best cost 155.012 + 5245.25 = 5400.26 over 702 frames.
BarrySchwartz_2005G-0067741-0068445 everybody in my manhattan neighborhood is the way i can keep harping right in front of my boots 
LOG (lattice-best-path:main():lattice-best-path.cc:99) For utterance BarrySchwartz_2005G-0068445-0069441, best cost 188.524 + 7399.42 = 7587.94 over 994 frames.
BarrySchwartz_2005G-0068445-0069441 and he spends two weeks made by the idea that is missing the opportunity today after they'd have a great purpose 
LOG (lattice-best-path:main():lattice-best-path.cc:99) For utterance BarrySchwartz_2005G-0069441-0070466, best cost 217.168 + 7723.58 = 7940.75 over 1023 frames.
BarrySchwartz_2005G-0069441-0070466 opportunity cost stratford dissatisfaction with inadequate we choose even when we choose a church and more options there are considered 
LOG (lattice-best-path:main():lattice-best-path.cc:99) For utterance BarrySchwartz_2005G-0070466-0071150, best cost 166.004 + 5145.77 = 5311.77 over 682 frames.
BarrySchwartz_2005G-0070466-0071150 the more attractive features of these options are going to be reflected biases opportunity cost is another trap 
LOG (lattice-best-path:main():lattice-best-path.cc:99) For utterance BarrySchwartz_2005G-0071609-0072731, best cost 265.431 + 8539.58 = 8805.01 over 1120 frames.
BarrySchwartz_2005G-0071609-0072731 however despite initial appointed exploitable living in the moment as well and probably about giving slowly but once pointed mexico where you're choosing one opinion 
LOG (lattice-best-path:main():lattice-best-path.cc:99) For utterance BarrySchwartz_2005G-0072731-0073478, best cost 174.633 + 5654.01 = 5828.64 over 745 frames.
BarrySchwartz_2005G-0072731-0073478 choosing not to do other things and those are the things we have lots of attractive features is the ability to western world 
LOG (lattice-best-path:main():lattice-best-path.cc:99) For utterance BarrySchwartz_2005G-0073478-0074419, best cost 206.731 + 7034.36 = 7241.09 over 939 frames.
BarrySchwartz_2005G-0073478-0074419 escalation of expectations basically when i went to replace my genes which is also time and was twenty seven one flavor 
LOG (lattice-best-path:main():lattice-best-path.cc:99) For utterance BarrySchwartz_2005G-0074419-0075648, best cost 305.156 + 9342.71 = 9647.87 over 1227 frames.
BarrySchwartz_2005G-0074419-0075648 the new ball or anything like that they're incredibly uncomfortable if you were one of the worst of the different things you will pay someone to replace wages and years and years of words all ones anti-semite 
LOG (lattice-best-path:main():lattice-best-path.cc:99) For utterance BarrySchwartz_2005G-0075648-0077665, best cost 467.602 + 15163.6 = 15631.2 over 2015 frames.
BarrySchwartz_2005G-0075648-0077665 the weather changes the size of the shopkeeper said you want something easy thing relaxing will acquire shepherds why he was so widespread support you want to stress gone to copy what favorable bollywood my jaw dropped after crisis what crimes they used to be your car 
LOG (lattice-best-path:main():lattice-best-path.cc:99) For utterance BarrySchwartz_2005G-0078109-0078372, best cost 50.2899 + 1897.04 = 1947.33 over 261 frames.
BarrySchwartz_2005G-0078109-0078372 he had no idea what that was 
LOG (lattice-best-path:main():lattice-best-path.cc:99) For utterance BarrySchwartz_2005G-0078372-0079678, best cost 296.035 + 9759.35 = 10055.4 over 1304 frames.
BarrySchwartz_2005G-0078372-0079678 so i spent hours trying not always energy semi-autonomous tortured with the best thing she's i had ever had id they're all his choice made it possible for me to do better 
LOG (lattice-best-path:main():lattice-best-path.cc:99) For utterance BarrySchwartz_2005G-0079678-0080552, best cost 147.662 + 6360.78 = 6508.44 over 872 frames.
BarrySchwartz_2005G-0079678-0080552 but i felt which wine or a whole book to try to squeeze to myself 
LOG (lattice-best-path:main():lattice-best-path.cc:99) For utterance BarrySchwartz_2005G-0080992-0082076, best cost 218.928 + 8106.09 = 8325.01 over 1082 frames.
BarrySchwartz_2005G-0080992-0082076 the reason i felt worse is that what all these options available my expectations about how to repair change should be wind up 
LOG (lattice-best-path:main():lattice-best-path.cc:99) For utterance BarrySchwartz_2005G-0082076-0083475, best cost 322.442 + 10692.1 = 11014.6 over 1397 frames.
BarrySchwartz_2005G-0082076-0083475 i had very little to no particular expectations for the weekend once we were working together flavors that a woman should understand why there was good but wasn't perfect and so i compare what i got all excited 
LOG (lattice-best-path:main():lattice-best-path.cc:99) For utterance BarrySchwartz_2005G-0083475-0084041, best cost 131.662 + 4304.55 = 4436.21 over 564 frames.
BarrySchwartz_2005G-0083475-0084041 when i got was disappointing in comparison to what i expected any options to people's lives 
LOG (lattice-best-path:main():lattice-best-path.cc:99) For utterance BarrySchwartz_2005G-0084041-0085502, best cost 334.175 + 11131.5 = 11465.7 over 1459 frames.
BarrySchwartz_2005G-0084041-0085502 it hopes to increase the expectations people have about how good those options will be aware that and produces one satisfaction with with results the weather conditions nobody in the world of marketing noses 
LOG (lattice-best-path:main():lattice-best-path.cc:99) For utterance BarrySchwartz_2005G-0085502-0085781, best cost 35.9317 + 2039.85 = 2075.78 over 277 frames.
BarrySchwartz_2005G-0085502-0085781 but if they did 
LOG (lattice-best-path:main():lattice-best-path.cc:99) For utterance BarrySchwartz_2005G-0085781-0086326, best cost 89.7226 + 3913.67 = 4003.39 over 543 frames.
BarrySchwartz_2005G-0085781-0086326 you will notice was about the truth is more like this 
LOG (lattice-best-path:main():lattice-best-path.cc:99) For utterance BarrySchwartz_2005G-0086674-0087775, best cost 263.985 + 8468.5 = 8732.49 over 1099 frames.
BarrySchwartz_2005G-0086674-0087775 the reason that everything was better than when everything was worse is that when everything was worse it was actually possible for people to have experiences that were present products 
LOG (lattice-best-path:main():lattice-best-path.cc:99) For utterance BarrySchwartz_2005G-0087775-0088887, best cost 254.535 + 8409.4 = 8663.93 over 1110 frames.
BarrySchwartz_2005G-0087775-0088887 nowadays the world we live in a way that would industrialize citizens with perfection expectation the best you can ever hope for is that as the position you expected 
LOG (lattice-best-path:main():lattice-best-path.cc:99) For utterance BarrySchwartz_2005G-0088887-0090231, best cost 260.562 + 9994.44 = 10255 over 1342 frames.
BarrySchwartz_2005G-0088887-0090231 you will never be pleasantly surprised because your expectations were expectations about the group the secret to happiness as we're talking for synthetic happiness is low expectations 
LOG (lattice-best-path:main():lattice-best-path.cc:99) For utterance BarrySchwartz_2005G-0091167-0092769, best cost 314.58 + 11922.3 = 12236.9 over 1600 frames.
BarrySchwartz_2005G-0091167-0092769 i would say just one of them will fire at the moment that i actually rather too wide and then she's really quite wonderful i could have done better in itself but so is the most vexing problem 
LOG (lattice-best-path:main():lattice-best-path.cc:99) For utterance BarrySchwartz_2005G-0092769-0094116, best cost 299.441 + 10314.4 = 10613.9 over 1345 frames.
BarrySchwartz_2005G-0092769-0094116 one consequence of beiderbecke anchorages when there's only one kind of like is that when you were dissatisfied anyway as widely as possible this rescue the world's just what would you do 
LOG (lattice-best-path:main():lattice-best-path.cc:99) For utterance BarrySchwartz_2005G-0094116-0095401, best cost 262.86 + 9631.05 = 9893.91 over 1283 frames.
BarrySchwartz_2005G-0094116-0095401 when there are hundreds of diversity is available and you by one that's disappointing u.s. wireless as possible is equally if we are to be asked the question is you 
LOG (lattice-best-path:main():lattice-best-path.cc:99) For utterance BarrySchwartz_2005G-0095401-0096794, best cost 288.962 + 10528.1 = 10817.1 over 1391 frames.
BarrySchwartz_2005G-0095401-0096794 you could have done better with about one hundred different ideas on display there's no excuse for failure and so when people make decisions and even more voters also decisions for what they feel disappointed 
LOG (lattice-best-path:main():lattice-best-path.cc:99) For utterance BarrySchwartz_2005G-0096794-0099151, best cost 532.948 + 17891.8 = 18424.7 over 2355 frames.
BarrySchwartz_2005G-0096794-0099151 about out between themselves clinical depression has exploded in industry worldwide generation i believe is significant that the only been a significant contributor to this explosion of depression and also suicide is that people have experience as disappointing as educators is alive and then what happens when the disgraced themselves they think they are at fault 
LOG (lattice-best-path:main():lattice-best-path.cc:99) For utterance BarrySchwartz_2005G-0099151-0099870, best cost 154.035 + 5288.48 = 5442.52 over 717 frames.
BarrySchwartz_2005G-0099151-0099870 and so the net result is that we do better temple in general objectively every few words 
LOG (lattice-best-path:main():lattice-best-path.cc:99) For utterance BarrySchwartz_2005G-0099870-0100615, best cost 132.259 + 5374.13 = 5506.39 over 743 frames.
BarrySchwartz_2005G-0099870-0100615 so let me remind you this is the official forum where we all pay to be true 
LOG (lattice-best-path:main():lattice-best-path.cc:99) For utterance BarrySchwartz_2005G-0100615-0101431, best cost 145.808 + 5773.27 = 5919.08 over 814 frames.
BarrySchwartz_2005G-0100615-0101431 asphalt falls is not true there's no question that some choices better venom 
LOG (lattice-best-path:main():lattice-best-path.cc:99) For utterance BarrySchwartz_2005G-0101431-0102631, best cost 268.576 + 9033.71 = 9302.29 over 1198 frames.
BarrySchwartz_2005G-0101431-0102631 but it doesn't format and more choices better than some chose this a medical marijuana is utterly confident that we have long since passed the point where options improve 
LOG (lattice-best-path:main():lattice-best-path.cc:99) For utterance BarrySchwartz_2005G-0102631-0103651, best cost 203.2 + 7475.59 = 7678.79 over 1018 frames.
BarrySchwartz_2005G-0102631-0103651 our welfare now has a policy marathon is a policy that are the thing to think about is what enables all this choice 
LOG (lattice-best-path:main():lattice-best-path.cc:99) For utterance BarrySchwartz_2005G-0103651-0104500, best cost 183.472 + 6218.38 = 6401.85 over 847 frames.
BarrySchwartz_2005G-0103651-0104500 in augusta societies is that your wackos there are lots of places in the world we've heard about several of them 
LOG (lattice-best-path:main():lattice-best-path.cc:99) For utterance BarrySchwartz_2005G-0104500-0105476, best cost 236.744 + 7430.14 = 7666.88 over 974 frames.
BarrySchwartz_2005G-0104500-0105476 well the problem is not that they have too much choice their problems that they have to local services i'm talking about is the peculiar problem of modern 
LOG (lattice-best-path:main():lattice-best-path.cc:99) For utterance BarrySchwartz_2005G-0105483-0106567, best cost 222.769 + 8068.9 = 8291.67 over 1082 frames.
BarrySchwartz_2005G-0105483-0106567 at ford western societies was so frustrated during this is the one that got yesterday about how this expensive and difficult ones so 
LOG (lattice-best-path:main():lattice-best-path.cc:99) For utterance BarrySchwartz_2005G-0106690-0107078, best cost 64.7734 + 2794.3 = 2859.07 over 386 frames.
BarrySchwartz_2005G-0106690-0107078 if constituencies both hope 
LOG (lattice-best-path:main():lattice-best-path.cc:99) For utterance BarrySchwartz_2005G-0107078-0108308, best cost 244.655 + 9212.61 = 9457.27 over 1228 frames.
BarrySchwartz_2005G-0107078-0108308 it's a waste of money what i'm telling you is that these expensive complicated choices is not simply the tabletop that we heard that we may get worse 
LOG (lattice-best-path:main():lattice-best-path.cc:99) For utterance BarrySchwartz_2005G-0108308-0109445, best cost 246.723 + 8400.29 = 8647.01 over 1135 frames.
BarrySchwartz_2005G-0108308-0109445 off it's about what enables people in our societies today on the choices we make we're shifted to societies in which people have too few options 
LOG (lattice-best-path:main():lattice-best-path.cc:99) For utterance BarrySchwartz_2005G-0109445-0110503, best cost 242.362 + 8164.82 = 8407.19 over 1056 frames.
BarrySchwartz_2005G-0109445-0110503 now one of those people i speak truth to power should be improved also is what economists call prego improving low income redistribution will make everyone 
LOG (lattice-best-path:main():lattice-best-path.cc:99) For utterance BarrySchwartz_2005G-0110503-0111279, best cost 136.638 + 5683.63 = 5820.27 over 774 frames.
BarrySchwartz_2005G-0110503-0111279 there was just forty because of the homeless registers points so to conclude 
LOG (lattice-best-path:main():lattice-best-path.cc:99) For utterance BarrySchwartz_2005G-0111279-0112192, best cost 193.459 + 6742.61 = 6936.07 over 911 frames.
BarrySchwartz_2005G-0111279-0112192 this country this cartoon and a sophisticated person say what is just to show you know that it is possible that this fall 
LOG (lattice-best-path:main():lattice-best-path.cc:99) For utterance BarrySchwartz_2005G-0112295-0113151, best cost 203.944 + 6471.96 = 6675.91 over 854 frames.
BarrySchwartz_2005G-0112295-0113151 impoverished imagination myopic view the world that's where the first with obama however the more i came to the view that is 
LOG (lattice-best-path:main():lattice-best-path.cc:99) For utterance BarrySchwartz_2005G-0113151-0114308, best cost 218.045 + 8478.43 = 8696.47 over 1155 frames.
BarrySchwartz_2005G-0113151-0114308 this notion that the truth of the matter is that if you share a fishbowl so that everything is possible you have freedom you have grounds 
LOG (lattice-best-path:main():lattice-best-path.cc:99) For utterance BarrySchwartz_2005G-0114308-0115008, best cost 136.686 + 5076.65 = 5213.34 over 698 frames.
BarrySchwartz_2005G-0114308-0115008 if you share this fish also that everything is possible you decrease satisfaction 
LOG (lattice-best-path:main():lattice-best-path.cc:99) For utterance BarrySchwartz_2005G-0115008-0115842, best cost 184.402 + 6199.4 = 6383.81 over 832 frames.
BarrySchwartz_2005G-0115008-0115842 you increase paralysis and decrease satisfaction everybody needs official this one is culturally two women 
LOG (lattice-best-path:main():lattice-best-path.cc:99) For utterance BarrySchwartz_2005G-0115842-0116905, best cost 235.299 + 7946.45 = 8181.75 over 1061 frames.
BarrySchwartz_2005G-0115842-0116905 perhaps even further fish germany france but the absence of some of metaphor footballers recipe for misery and i suspect that thank you very much 
LOG (lattice-best-path:main():lattice-best-path.cc:99) For utterance BlaiseAguerayArcas_2007-0001220-0001572, best cost 64.0249 + 2563.32 = 2627.34 over 350 frames.
BlaiseAguerayArcas_2007-0001220-0001572 especially for services to san francisco 
LOG (lattice-best-path:main():lattice-best-path.cc:99) For utterance BlaiseAguerayArcas_2007-0001572-0002425, best cost 197.658 + 6389 = 6586.66 over 851 frames.
BlaiseAguerayArcas_2007-0001572-0002425 this is a foundation for science and technology the deliberate microscopes proposition opens up your goal but this is the driving 
LOG (lattice-best-path:main():lattice-best-path.cc:99) For utterance BlaiseAguerayArcas_2007-0002425-0004061, best cost 344.108 + 12224.5 = 12568.6 over 1634 frames.
BlaiseAguerayArcas_2007-0002425-0004061 and it's in partnership environment we are more interactive vast amounts of the virtual world in many many gigabytes of competition photosynthesis in seamlessly into the criticism in an interesting ratio between one and so 
LOG (lattice-best-path:main():lattice-best-path.cc:99) For utterance BlaiseAguerayArcas_2007-0004061-0005460, best cost 302.438 + 10442.2 = 10744.6 over 1397 frames.
BlaiseAguerayArcas_2007-0004061-0005460 it doesn't matter how much information multiple babies collections are or how these images are animals that are very difficult for citizen is of course a self-employed recovers and southern africa but his life 
LOG (lattice-best-path:main():lattice-best-path.cc:99) For utterance BlaiseAguerayArcas_2007-0005460-0006285, best cost 197.434 + 6199.13 = 6396.56 over 823 frames.
BlaiseAguerayArcas_2007-0005460-0006285 but that doesn't make any difference because using the mother bought one of the performances like this one is markets are screened at any given moment 
LOG (lattice-best-path:main():lattice-best-path.cc:99) For utterance BlaiseAguerayArcas_2007-0006285-0007452, best cost 229.14 + 8565.44 = 8794.58 over 1165 frames.
BlaiseAguerayArcas_2007-0006285-0007452 but it also reflects architecture those differences example phenomenon emerged out of the system because what happens every american visitors chapter 
LOG (lattice-best-path:main():lattice-best-path.cc:99) For utterance BlaiseAguerayArcas_2007-0007452-0008335, best cost 191.675 + 6536.55 = 6728.22 over 881 frames.
BlaiseAguerayArcas_2007-0007452-0008335 and those two students that respects not intimidating something like so utterly shows over the proposition that participated 
LOG (lattice-best-path:main():lattice-best-path.cc:99) For utterance BlaiseAguerayArcas_2007-0008335-0009847, best cost 351.732 + 11294.2 = 11645.9 over 1510 frames.
BlaiseAguerayArcas_2007-0008335-0009847 only his second artificially sweetened you bought the development of this isn't always the case as much as the guardian everyone watching this is the beginning of a section of his legacy and enjoying the experience of reading all the goalkeeper for sharapova 
LOG (lattice-best-path:main():lattice-best-path.cc:99) For utterance BlaiseAguerayArcas_2007-0009847-0010886, best cost 215.082 + 7685.62 = 7900.71 over 1037 frames.
BlaiseAguerayArcas_2007-0009847-0010886 the magazine or newspaper which is incredibly stupid medium or possibly something with a quarter of those particular issues regarding the mediterranean 
LOG (lattice-best-path:main():lattice-best-path.cc:99) For utterance BlaiseAguerayArcas_2007-0010886-0012134, best cost 244.605 + 9280.86 = 9525.47 over 1246 frames.
BlaiseAguerayArcas_2007-0010886-0012134 this requires you to go ahead and what's going on here and we intend to continue the significance of this forty six years or older also or even the institutions 

gzip: gmm_recog/lat.1.gz: unexpected end of file
ERROR: VectorFst::Read: read failed: <unspecified>
WARNING (lattice-scale:ReadCompactLattice():kaldi-lattice.cc:351) Error reading compact lattice (after reading header).
WARNING (lattice-scale:Next():util/kaldi-table-inl.h:574) Object read failed, reading archive 'gunzip -c gmm_recog/lat.*.gz|'
LOG (lattice-scale:main():lattice-scale.cc:90) Done 164 lattices.
WARNING (lattice-scale:Close():kaldi-io.cc:501) Pipe gunzip -c gmm_recog/lat.*.gz| had nonzero return status 256
ERROR (lattice-scale:~SequentialTableReaderArchiveImpl():util/kaldi-table-inl.h:678) TableReader: error detected closing archive 'gunzip -c gmm_recog/lat.*.gz|'

[ Stack-Trace: ]
lattice-scale() [0x67967a]
kaldi::MessageLogger::HandleMessage(kaldi::LogMessageEnvelope const&, char const*)
kaldi::MessageLogger::~MessageLogger()
kaldi::SequentialTableReaderArchiveImpl<kaldi::CompactLatticeHolder>::~SequentialTableReaderArchiveImpl()
kaldi::SequentialTableReaderArchiveImpl<kaldi::CompactLatticeHolder>::~SequentialTableReaderArchiveImpl()
kaldi::SequentialTableReader<kaldi::CompactLatticeHolder>::~SequentialTableReader()
main
__libc_start_main
lattice-scale() [0x5927c9]

LOG (lattice-best-path:main():lattice-best-path.cc:99) For utterance BlaiseAguerayArcas_2007-0012134-0013412, best cost 256.295 + 9473.01 = 9729.31 over 1276 frames.
BlaiseAguerayArcas_2007-0012134-0013412 and as soon as we get to decide who supposedly doing away with the windows limits on one zero zero that this isn't a moral philosopher wrote about the nursing home 
LOG (lattice-add-penalty:main():lattice-add-penalty.cc:62) Done adding word insertion penalty to 164 lattices.
LOG (lattice-best-path:main():lattice-best-path.cc:99) For utterance BlaiseAguerayArcas_2007-0013412-0014299, best cost 213.031 + 6830.55 = 7043.58 over 885 frames.
BlaiseAguerayArcas_2007-0013412-0014299 of course that is one of the strongest applications for stuart weitzman is alive in the sense that i wanted to say that we have things but as soon as well 
LOG (lattice-best-path:main():lattice-best-path.cc:124) Overall cost per frame is 7.76759 = 0.212217 [graph] + 7.55538 [acoustic] over 162327 frames.
LOG (lattice-best-path:main():lattice-best-path.cc:128) Done 164 lattices, failed for 0
# Accounting: time=225 threads=1
# Ended (code 0) at Mon Dec  5 17:13:46 EET 2016, elapsed time 225 seconds
