# lattice-scale --inv-acoustic-scale=10 "ark:gunzip -c gmm_recog/lat.*.gz|" ark:- | lattice-add-penalty --word-ins-penalty=1.0 ark:- ark:- | lattice-best-path --word-symbol-table=mono/graph/words.txt ark:- ark,t:- | utils/int2sym.pl -f 2- mono/graph/words.txt | cat > gmm_recog/scoring_kaldi/penalty_1.0/10.txt 
# Started at Mon Dec  5 17:10:00 EET 2016
#
lattice-best-path --word-symbol-table=mono/graph/words.txt ark:- ark,t:- 
lattice-add-penalty --word-ins-penalty=1.0 ark:- ark:- 
lattice-scale --inv-acoustic-scale=10 'ark:gunzip -c gmm_recog/lat.*.gz|' ark:- 
LOG (lattice-best-path:main():lattice-best-path.cc:99) For utterance AlGore_2009-0001304-0002346, best cost 263.079 + 10556.5 = 10819.6 over 1040 frames.
AlGore_2009-0001304-0002346 so these two slices that demonstrate that your entire step which for most of the last three billion years has been the size of the lower forty eight states a strong by forty percent 
LOG (lattice-best-path:main():lattice-best-path.cc:99) For utterance AlGore_2009-0002346-0004004, best cost 404.359 + 16845.9 = 17250.2 over 1656 frames.
AlGore_2009-0002346-0004004 but this understates the seriousness of this particular problem because it doesn't show the thickness of the ice yorick icecap is in a sense of the beating heart of the global climate system because there's anywhere and contract since about the bedside i'd show you will be 
LOG (lattice-best-path:main():lattice-best-path.cc:99) For utterance AlGore_2009-0004004-0005268, best cost 290.364 + 12905.9 = 13196.3 over 1262 frames.
AlGore_2009-0004004-0005268 rapid transport of what happened over the last twenty five years the polymer biases more contract the f.e.c. inexpensive with or without the genuine somewhere in the contracts in summer 
LOG (lattice-best-path:main():lattice-best-path.cc:99) For utterance AlGore_2009-0005268-0006029, best cost 191.543 + 7782.47 = 7974.01 over 759 frames.
AlGore_2009-0005268-0006029 and the so called to minimize five years overall earnings is almost weibo weibo spilling out of the body here 
LOG (lattice-best-path:main():lattice-best-path.cc:99) For utterance AlGore_2009-0006260-0006905, best cost 143.594 + 6460.54 = 6604.13 over 643 frames.
AlGore_2009-0006260-0006905 in twenty five years it's gone from this the best this is a problem because the warming 
LOG (lattice-best-path:main():lattice-best-path.cc:99) For utterance AlGore_2009-0006905-0008633, best cost 446.86 + 17853.4 = 18300.3 over 1726 frames.
AlGore_2009-0006905-0008633 he stopped the frozen ground round your approaching four there's a massive amount of frozen carbon which one of force is turned into methane by microbes compared to the total amount of global warming pollution in the atmosphere that amount to double if we cross this tipping point 
LOG (lattice-best-path:main():lattice-best-path.cc:99) For utterance AlGore_2009-0008633-0009790, best cost 301.55 + 11907.3 = 12208.9 over 1155 frames.
AlGore_2009-0008633-0009790 already socialism lasted methane is actively baldwin about the water that are to be water from the university of alaska without with another team to another shot late last month 
LOG (lattice-best-path:main():lattice-best-path.cc:99) For utterance AlGore_2009-0011068-0011830, best cost 193.226 + 7619.09 = 7812.31 over 760 frames.
AlGore_2009-0011068-0011830 he's ok the question is whether we will be and one reason is this enormous he'd city subway one from the north 
LOG (lattice-best-path:main():lattice-best-path.cc:99) For utterance AlGore_2009-0011830-0012659, best cost 213.616 + 7974.52 = 8188.13 over 827 frames.
AlGore_2009-0011830-0012659 this is an annual melting river but the volumes are much more true than ever this is the thing to say really southwest 
LOG (lattice-best-path:main():lattice-best-path.cc:99) For utterance AlGore_2009-0012659-0013511, best cost 212.835 + 8242.79 = 8455.62 over 850 frames.
AlGore_2009-0012659-0013511 freeman if you would know how sea level rises from wednesday's ice melting this is where it leads to see these costs are increasing rapidly 
LOG (lattice-best-path:main():lattice-best-path.cc:99) For utterance AlGore_2009-0013511-0014534, best cost 284.277 + 10626 = 10910.3 over 1021 frames.
AlGore_2009-0013511-0014534 at the other end of the planet antarctica towards massive ice on the planet westmont scientists are already at our common is now a negative icebound and west antarctica 
LOG (lattice-best-path:main():lattice-best-path.cc:99) For utterance AlGore_2009-0014534-0015409, best cost 240.34 + 9074.41 = 9314.75 over 873 frames.
AlGore_2009-0014534-0015409 drop the bomb possible mercy iowans is tightly wrapped up in a small thing that's the call that we see conceivable that his credo 
LOG (lattice-best-path:main():lattice-best-path.cc:99) For utterance AlGore_2009-0015409-0016856, best cost 402.86 + 15137.3 = 15540.1 over 1445 frames.
AlGore_2009-0015409-0016856 in animal is the third largest mass abayas at the top u.c.u. lakes with a few years ago or glaciers we personable beyond the world of after drinking water from a melting pot in the andes this glacier is a source of drinking water for the city 
LOG (lattice-best-path:main():lattice-best-path.cc:99) For utterance AlGore_2009-0016856-0018678, best cost 456.967 + 18538.3 = 18995.3 over 1820 frames.
AlGore_2009-0016856-0018678 the flows of increase but we may go away so that much of the drinking water in california there's the four percent decline in the sierra snowpack buses in reservoirs and productions as you read or serious is trying to round the world has led to a dramatic increase in fires 
LOG (lattice-best-path:main():lattice-best-path.cc:99) For utterance AlGore_2009-0018678-0020516, best cost 379.455 + 18719.3 = 19098.7 over 1836 frames.
AlGore_2009-0018678-0020516 and the disasters all around the world have been increasing at an absolutely extraordinary an unprecedented rate four times as many in the last three years as in the previous seventy five this is a completely unsustainable and if you look at in the context of history you can see 
LOG (lattice-best-path:main():lattice-best-path.cc:99) For utterance AlGore_2009-0020516-0020955, best cost 37.4538 + 4009.94 = 4047.39 over 437 frames.
AlGore_2009-0020516-0020955 what this is doing 
LOG (lattice-best-path:main():lattice-best-path.cc:99) For utterance AlGore_2009-0020955-0021791, best cost 195.511 + 8504.17 = 8699.68 over 834 frames.
AlGore_2009-0020955-0021791 in the last five years without a seventy million tons of c o two every twenty four hours with five billion tons everyday to the oceans 
LOG (lattice-best-path:main():lattice-best-path.cc:99) For utterance AlGore_2009-0021791-0022916, best cost 300.193 + 11706.8 = 12007 over 1123 frames.
AlGore_2009-0021791-0022916 look carefully at the revenues from the survey from the americas extending westwood and on either side of the indian subcontinent or there's a radical that within a bottoming in the oceans 
LOG (lattice-best-path:main():lattice-best-path.cc:99) For utterance AlGore_2009-0022916-0023668, best cost 184.101 + 7872.89 = 8057 over 750 frames.
AlGore_2009-0022916-0023668 the biggest single cause of global warming along with deforestation were just one person because the burning of fossil fuels was a product 
LOG (lattice-best-path:main():lattice-best-path.cc:99) For utterance AlGore_2009-0023668-0025415, best cost 417.842 + 17950.4 = 18368.2 over 1745 frames.
AlGore_2009-0023668-0025415 and call is the most serious prompt the united states is one of the two largest emitters on the tarmac and a proposal has been to build a lot more coal plants but we're beginning to see a sea change are the ones that have been tested in the last two years with a green alternatives to perform 
LOG (lattice-best-path:main():lattice-best-path.cc:99) For utterance AlGore_2009-0025415-0027030, best cost 341.076 + 16435.9 = 16776.9 over 1613 frames.
AlGore_2009-0025415-0027030 however there is a political battle in our country and coal industries and we all must respect for the billion more some less counter your promoting we call which is an oxymoron that image reminded me of something 
LOG (lattice-best-path:main():lattice-best-path.cc:99) For utterance AlGore_2009-0027370-0028949, best cost 415.283 + 16523.3 = 16938.6 over 1577 frames.
AlGore_2009-0027370-0028949 a white christmas in my home intimacy a billion gallons of course why it was that you probably saw on the news this all over the country to sag awards were screened in america this abengoa brown christmas would call industries that one christmas was of course 
LOG (lattice-best-path:main():lattice-best-path.cc:99) For utterance AlGore_2009-0030430-0031168, best cost 162.306 + 7225.4 = 7387.71 over 736 frames.
AlGore_2009-0030430-0031168 the source of much of that no one was hurt in the enormous amount of minor is the enigmatic all 
LOG (lattice-best-path:main():lattice-best-path.cc:99) For utterance AlGore_2009-0031304-0031979, best cost 98.2264 + 6907.76 = 7005.99 over 673 frames.
AlGore_2009-0031304-0031979 o'rourke nancy pelosi harry a little uncomfortable 
LOG (lattice-best-path:main():lattice-best-path.cc:99) For utterance AlGore_2009-0031979-0032607, best cost 164.768 + 6400.09 = 6564.86 over 626 frames.
AlGore_2009-0031979-0032607 so the alliance for climate protection as wants the two campaigns this is so one of them or that one of them 
LOG (lattice-best-path:main():lattice-best-path.cc:99) For utterance AlGore_2009-0032607-0033881, best cost 319.349 + 13101.8 = 13421.1 over 1272 frames.
AlGore_2009-0032607-0033881 she we view climate change is a very serious threat to world as much as we made our primary goal to spend a large sum of money online advertising efforts to bring out and complicate the truth about goals 
LOG (lattice-best-path:main():lattice-best-path.cc:99) For utterance AlGore_2009-0033881-0034242, best cost 74.2274 + 3551.27 = 3625.49 over 359 frames.
AlGore_2009-0033881-0034242 the scientists call mr including italy 
LOG (lattice-best-path:main():lattice-best-path.cc:99) For utterance AlGore_2009-0034336-0034477, best cost 29.9467 + 1345.66 = 1375.61 over 139 frames.
AlGore_2009-0034336-0034477 so stay tuned 
LOG (lattice-best-path:main():lattice-best-path.cc:99) For utterance AlGore_2009-0034538-0035003, best cost 74.4954 + 4370.54 = 4445.03 over 463 frames.
AlGore_2009-0034538-0035003 so don't worry about climate change and these animals 
LOG (lattice-best-path:main():lattice-best-path.cc:99) For utterance AlGore_2009-0035176-0035680, best cost 109.032 + 5407.93 = 5516.96 over 502 frames.
AlGore_2009-0035176-0035680 bingo added to the senate or the stadio olimpico facilities 
LOG (lattice-best-path:main():lattice-best-path.cc:99) For utterance AlGore_2009-0035977-0036537, best cost 27.0658 + 6176.77 = 6203.83 over 558 frames.
AlGore_2009-0035977-0036537 this 
LOG (lattice-best-path:main():lattice-best-path.cc:99) For utterance AlGore_2009-0036643-0037401, best cost 17.168 + 8624.9 = 8642.07 over 756 frames.
AlGore_2009-0036643-0037401 
LOG (lattice-best-path:main():lattice-best-path.cc:99) For utterance AlGore_2009-0037401-0037909, best cost 45.2297 + 5362.44 = 5407.67 over 506 frames.
AlGore_2009-0037401-0037909 method acting 
LOG (lattice-best-path:main():lattice-best-path.cc:99) For utterance AlGore_2009-0037909-0038534, best cost 139.62 + 6579.06 = 6718.68 over 623 frames.
AlGore_2009-0037909-0038534 finally the cost of alternative matches with economic challenge of our national security challenge 
LOG (lattice-best-path:main():lattice-best-path.cc:99) For utterance AlGore_2009-0038534-0039066, best cost 77.2004 + 5285.85 = 5363.05 over 530 frames.
AlGore_2009-0038534-0039066 there is some trusts his insurer hiscox 
LOG (lattice-best-path:main():lattice-best-path.cc:99) For utterance AlGore_2009-0039066-0039615, best cost 73.4693 + 5612.34 = 5685.8 over 547 frames.
AlGore_2009-0039066-0039615 more prestigious convinced industry 
LOG (lattice-best-path:main():lattice-best-path.cc:99) For utterance AlGore_2009-0039615-0040079, best cost 34.751 + 4641.34 = 4676.09 over 462 frames.
AlGore_2009-0039615-0040079 this whole 
LOG (lattice-best-path:main():lattice-best-path.cc:99) For utterance AlGore_2009-0040079-0040921, best cost 127.939 + 8711.62 = 8839.56 over 840 frames.
AlGore_2009-0040079-0040921 one hundred percent clean electricity here's one in a hundred years after his horses 
LOG (lattice-best-path:main():lattice-best-path.cc:99) For utterance AlGore_2009-0040921-0041490, best cost 66.3228 + 5684.87 = 5751.19 over 567 frames.
AlGore_2009-0040921-0041490 leap forward in time of war 
LOG (lattice-best-path:main():lattice-best-path.cc:99) For utterance AlGore_2009-0041490-0041607, best cost 36.7821 + 1144.91 = 1181.69 over 115 frames.
AlGore_2009-0041490-0041607 as his last one 
LOG (lattice-best-path:main():lattice-best-path.cc:99) For utterance AlGore_2009-0042315-0043056, best cost 139.745 + 6930.35 = 7070.1 over 739 frames.
AlGore_2009-0042315-0043056 every hour that no one has wasted fundamental very few scheduling conflict 
LOG (lattice-best-path:main():lattice-best-path.cc:99) For utterance AlGore_2009-0043195-0043622, best cost 86.4066 + 4046.35 = 4132.75 over 425 frames.
AlGore_2009-0043195-0043622 you took over here with some of the new emerging threats 
LOG (lattice-best-path:main():lattice-best-path.cc:99) For utterance AlGore_2009-0043770-0044092, best cost 57.656 + 3041.63 = 3099.29 over 320 frames.
AlGore_2009-0043770-0044092 universal suffrage high paying jobs 
LOG (lattice-best-path:main():lattice-best-path.cc:99) For utterance AlGore_2009-0044281-0044591, best cost 58.2132 + 2888.39 = 2946.6 over 308 frames.
AlGore_2009-0044281-0044591 the power management and real 
LOG (lattice-best-path:main():lattice-best-path.cc:99) For utterance AlGore_2009-0044591-0045669, best cost 218.163 + 10974.8 = 11193 over 1076 frames.
AlGore_2009-0044591-0045669 there's an old african proverb that says if you would look what we call if your goal for go together we need to go for what we 
LOG (lattice-best-path:main():lattice-best-path.cc:99) For utterance AlGore_2009-0045669-0045797, best cost 26.1767 + 1197.76 = 1223.94 over 126 frames.
AlGore_2009-0045669-0045797 by government 
LOG (lattice-best-path:main():lattice-best-path.cc:99) For utterance BarrySchwartz_2005G-0001224-0001955, best cost 184.018 + 7136.36 = 7320.38 over 729 frames.
BarrySchwartz_2005G-0001224-0001955 talk about some stuff that in his book of mine that i hope will resonate with other things that you've already heard about china 
LOG (lattice-best-path:main():lattice-best-path.cc:99) For utterance BarrySchwartz_2005G-0001955-0002689, best cost 169.771 + 6968.65 = 7138.42 over 732 frames.
BarrySchwartz_2005G-0001955-0002689 make some connections myself in case you missed them will start with what i call the official ball 
LOG (lattice-best-path:main():lattice-best-path.cc:99) For utterance BarrySchwartz_2005G-0002689-0003874, best cost 270.26 + 11306.7 = 11576.9 over 1183 frames.
BarrySchwartz_2005G-0002689-0003874 if you bought ofwat efficient all of all western industrial societies inefficient morons like this if we are interested in maximizing the welfare of our citizens 
LOG (lattice-best-path:main():lattice-best-path.cc:99) For utterance BarrySchwartz_2005G-0003874-0004912, best cost 199.719 + 9601.02 = 9800.74 over 1036 frames.
BarrySchwartz_2005G-0003874-0004912 the way to do that is to maximize individual freedom the reason for this is both that freedom is in and of itself good 
LOG (lattice-best-path:main():lattice-best-path.cc:99) For utterance BarrySchwartz_2005G-0004912-0006224, best cost 316.338 + 12479 = 12795.3 over 1310 frames.
BarrySchwartz_2005G-0004912-0006224 the new ball worthwhile essential to be human and because if people have freedom that each of us come back tomorrow to do the things that we maximize our welfare no one has to decide on our behalf 
LOG (lattice-best-path:main():lattice-best-path.cc:99) For utterance BarrySchwartz_2005G-0006224-0007545, best cost 260.111 + 12077.7 = 12337.8 over 1319 frames.
BarrySchwartz_2005G-0006224-0007545 the way to maximise freedom is to maximise towards the more choice people have the more freedom they have no more freedom they have the more will further 
LOG (lattice-best-path:main():lattice-best-path.cc:99) For utterance BarrySchwartz_2005G-0007545-0008962, best cost 213.399 + 12966.4 = 13179.8 over 1415 frames.
BarrySchwartz_2005G-0007545-0008962 this i think is so deeply embedded in the water supply that would occur to anyone crashed and it also deeply embedded in our lives 
LOG (lattice-best-path:main():lattice-best-path.cc:99) For utterance BarrySchwartz_2005G-0008962-0009855, best cost 183.396 + 8364.09 = 8547.49 over 891 frames.
BarrySchwartz_2005G-0008962-0009855 give you some examples of what modern progress has made possible for us this is my supermarket but such a big one 
LOG (lattice-best-path:main():lattice-best-path.cc:99) For utterance BarrySchwartz_2005G-0009855-0010532, best cost 187.538 + 6561.62 = 6749.16 over 675 frames.
BarrySchwartz_2005G-0009855-0010532 or assailants were about sow addressing or seventy five soccer season was supermarket if you don't count 
LOG (lattice-best-path:main():lattice-best-path.cc:99) For utterance BarrySchwartz_2005G-0010532-0011842, best cost 326.069 + 12688.4 = 13014.4 over 1308 frames.
BarrySchwartz_2005G-0010532-0011842 that had better virtual worlds kentwell hall semiconductors you combine to make a very large number of your own so addresses the off chance that the other seventy five the store has to offer jooce 
LOG (lattice-best-path:main():lattice-best-path.cc:99) For utterance BarrySchwartz_2005G-0011842-0012947, best cost 274.025 + 10731.5 = 11005.5 over 1103 frames.
BarrySchwartz_2005G-0011842-0012947 so this is what the shooter games like and then you go to the consumer electronics or senator stereo system speaker cd player tape player to rapid fire and in this world 
LOG (lattice-best-path:main():lattice-best-path.cc:99) For utterance BarrySchwartz_2005G-0012947-0013956, best cost 192.462 + 9410.08 = 9602.54 over 1007 frames.
BarrySchwartz_2005G-0012947-0013956 single consumer electronics store there are that many stereo systems we can construct six and a half million 
LOG (lattice-best-path:main():lattice-best-path.cc:99) For utterance BarrySchwartz_2005G-0013956-0015043, best cost 224.781 + 10328.4 = 10553.2 over 1085 frames.
BarrySchwartz_2005G-0013956-0015043 the first resistance and components are on offer one story about an abattoir choice in other domains the world global communications 
LOG (lattice-best-path:main():lattice-best-path.cc:99) For utterance BarrySchwartz_2005G-0015043-0016393, best cost 354.971 + 12849.9 = 13204.9 over 1348 frames.
BarrySchwartz_2005G-0015043-0016393 there was a time when i was a boy when you can get any control for search you want the swiss came from although you wreckage are forbidden by one consequence of that by the way is that before never broke and rome 
LOG (lattice-best-path:main():lattice-best-path.cc:99) For utterance BarrySchwartz_2005G-0016393-0017265, best cost 207.388 + 8312.53 = 8519.92 over 870 frames.
BarrySchwartz_2005G-0016393-0017265 those days are now we now have an almost unlimited variety of phones especially the world cellphones user cellphones in the future 
LOG (lattice-best-path:main():lattice-best-path.cc:99) For utterance BarrySchwartz_2005G-0017265-0017960, best cost 148.42 + 6715.79 = 6864.21 over 693 frames.
BarrySchwartz_2005G-0017265-0017960 my favorite is the morning mp three player knows her children properly torch added 
LOG (lattice-best-path:main():lattice-best-path.cc:99) For utterance BarrySchwartz_2005G-0018189-0019251, best cost 271.026 + 10394.1 = 10665.2 over 1060 frames.
BarrySchwartz_2005G-0018189-0019251 if i suggest you haven't seen added years forget you can rest assured that one day shoot you well what is the sinhalese people talking to their scores asking this question 
LOG (lattice-best-path:main():lattice-best-path.cc:99) For utterance BarrySchwartz_2005G-0019251-0020164, best cost 185.039 + 8684.7 = 8869.74 over 911 frames.
BarrySchwartz_2005G-0019251-0020164 and you know the answer to this question now is the answer is no it is not possible to myself letters into too much so 
LOG (lattice-best-path:main():lattice-best-path.cc:99) For utterance BarrySchwartz_2005G-0020164-0021506, best cost 285.163 + 12774.8 = 13059.9 over 1340 frames.
BarrySchwartz_2005G-0020164-0021506 in other aspects of life in a much more significant than now buying things the same topics portion of choice is true in health care is more vacation united states thank you 
LOG (lattice-best-path:main():lattice-best-path.cc:99) For utterance BarrySchwartz_2005G-0021506-0022404, best cost 238.84 + 8726.58 = 8965.42 over 896 frames.
BarrySchwartz_2005G-0021506-0022404 or the doctrine of that tells you what to do instead you go to the doctor to doctor tells you a weekend away all we can do the same as these benefits 
LOG (lattice-best-path:main():lattice-best-path.cc:99) For utterance BarrySchwartz_2005G-0022404-0023325, best cost 183.824 + 8530.24 = 8714.06 over 919 frames.
BarrySchwartz_2005G-0022404-0023325 and he trusts the huskies benefits and risks we wanted to finish a box which i do in the boxes 
LOG (lattice-best-path:main():lattice-best-path.cc:99) For utterance BarrySchwartz_2005G-0023325-0024559, best cost 271.512 + 11409.7 = 11681.2 over 1232 frames.
BarrySchwartz_2005G-0023325-0024559 they have these benefits and risks and he has these benefits risks when you want to <unk> and you say if you were read out what would you do the boxers but about me 
LOG (lattice-best-path:main():lattice-best-path.cc:99) For utterance BarrySchwartz_2005G-0024559-0026795, best cost 560.872 + 21970.6 = 22531.4 over 2234 frames.
BarrySchwartz_2005G-0024559-0026795 and the result is we call patient autonomy which makes it sound like a good thing when really uses a shifting of government responsible for decision making from somebody you know something they wurzelbacher somebody who knows nothing of the culturally sixpences on the best they can be making decisions mainly the patient now there's enormous marketing of protection drugs 
LOG (lattice-best-path:main():lattice-best-path.cc:99) For utterance BarrySchwartz_2005G-0026795-0028208, best cost 346.496 + 13735.8 = 14082.3 over 1411 frames.
BarrySchwartz_2005G-0026795-0028208 the people like you and me which if you think about it makes no sense last weekend either one of them or because if we can't buy them ensures that dates back to support doctors the next morning and ask for politicians to be changed 
LOG (lattice-best-path:main():lattice-best-path.cc:99) For utterance BarrySchwartz_2005G-0028208-0029108, best cost 155.224 + 8445.03 = 8600.25 over 898 frames.
BarrySchwartz_2005G-0028208-0029108 something as dramatic as our identity is now become a matter of choice now this slide 
LOG (lattice-best-path:main():lattice-best-path.cc:99) For utterance BarrySchwartz_2005G-0029108-0030333, best cost 341.982 + 12014.7 = 12356.7 over 1223 frames.
BarrySchwartz_2005G-0029108-0030333 is that you were convicted we get you will inherit identity we get we said we get reinvent ourselves as often as we like an amazing every day when you wake up in the morning you get the sidewalk per person 
LOG (lattice-best-path:main():lattice-best-path.cc:99) For utterance BarrySchwartz_2005G-0030333-0030923, best cost 100.044 + 5488.88 = 5588.92 over 588 frames.
BarrySchwartz_2005G-0030333-0030923 you will be an inner with respect to marriage and family 
LOG (lattice-best-path:main():lattice-best-path.cc:99) For utterance BarrySchwartz_2005G-0030923-0032176, best cost 273.274 + 12016.2 = 12289.5 over 1251 frames.
BarrySchwartz_2005G-0030923-0032176 there was a time when the default assumption that almost everyone has to be the various initiatives and you start having physicians you turn up the only real choice was cool 
LOG (lattice-best-path:main():lattice-best-path.cc:99) For utterance BarrySchwartz_2005G-0032176-0033102, best cost 204.468 + 8935.58 = 9140.05 over 924 frames.
BarrySchwartz_2005G-0032176-0033102 darwin and that when you do that nowadays everything is very much up for grabs i teach wonderfully intelligence tunes 
LOG (lattice-best-path:main():lattice-best-path.cc:99) For utterance BarrySchwartz_2005G-0033102-0034166, best cost 255.683 + 10339.4 = 10595 over 1062 frames.
BarrySchwartz_2005G-0033102-0034166 and though i assign twenty percent which would continue shoe it's not because there was worse to stop because there was a legend it's because they are preoccupied 
LOG (lattice-best-path:main():lattice-best-path.cc:99) For utterance BarrySchwartz_2005G-0034166-0034940, best cost 201.668 + 7559.17 = 7760.83 over 772 frames.
BarrySchwartz_2005G-0034166-0034940 asking themselves should i get married or not to get carried out by ten hours later she might have to search for for your first 
LOG (lattice-best-path:main():lattice-best-path.cc:99) For utterance BarrySchwartz_2005G-0034940-0036185, best cost 291.699 + 12304.7 = 12596.4 over 1243 frames.
BarrySchwartz_2005G-0034940-0036185 all these four consuming fresh and ready to these questions whether or not it means that we all work i decided not to be driven by courses and indeed they should be served four questions to answer 
LOG (lattice-best-path:main():lattice-best-path.cc:99) For utterance BarrySchwartz_2005G-0036404-0036516, best cost 17.8955 + 980.013 = 997.909 over 110 frames.
BarrySchwartz_2005G-0036404-0036516 work 
LOG (lattice-best-path:main():lattice-best-path.cc:99) For utterance BarrySchwartz_2005G-0036516-0037766, best cost 239.042 + 11954.3 = 12193.3 over 1248 frames.
BarrySchwartz_2005G-0036516-0037766 we are blessed squirrels pointing out with the technology that enables us to work every minute of every day from any place on the planet except the remote control 
LOG (lattice-best-path:main():lattice-best-path.cc:99) For utterance BarrySchwartz_2005G-0038294-0039241, best cost 251.873 + 9163.58 = 9415.45 over 945 frames.
BarrySchwartz_2005G-0038294-0039241 there is one quarter by the way the market tayyiba labour you actually brother were behind why fireworks but i knew that i will use it on 
LOG (lattice-best-path:main():lattice-best-path.cc:99) For utterance BarrySchwartz_2005G-0039241-0040156, best cost 204.206 + 9075.43 = 9279.63 over 913 frames.
BarrySchwartz_2005G-0039241-0040156 so what this means is incredible freedom of choice reactors that work is that we have to make decisions again and again and again about whether 
LOG (lattice-best-path:main():lattice-best-path.cc:99) For utterance BarrySchwartz_2005G-0040156-0041465, best cost 333.719 + 12917.5 = 13251.2 over 1307 frames.
BarrySchwartz_2005G-0040156-0041465 we should or shouldn't be working within which our kids were shorter than we have are so for a woman and a black berry on our market there's laptop is only artworks and even if they're all showed off 
LOG (lattice-best-path:main():lattice-best-path.cc:99) For utterance BarrySchwartz_2005G-0041465-0042097, best cost 155.38 + 6249.9 = 6405.28 over 630 frames.
BarrySchwartz_2005G-0041465-0042097 every minute watching articulate soccer game we are also less your social life is rubbish 
LOG (lattice-best-path:main():lattice-best-path.cc:99) For utterance BarrySchwartz_2005G-0042097-0043255, best cost 297.317 + 11269.2 = 11566.5 over 1156 frames.
BarrySchwartz_2005G-0042097-0043255 so for cultures part of the scheme oceanographers whether they be defeatist the question is no it's certainly going to make the series of your kids' soccer game very different than what is 
LOG (lattice-best-path:main():lattice-best-path.cc:99) For utterance BarrySchwartz_2005G-0043255-0044538, best cost 272.791 + 12366.4 = 12639.2 over 1281 frames.
BarrySchwartz_2005G-0043255-0044538 so everywhere we look but the big things in small things which are all things a little things like is a matter of choice and the world we use a living look like this 
LOG (lattice-best-path:main():lattice-best-path.cc:99) For utterance BarrySchwartz_2005G-0044742-0045623, best cost 207.235 + 8518.27 = 8725.5 over 879 frames.
BarrySchwartz_2005G-0044742-0045623 that is to say they were some choices but not everything was a matter of choice in the world without leaving looks like this and question is 
LOG (lattice-best-path:main():lattice-best-path.cc:99) For utterance BarrySchwartz_2005G-0045623-0046263, best cost 81.238 + 5759.14 = 5840.38 over 638 frames.
BarrySchwartz_2005G-0045623-0046263 this is good news or bad news and the answer is yes 
LOG (lattice-best-path:main():lattice-best-path.cc:99) For utterance BarrySchwartz_2005G-0046554-0047602, best cost 207.381 + 10102.7 = 10310 over 1046 frames.
BarrySchwartz_2005G-0046554-0047602 we all know what's good about john to talk about what they're about all this choice has two facts to begin with its own people 
LOG (lattice-best-path:main():lattice-best-path.cc:99) For utterance BarrySchwartz_2005G-0047602-0048920, best cost 250.543 + 12596 = 12846.5 over 1316 frames.
BarrySchwartz_2005G-0047602-0048920 what effect paradoxically senator dishes promises rather than a brush with so many options to choose from people find it very difficult issues at all 
LOG (lattice-best-path:main():lattice-best-path.cc:99) For utterance BarrySchwartz_2005G-0048920-0050062, best cost 251.257 + 10961.3 = 11212.5 over 1140 frames.
BarrySchwartz_2005G-0048920-0050062 i'll give you one very dramatic example of this study the wisdom of all investments to now voluntary retirement wins a colleague of mine got access to 
LOG (lattice-best-path:main():lattice-best-path.cc:99) For utterance BarrySchwartz_2005G-0050177-0051115, best cost 236.008 + 9161.8 = 9397.8 over 936 frames.
BarrySchwartz_2005G-0050177-0051115 the best records from bangor these gigantic often probably about a million employees about two thousand for work which is what she found is that 
LOG (lattice-best-path:main():lattice-best-path.cc:99) For utterance BarrySchwartz_2005G-0051115-0051894, best cost 159.259 + 7524.99 = 7684.25 over 777 frames.
BarrySchwartz_2005G-0051115-0051894 for every ten mutual funds that were offered remote participation went down two percent 
LOG (lattice-best-path:main():lattice-best-path.cc:99) For utterance BarrySchwartz_2005G-0051894-0054066, best cost 453.967 + 20969.4 = 21423.4 over 2170 frames.
BarrySchwartz_2005G-0051894-0054066 your for fifty pounds ten percent fewer employees participate if you'll often find why because with his response to choose from its own damn hard to decide which runs to choose and you just awful tomorrow and tomorrow and tomorrow and tomorrow and tomorrow and of course the border purpose 
LOG (lattice-best-path:main():lattice-best-path.cc:99) For utterance BarrySchwartz_2005G-0054066-0055420, best cost 342.602 + 13426.8 = 13769.4 over 1352 frames.
BarrySchwartz_2005G-0054066-0055420 understand that not only does this mean a keyboard happy dog food when they retire he doesn't have enough money to weigh it also means that made the decision so hard that they have so significant matching away from the sport 
LOG (lattice-best-path:main():lattice-best-path.cc:99) For utterance BarrySchwartz_2005G-0055420-0056869, best cost 336.066 + 14141 = 14477.1 over 1447 frames.
BarrySchwartz_2005G-0055420-0056869 by not participating they're passionate as much as five thousand dollars your premiums or would happily metropolitan huge joe kraus says is a consequence of having too many choices anything that makes the world look like this 
LOG (lattice-best-path:main():lattice-best-path.cc:99) For utterance BarrySchwartz_2005G-0057498-0058253, best cost 201.701 + 7545.53 = 7747.23 over 753 frames.
BarrySchwartz_2005G-0057498-0058253 you really what i get the decision right in detroit really right you know what they brought into force in the wrong shelters 
LOG (lattice-best-path:main():lattice-best-path.cc:99) For utterance BarrySchwartz_2005G-0058253-0059016, best cost 164.256 + 7429.11 = 7593.37 over 761 frames.
BarrySchwartz_2005G-0058253-0059016 so what will affect the sight of the fact is that even if we manage to overcome the paralysis and make choices 
LOG (lattice-best-path:main():lattice-best-path.cc:99) For utterance BarrySchwartz_2005G-0059016-0060008, best cost 201.147 + 9509.22 = 9710.37 over 990 frames.
BarrySchwartz_2005G-0059016-0060008 windows were satisfied with the result of the choice then we would be if we have fewer options to change their stories judges 
LOG (lattice-best-path:main():lattice-best-path.cc:99) For utterance BarrySchwartz_2005G-0060008-0061247, best cost 307.024 + 12200.3 = 12507.3 over 1237 frames.
BarrySchwartz_2005G-0060008-0061247 one of them is that we know what a difference that addresses issues from if you bought one is not perfect and it works out to see is it's easy to imagine that you could have made a different choice that would have been better 
LOG (lattice-best-path:main():lattice-best-path.cc:99) For utterance BarrySchwartz_2005G-0061247-0062516, best cost 284.023 + 12136.4 = 12420.5 over 1267 frames.
BarrySchwartz_2005G-0061247-0062516 and what happens is this imagined alternative and issues you're right decision you make and his right hip fracture dissatisfaction you get better decision you make even if it was a good position 
LOG (lattice-best-path:main():lattice-best-path.cc:99) For utterance BarrySchwartz_2005G-0062516-0063239, best cost 157.605 + 7031.96 = 7189.57 over 721 frames.
BarrySchwartz_2005G-0062516-0063239 the more options are forty years or write anything at all was disappointed about the option to choose 
LOG (lattice-best-path:main():lattice-best-path.cc:99) For utterance BarrySchwartz_2005G-0063239-0064442, best cost 294.111 + 11828.1 = 12122.2 over 1201 frames.
BarrySchwartz_2005G-0063239-0064442 second what economists call opportunity costs in your baby point scoring of talking about how how much over the way in which we find things that can so what we compare them to 
LOG (lattice-best-path:main():lattice-best-path.cc:99) For utterance BarrySchwartz_2005G-0064442-0065375, best cost 193.259 + 9104.19 = 9297.45 over 931 frames.
BarrySchwartz_2005G-0064442-0065375 well what are lots of alternatives to consider is easy to imagine the attractive features of alternative venue reject 
LOG (lattice-best-path:main():lattice-best-path.cc:99) For utterance BarrySchwartz_2005G-0065517-0066069, best cost 124.452 + 5282.07 = 5406.52 over 550 frames.
BarrySchwartz_2005G-0065517-0066069 and that maybe you were satisfied with the alternative that you've chosen is an example 
LOG (lattice-best-path:main():lattice-best-path.cc:99) For utterance BarrySchwartz_2005G-0066069-0066421, best cost 64.7792 + 3301.42 = 3366.2 over 350 frames.
BarrySchwartz_2005G-0066069-0066421 for those of you on your side pocket 
LOG (lattice-best-path:main():lattice-best-path.cc:99) For utterance BarrySchwartz_2005G-0066421-0067741, best cost 336.09 + 12934.4 = 13270.5 over 1318 frames.
BarrySchwartz_2005G-0066421-0067741 but this one is supposed to be thinking irresistible on manhattan's very expensive roast a gorgeous beach beautiful they may have also themselves what could be better well they make these guys thinking it's august 
LOG (lattice-best-path:main():lattice-best-path.cc:99) For utterance BarrySchwartz_2005G-0067741-0068445, best cost 155.012 + 6818.83 = 6973.84 over 702 frames.
BarrySchwartz_2005G-0067741-0068445 everybody in my manhattan neighborhood is the way i can keep harping right in front of my boots 
LOG (lattice-best-path:main():lattice-best-path.cc:99) For utterance BarrySchwartz_2005G-0068445-0069441, best cost 194.8 + 9612.07 = 9806.87 over 994 frames.
BarrySchwartz_2005G-0068445-0069441 and he spends two weeks made by the idea that he's missing the opportunity day after day to have a great purpose 
LOG (lattice-best-path:main():lattice-best-path.cc:99) For utterance BarrySchwartz_2005G-0069441-0070466, best cost 249.159 + 10004.4 = 10253.6 over 1023 frames.
BarrySchwartz_2005G-0069441-0070466 opportunity cost subtract from the satisfaction we get out of what we choose even when will we choose a church and more options there or to consider 
LOG (lattice-best-path:main():lattice-best-path.cc:99) For utterance BarrySchwartz_2005G-0070466-0071150, best cost 166.004 + 6689.5 = 6855.51 over 682 frames.
BarrySchwartz_2005G-0070466-0071150 the more attractive features of these options are going to be reflected biases opportunity cost is another trap 
LOG (lattice-best-path:main():lattice-best-path.cc:99) For utterance BarrySchwartz_2005G-0071609-0072731, best cost 291.447 + 11068.2 = 11359.7 over 1120 frames.
BarrySchwartz_2005G-0071609-0072731 now how did this continental appointed exploitable living in the moment as well and probably about giving slowly but once pointed makes us that whenever you're choosing one opinion 
LOG (lattice-best-path:main():lattice-best-path.cc:99) For utterance BarrySchwartz_2005G-0072731-0073478, best cost 187.593 + 7333.96 = 7521.55 over 745 frames.
BarrySchwartz_2005G-0072731-0073478 choosing not to do other things and those are the things we have lots of attractive features is that they were doing was tracked work 
LOG (lattice-best-path:main():lattice-best-path.cc:99) For utterance BarrySchwartz_2005G-0073478-0074419, best cost 232.539 + 9115.02 = 9347.56 over 939 frames.
BarrySchwartz_2005G-0073478-0074419 escalation of expectations this hit me when i went replace my genes which is also time and there was a time when she said one flavor 
LOG (lattice-best-path:main():lattice-best-path.cc:99) For utterance BarrySchwartz_2005G-0074419-0075648, best cost 330.834 + 12115.3 = 12446.2 over 1227 frames.
BarrySchwartz_2005G-0074419-0075648 the new ball or anything like that they're incredibly uncomfortable with you one on one of the worst undivided certificate feel ok so what replace my genes after years and years of words all ones anti-semite 
LOG (lattice-best-path:main():lattice-best-path.cc:99) For utterance BarrySchwartz_2005G-0075648-0077665, best cost 488.105 + 19689.4 = 20177.5 over 2015 frames.
BarrySchwartz_2005G-0075648-0077665 gowariker changes the size of the shopkeeper said you want something easy thing relaxing you would acquire shepherds why he was so widespread support you want to stress gone to copy what vapor bubble bollywood my jaw dropped after crisis what crimes they used to be your car 
LOG (lattice-best-path:main():lattice-best-path.cc:99) For utterance BarrySchwartz_2005G-0078109-0078372, best cost 50.2899 + 2466.15 = 2516.44 over 261 frames.
BarrySchwartz_2005G-0078109-0078372 he had no idea what that was 
LOG (lattice-best-path:main():lattice-best-path.cc:99) For utterance BarrySchwartz_2005G-0078372-0079678, best cost 306.926 + 12674.7 = 12981.6 over 1304 frames.
BarrySchwartz_2005G-0078372-0079678 so i said well we're trying not always benji semiautonomous tortured with the best thing she's i had ever had id they're all his choice made it possible for me to do better 
LOG (lattice-best-path:main():lattice-best-path.cc:99) For utterance BarrySchwartz_2005G-0079678-0080552, best cost 147.662 + 8269.01 = 8416.67 over 872 frames.
BarrySchwartz_2005G-0079678-0080552 but i felt which wine or a whole book to try to squeeze to myself 
LOG (lattice-best-path:main():lattice-best-path.cc:99) For utterance BarrySchwartz_2005G-0080992-0082076, best cost 227.469 + 10527.7 = 10755.1 over 1082 frames.
BarrySchwartz_2005G-0080992-0082076 the reason i felt worse is that what all these options available my expectations about how good the pair change should be wind up 
LOG (lattice-best-path:main():lattice-best-path.cc:99) For utterance BarrySchwartz_2005G-0082076-0083475, best cost 367.025 + 13847.1 = 14214.1 over 1397 frames.
BarrySchwartz_2005G-0082076-0083475 i have very low which i had no particular expectations of the weekend one flavor waking up under flavors they've on one attention of a person without was good but wasn't perfect and so i compare what i got all excited 
LOG (lattice-best-path:main():lattice-best-path.cc:99) For utterance BarrySchwartz_2005G-0083475-0084041, best cost 131.662 + 5595.91 = 5727.57 over 564 frames.
BarrySchwartz_2005G-0083475-0084041 when i got was disappointing in comparison to what i expected any options to people's lives 
LOG (lattice-best-path:main():lattice-best-path.cc:99) For utterance BarrySchwartz_2005G-0084041-0085502, best cost 334.175 + 14471 = 14805.1 over 1459 frames.
BarrySchwartz_2005G-0084041-0085502 it hopes to increase the expectations people have about how good those options will be aware that and produces one satisfaction with with results the weather conditions nobody in the world of marketing noses 
LOG (lattice-best-path:main():lattice-best-path.cc:99) For utterance BarrySchwartz_2005G-0085502-0085781, best cost 35.9317 + 2651.8 = 2687.73 over 277 frames.
BarrySchwartz_2005G-0085502-0085781 but if they did 
LOG (lattice-best-path:main():lattice-best-path.cc:99) For utterance BarrySchwartz_2005G-0085781-0086326, best cost 89.7226 + 5087.77 = 5177.49 over 543 frames.
BarrySchwartz_2005G-0085781-0086326 you will notice was about the truth is more like this 
LOG (lattice-best-path:main():lattice-best-path.cc:99) For utterance BarrySchwartz_2005G-0086674-0087775, best cost 263.985 + 11009.1 = 11273 over 1099 frames.
BarrySchwartz_2005G-0086674-0087775 the reason that everything was better than when everything was worse is that when everything was worse it was actually possible for people to have experiences that were present products 
LOG (lattice-best-path:main():lattice-best-path.cc:99) For utterance BarrySchwartz_2005G-0087775-0088887, best cost 273.916 + 10910.4 = 11184.4 over 1110 frames.
BarrySchwartz_2005G-0087775-0088887 nowadays the world we live in we have witnessed why citizens with perfection expectation the best you can ever hope for is that the supposition is huge but today 
LOG (lattice-best-path:main():lattice-best-path.cc:99) For utterance BarrySchwartz_2005G-0088887-0090231, best cost 268.336 + 12983.5 = 13251.9 over 1342 frames.
BarrySchwartz_2005G-0088887-0090231 you will never be pleasantly surprised because your expectations by expectations about the group the secret to happiness as we're talking for the secret of happiness is low expectations 
LOG (lattice-best-path:main():lattice-best-path.cc:99) For utterance BarrySchwartz_2005G-0091167-0092769, best cost 352.183 + 15452.8 = 15805 over 1600 frames.
BarrySchwartz_2005G-0091167-0092769 on stage as obama memoir by dreadful moments that though i actually married to a wide and then she's really quite wonderful i could have done better and so on but so is the most vexing falling 
LOG (lattice-best-path:main():lattice-best-path.cc:99) For utterance BarrySchwartz_2005G-0092769-0094116, best cost 333.13 + 13371.6 = 13704.8 over 1345 frames.
BarrySchwartz_2005G-0092769-0094116 one consequence of beiderbecke anchorages when there's only one kind of bike is that when you were dissatisfied new was quite who's responsible the answer is we are the world church possible what would you do 
LOG (lattice-best-path:main():lattice-best-path.cc:99) For utterance BarrySchwartz_2005G-0094116-0095401, best cost 270.82 + 12510.7 = 12781.5 over 1283 frames.
BarrySchwartz_2005G-0094116-0095401 when there are hundreds of diversity is available and you by one that is disappointing that u.s. wireless as possible is equally if we are to be asked the question is is you 
LOG (lattice-best-path:main():lattice-best-path.cc:99) For utterance BarrySchwartz_2005G-0095401-0096794, best cost 297.853 + 13676.3 = 13974.1 over 1391 frames.
BarrySchwartz_2005G-0095401-0096794 you could have done better with about one hundred different kinds of genes on display there's no excuse for failure and so when people make decisions and even more voters also decisions for what they feel disappointed 
LOG (lattice-best-path:main():lattice-best-path.cc:99) For utterance BarrySchwartz_2005G-0096794-0099151, best cost 573.915 + 23215.8 = 23789.7 over 2355 frames.
BarrySchwartz_2005G-0096794-0099151 about them between themselves clinical depression has exploded in industry worldwide generation i believe a significant mattioli but a significant contributor to this explosion of depression and also suicide is that people have experiences rather disappointing as educators us alive and then when it mattered sweeney's its greatest themselves they think they are at fault 
LOG (lattice-best-path:main():lattice-best-path.cc:99) For utterance BarrySchwartz_2005G-0099151-0099870, best cost 154.035 + 6875.02 = 7029.06 over 717 frames.
BarrySchwartz_2005G-0099151-0099870 and so the net result is that we do better temple in general objectively every few words 
LOG (lattice-best-path:main():lattice-best-path.cc:99) For utterance BarrySchwartz_2005G-0099870-0100615, best cost 134.59 + 6983.4 = 7117.99 over 743 frames.
BarrySchwartz_2005G-0099870-0100615 so let me remind you this is the official forum where we all take to be true 
LOG (lattice-best-path:main():lattice-best-path.cc:99) For utterance BarrySchwartz_2005G-0100615-0101431, best cost 145.808 + 7505.26 = 7651.06 over 814 frames.
BarrySchwartz_2005G-0100615-0101431 asphalt falls is not true there's no question that some choices better venom 
LOG (lattice-best-path:main():lattice-best-path.cc:99) For utterance BarrySchwartz_2005G-0101431-0102631, best cost 271.981 + 11739.9 = 12011.9 over 1198 frames.
BarrySchwartz_2005G-0101431-0102631 but it doesn't format that more choices better than some chose this a medical marijuana is utterly confident that we have long since passed the point where options improve 
LOG (lattice-best-path:main():lattice-best-path.cc:99) For utterance BarrySchwartz_2005G-0102631-0103651, best cost 207.085 + 9713.67 = 9920.76 over 1018 frames.
BarrySchwartz_2005G-0102631-0103651 our welfare now has a policy marathon is a policy that are the thing to think about this is what enables all this choice 
LOG (lattice-best-path:main():lattice-best-path.cc:99) For utterance BarrySchwartz_2005G-0103651-0104500, best cost 183.472 + 8083.9 = 8267.37 over 847 frames.
BarrySchwartz_2005G-0103651-0104500 in augusta societies is that your wackos there are lots of places in the world we've heard about several of them 
LOG (lattice-best-path:main():lattice-best-path.cc:99) For utterance BarrySchwartz_2005G-0104500-0105476, best cost 245.045 + 9649.35 = 9894.39 over 974 frames.
BarrySchwartz_2005G-0104500-0105476 we're told the problem is not that they have too much choice their problems that they have to local services i'm talking about is the peculiar problem of modern 
LOG (lattice-best-path:main():lattice-best-path.cc:99) For utterance BarrySchwartz_2005G-0105483-0106567, best cost 234.294 + 10477.5 = 10711.8 over 1082 frames.
BarrySchwartz_2005G-0105483-0106567 at ford western societies was so frustrating infuriating this is the one that got yesterday about how this expensive and difficult ones so 
LOG (lattice-best-path:main():lattice-best-path.cc:99) For utterance BarrySchwartz_2005G-0106690-0107078, best cost 73.4634 + 3622.52 = 3695.98 over 386 frames.
BarrySchwartz_2005G-0106690-0107078 infants to charities both hope 
LOG (lattice-best-path:main():lattice-best-path.cc:99) For utterance BarrySchwartz_2005G-0107078-0108308, best cost 259.347 + 11959.6 = 12219 over 1228 frames.
BarrySchwartz_2005G-0107078-0108308 it's a waste of money what i'm telling you is that these expensive complicating choices is not simply that they don't hope that we heard that we make much worse 
LOG (lattice-best-path:main():lattice-best-path.cc:99) For utterance BarrySchwartz_2005G-0108308-0109445, best cost 256.861 + 10909.6 = 11166.5 over 1135 frames.
BarrySchwartz_2005G-0108308-0109445 off if some of what enables people in our societies to make all the choices we make we're shifted to societies in which people have too few options 
LOG (lattice-best-path:main():lattice-best-path.cc:99) For utterance BarrySchwartz_2005G-0109445-0110503, best cost 246.715 + 10609.1 = 10855.8 over 1056 frames.
BarrySchwartz_2005G-0109445-0110503 now one of those people i speak truth to power should be improved also is what economists call prego improving new income redistribution will make everyone 
LOG (lattice-best-path:main():lattice-best-path.cc:99) For utterance BarrySchwartz_2005G-0110503-0111279, best cost 153.149 + 7369.29 = 7522.44 over 774 frames.
BarrySchwartz_2005G-0110503-0111279 they're off by just forty because of the whole sections church points so to conclude 
LOG (lattice-best-path:main():lattice-best-path.cc:99) For utterance BarrySchwartz_2005G-0111279-0112192, best cost 210.049 + 8745 = 8955.05 over 911 frames.
BarrySchwartz_2005G-0111279-0112192 this country this cartoon and a sophisticated person say what is this fish no you know nothing is possible that this fall 
LOG (lattice-best-path:main():lattice-best-path.cc:99) For utterance BarrySchwartz_2005G-0112295-0113151, best cost 224.824 + 8390.2 = 8615.02 over 854 frames.
BarrySchwartz_2005G-0112295-0113151 impoverished imagination myopic view the world and that's where the buffers the more i thought about it however the more i came to the view that is 
LOG (lattice-best-path:main():lattice-best-path.cc:99) For utterance BarrySchwartz_2005G-0113151-0114308, best cost 250.744 + 10986.8 = 11237.6 over 1155 frames.
BarrySchwartz_2005G-0113151-0114308 they she knows something about the truth of the matter is that if you share a fishbowl so that everything is possible your have freedom you have proust's 
LOG (lattice-best-path:main():lattice-best-path.cc:99) For utterance BarrySchwartz_2005G-0114308-0115008, best cost 136.686 + 6599.65 = 6736.33 over 698 frames.
BarrySchwartz_2005G-0114308-0115008 if you share this fish also that everything is possible you decrease satisfaction 
LOG (lattice-best-path:main():lattice-best-path.cc:99) For utterance BarrySchwartz_2005G-0115008-0115842, best cost 188.081 + 8054.64 = 8242.72 over 832 frames.
BarrySchwartz_2005G-0115008-0115842 you increase for houses and decrease satisfaction everybody needs official this one is culturally two women 
LOG (lattice-best-path:main():lattice-best-path.cc:99) For utterance BarrySchwartz_2005G-0115842-0116905, best cost 255.099 + 10307.2 = 10562.3 over 1061 frames.
BarrySchwartz_2005G-0115842-0116905 perhaps even for the fish germany frogs but the absence of some of metaphor footballers recipe for misery and i suspect zest thank you very much 
LOG (lattice-best-path:main():lattice-best-path.cc:99) For utterance BlaiseAguerayArcas_2007-0001220-0001572, best cost 66.7415 + 3329.1 = 3395.85 over 350 frames.
BlaiseAguerayArcas_2007-0001220-0001572 the issue for services to san francisco 
LOG (lattice-best-path:main():lattice-best-path.cc:99) For utterance BlaiseAguerayArcas_2007-0001572-0002425, best cost 202.187 + 8300.77 = 8502.95 over 851 frames.
BlaiseAguerayArcas_2007-0001572-0002425 this is a foundation for christmas and technology the deliberate microscopes proposition opens up your goal but this is the driving 
LOG (lattice-best-path:main():lattice-best-path.cc:99) For utterance BlaiseAguerayArcas_2007-0002425-0004061, best cost 391.258 + 15840 = 16231.3 over 1634 frames.
BlaiseAguerayArcas_2007-0002425-0004061 and at some point in which you can kind of nuclear more interactive vast amounts over the virtual world in many many gigabytes of competition photosynthesis in seamlessly unspoken cynicism and having to the theory regime unequal ones and so 
LOG (lattice-best-path:main():lattice-best-path.cc:99) For utterance BlaiseAguerayArcas_2007-0004061-0005460, best cost 323.312 + 13550.3 = 13873.6 over 1397 frames.
BlaiseAguerayArcas_2007-0004061-0005460 it doesn't matter how much information multiple babies collections are or how the images are animals that are very difficult for us to this point is of course a self-employed responders and southern africa megapixel range 
LOG (lattice-best-path:main():lattice-best-path.cc:99) For utterance BlaiseAguerayArcas_2007-0005460-0006285, best cost 202.481 + 8052.4 = 8254.88 over 823 frames.
BlaiseAguerayArcas_2007-0005460-0006285 but that doesn't make any difference because using the mother bought one of the performances like this one is markets on your screen at any given moment 
LOG (lattice-best-path:main():lattice-best-path.cc:99) For utterance BlaiseAguerayArcas_2007-0006285-0007452, best cost 260.524 + 11099.8 = 11360.3 over 1165 frames.
BlaiseAguerayArcas_2007-0006285-0007452 but it also reflects portraiture as an entire bosses example phenomenon emerged out of the system because of the things i've read every foreign visitors chapter 
LOG (lattice-best-path:main():lattice-best-path.cc:99) For utterance BlaiseAguerayArcas_2007-0007452-0008335, best cost 212.329 + 8473.82 = 8686.14 over 881 frames.
BlaiseAguerayArcas_2007-0007452-0008335 and those two students this really spikes not intimidated into something like so utterly show is over the proposition that that's a picture 
LOG (lattice-best-path:main():lattice-best-path.cc:99) For utterance BlaiseAguerayArcas_2007-0008335-0009847, best cost 390.779 + 14636 = 15026.8 over 1510 frames.
BlaiseAguerayArcas_2007-0008335-0009847 only his second artificially sweetened you both women and men that produces more was the faces of issues the guardian every large image is the beginning of a section ends with his you tube and enjoying the experience of reading all the goalkeeper for sharapova 
LOG (lattice-best-path:main():lattice-best-path.cc:99) For utterance BlaiseAguerayArcas_2007-0009847-0010886, best cost 240.479 + 9963.03 = 10203.5 over 1037 frames.
BlaiseAguerayArcas_2007-0009847-0010886 the magazine or newspaper which is incredibly stupid medium or possibly something with a quarter of all this particular issues regarding was admitted to fade out 
LOG (lattice-best-path:main():lattice-best-path.cc:99) For utterance BlaiseAguerayArcas_2007-0010886-0012134, best cost 272.092 + 12033.7 = 12305.8 over 1246 frames.
BlaiseAguerayArcas_2007-0010886-0012134 this requires you to go much further needed to get an ordinary and we intend to continue the significance of this forty six years or older also or even to the suspicions 

gzip: gmm_recog/lat.1.gz: unexpected end of file
ERROR: VectorFst::Read: read failed: <unspecified>
WARNING (lattice-scale:ReadCompactLattice():kaldi-lattice.cc:351) Error reading compact lattice (after reading header).
WARNING (lattice-scale:Next():util/kaldi-table-inl.h:574) Object read failed, reading archive 'gunzip -c gmm_recog/lat.*.gz|'
LOG (lattice-scale:main():lattice-scale.cc:90) Done 164 lattices.
WARNING (lattice-scale:Close():kaldi-io.cc:501) Pipe gunzip -c gmm_recog/lat.*.gz| had nonzero return status 256
ERROR (lattice-scale:~SequentialTableReaderArchiveImpl():util/kaldi-table-inl.h:678) TableReader: error detected closing archive 'gunzip -c gmm_recog/lat.*.gz|'

[ Stack-Trace: ]
lattice-scale() [0x67967a]
kaldi::MessageLogger::HandleMessage(kaldi::LogMessageEnvelope const&, char const*)
kaldi::MessageLogger::~MessageLogger()
kaldi::SequentialTableReaderArchiveImpl<kaldi::CompactLatticeHolder>::~SequentialTableReaderArchiveImpl()
kaldi::SequentialTableReaderArchiveImpl<kaldi::CompactLatticeHolder>::~SequentialTableReaderArchiveImpl()
kaldi::SequentialTableReader<kaldi::CompactLatticeHolder>::~SequentialTableReader()
main
__libc_start_main
lattice-scale() [0x5927c9]

LOG (lattice-best-path:main():lattice-best-path.cc:99) For utterance BlaiseAguerayArcas_2007-0012134-0013412, best cost 266.946 + 12301.8 = 12568.8 over 1276 frames.
BlaiseAguerayArcas_2007-0012134-0013412 and as soon as we get services you are supposedly doing away with the windows limits on one zero zero of the season a moral philosopher wrote about the nursing home 
LOG (lattice-add-penalty:main():lattice-add-penalty.cc:62) Done adding word insertion penalty to 164 lattices.
LOG (lattice-best-path:main():lattice-best-path.cc:99) For utterance BlaiseAguerayArcas_2007-0013412-0014299, best cost 226.464 + 8864.38 = 9090.84 over 885 frames.
BlaiseAguerayArcas_2007-0013412-0014299 of course that is one of those early august applications for stuart weitzman is alive in the sense that i wanted to say that we have things but as soon as well 
LOG (lattice-best-path:main():lattice-best-path.cc:124) Overall cost per frame is 10.0323 = 0.225432 [graph] + 9.80689 [acoustic] over 162327 frames.
LOG (lattice-best-path:main():lattice-best-path.cc:128) Done 164 lattices, failed for 0
# Accounting: time=223 threads=1
# Ended (code 0) at Mon Dec  5 17:13:43 EET 2016, elapsed time 223 seconds
