# lattice-scale --inv-acoustic-scale=7 "ark:gunzip -c gmm_recog/lat.*.gz|" ark:- | lattice-add-penalty --word-ins-penalty=0.0 ark:- ark:- | lattice-best-path --word-symbol-table=mono/graph/words.txt ark:- ark,t:- | utils/int2sym.pl -f 2- mono/graph/words.txt | cat > gmm_recog/scoring_kaldi/penalty_0.0/7.txt 
# Started at Mon Dec  5 17:02:21 EET 2016
#
lattice-add-penalty --word-ins-penalty=0.0 ark:- ark:- 
lattice-scale --inv-acoustic-scale=7 'ark:gunzip -c gmm_recog/lat.*.gz|' ark:- 
lattice-best-path --word-symbol-table=mono/graph/words.txt ark:- ark,t:- 
LOG (lattice-best-path:main():lattice-best-path.cc:99) For utterance AlGore_2009-0001304-0002346, best cost 242.889 + 15062.9 = 15305.8 over 1040 frames.
AlGore_2009-0001304-0002346 so these two slide said that demonstrate that your that i step which for most of the last three million years has been the size of the lower forty eight states a strong by forty percent 
LOG (lattice-best-path:main():lattice-best-path.cc:99) For utterance AlGore_2009-0002346-0004004, best cost 356.132 + 24065.4 = 24421.5 over 1656 frames.
AlGore_2009-0002346-0004004 but this understates the seriousness of this particular problem because it doesn't show the thickness of the ice your that ice cap is in a sense of the beating heart of the global climate system because there's anywhere and contract since about the bedside i'd show you will be 
LOG (lattice-best-path:main():lattice-best-path.cc:99) For utterance AlGore_2009-0004004-0005268, best cost 300.991 + 18384.2 = 18685.2 over 1262 frames.
AlGore_2009-0004004-0005268 but rapid says for that what happened over the last twenty five years the polymer biases more can read that as you see it extends to the board with at the annual why someone on the contracts in summer 
LOG (lattice-best-path:main():lattice-best-path.cc:99) For utterance AlGore_2009-0005268-0006029, best cost 174.375 + 11114.9 = 11289.3 over 759 frames.
AlGore_2009-0005268-0006029 and the so called from my is five years older learn things is almost weibo weibo spilling out of the body here 
LOG (lattice-best-path:main():lattice-best-path.cc:99) For utterance AlGore_2009-0006260-0006905, best cost 126.594 + 9229.34 = 9355.94 over 643 frames.
AlGore_2009-0006260-0006905 in twenty five years it's gone from this the best this is a problem because the warming 
LOG (lattice-best-path:main():lattice-best-path.cc:99) For utterance AlGore_2009-0006905-0008633, best cost 405.338 + 25497 = 25902.4 over 1726 frames.
AlGore_2009-0006905-0008633 he stopped the frozen ground round your the coaching were there's a massive amount of frozen carbon which one is force is turned into methane by microbes compared to the total amount of global warming pollution in the atmosphere that amount to double if we cross this tipping point 
LOG (lattice-best-path:main():lattice-best-path.cc:99) For utterance AlGore_2009-0008633-0009790, best cost 289.46 + 16988.5 = 17277.9 over 1155 frames.
AlGore_2009-0008633-0009790 already some shaolin some last that methane is active we bought one about the water that are to be water from the university of alaska without with another team to another shot late last month 
LOG (lattice-best-path:main():lattice-best-path.cc:99) For utterance AlGore_2009-0011068-0011830, best cost 175.613 + 10879.6 = 11055.2 over 760 frames.
AlGore_2009-0011068-0011830 he's ok the question is whether we will be and one reason is this enormous he'd city supreme one from the north 
LOG (lattice-best-path:main():lattice-best-path.cc:99) For utterance AlGore_2009-0011830-0012659, best cost 192.193 + 11390.3 = 11582.5 over 827 frames.
AlGore_2009-0011830-0012659 this is an annual melting river but the volumes are much more true than ever this is the thing to say rural south west 
LOG (lattice-best-path:main():lattice-best-path.cc:99) For utterance AlGore_2009-0012659-0013511, best cost 227.962 + 11731.1 = 11959 over 850 frames.
AlGore_2009-0012659-0013511 when one is you would know how sila von mises among when they sign smell thing this is where you three things to see these costs are increasing grew rapidly 
LOG (lattice-best-path:main():lattice-best-path.cc:99) For utterance AlGore_2009-0013511-0014534, best cost 275.898 + 15150.4 = 15426.3 over 1021 frames.
AlGore_2009-0013511-0014534 at the other end of the planet and order to the lord is my as a bias on the planet was mocked scientists are already at our common is now an edited by his balance and was then oregon 
LOG (lattice-best-path:main():lattice-best-path.cc:99) For utterance AlGore_2009-0014534-0015409, best cost 251.242 + 12917 = 13168.2 over 873 frames.
AlGore_2009-0014534-0015409 drop the bomb plot of a mercy iowans cues are subtly wrapped up in a small thing that's the call that we see the seal a talk at his credo 
LOG (lattice-best-path:main():lattice-best-path.cc:99) For utterance AlGore_2009-0015409-0016856, best cost 409.915 + 21561 = 21970.9 over 1445 frames.
AlGore_2009-0015409-0016856 in minimal as the third largest mass abayas at the top you see you lakes woodchip years ago or glaciers we personable people woman oregon health and treat more for now melting flow in the andes this glacier is a source of drinking water for the city 
LOG (lattice-best-path:main():lattice-best-path.cc:99) For utterance AlGore_2009-0016856-0018678, best cost 428.943 + 26453.6 = 26882.6 over 1820 frames.
AlGore_2009-0016856-0018678 the flows of increase but we may go away so this much to the bleeding or in california there's the four percent economists your smoke that this is getting the browser wars and productions as you read it or serious is trying to round the world has led to a dramatic increase in fires 
LOG (lattice-best-path:main():lattice-best-path.cc:99) For utterance AlGore_2009-0018678-0020516, best cost 348.201 + 26719.8 = 27068 over 1836 frames.
AlGore_2009-0018678-0020516 and the disaster still around the world have been increasing at an absolute which for married an unprecedented rate four times as many in the last three years as in the previous seventy five this is a completely unsustainable and if you look at it in the context of the street you can see 
LOG (lattice-best-path:main():lattice-best-path.cc:99) For utterance AlGore_2009-0020516-0020955, best cost 36.6247 + 5725.27 = 5761.9 over 437 frames.
AlGore_2009-0020516-0020955 what this is to win 
LOG (lattice-best-path:main():lattice-best-path.cc:99) For utterance AlGore_2009-0020955-0021791, best cost 178.215 + 12136.5 = 12314.7 over 834 frames.
AlGore_2009-0020955-0021791 in the last five years we batted seventy million tons of c o two every twenty four hours with five billion tons every day to the oceans 
LOG (lattice-best-path:main():lattice-best-path.cc:99) For utterance AlGore_2009-0021791-0022916, best cost 307.29 + 16671.5 = 16978.8 over 1123 frames.
AlGore_2009-0021791-0022916 look carefully at yuri of abuse from the survey from the americas extending what would and on either side of the indians upon up we're there's a radical that we have a bottoming in the oceans 
LOG (lattice-best-path:main():lattice-best-path.cc:99) For utterance AlGore_2009-0022916-0023668, best cost 161.563 + 11246.5 = 11408.1 over 750 frames.
AlGore_2009-0022916-0023668 the biggest single cause of global warming along with deforestation would just one person because the burning of fossil fuels was a product 
LOG (lattice-best-path:main():lattice-best-path.cc:99) For utterance AlGore_2009-0023668-0025415, best cost 383.134 + 25614 = 25997.1 over 1745 frames.
AlGore_2009-0023668-0025415 and call is the most serious prompt the united states is one of the two largest emitters along which on top and a proposal has been to build a lot more coal plants but we're beginning to see a sea change for the ones that have been tested in the west two years with a green alternatives to perform 
LOG (lattice-best-path:main():lattice-best-path.cc:99) For utterance AlGore_2009-0025415-0027030, best cost 318.287 + 23461.8 = 23780.1 over 1613 frames.
AlGore_2009-0025415-0027030 however there is a political battle in our country in the coal industries and we all must respect upward a billion more than the last count or your promoting we call which is an oxymoron that image reminded me of something 
LOG (lattice-best-path:main():lattice-best-path.cc:99) For utterance AlGore_2009-0027370-0028949, best cost 412.698 + 23551 = 23963.7 over 1577 frames.
AlGore_2009-0027370-0028949 when christmas in my home intimacy a billion gallons of calls why it was that you probably saw it on the news this all over the country is a sad award as we screened in america this abengoa brown christmas when a book all industries that brown christmas was of course 
LOG (lattice-best-path:main():lattice-best-path.cc:99) For utterance AlGore_2009-0030430-0031168, best cost 158.46 + 10298.2 = 10456.7 over 736 frames.
AlGore_2009-0030430-0031168 but the source of much of that no one was hurt in a more this amount of minor use the enigmatic all 
LOG (lattice-best-path:main():lattice-best-path.cc:99) For utterance AlGore_2009-0031304-0031979, best cost 143.795 + 9804.99 = 9948.79 over 673 frames.
AlGore_2009-0031304-0031979 in that it would allow torque mayorship oh she's carrying a little love to talk about 
LOG (lattice-best-path:main():lattice-best-path.cc:99) For utterance AlGore_2009-0031979-0032607, best cost 145.053 + 9140.53 = 9285.59 over 626 frames.
AlGore_2009-0031979-0032607 so the alliance for climate protection as wants the two campaigns this is so one of them or to be one of them 
LOG (lattice-best-path:main():lattice-best-path.cc:99) For utterance AlGore_2009-0032607-0033881, best cost 297.267 + 18694.3 = 18991.5 over 1272 frames.
AlGore_2009-0032607-0033881 she we'd you climate change is a very serious threat to world as much as what we made our primary goal to spend a large sum of money on any advertising efforts to bring out and complicate the truth about goal 
LOG (lattice-best-path:main():lattice-best-path.cc:99) For utterance AlGore_2009-0033881-0034242, best cost 76.5386 + 5059.27 = 5135.81 over 359 frames.
AlGore_2009-0033881-0034242 the scientists call this material we think it clean 
LOG (lattice-best-path:main():lattice-best-path.cc:99) For utterance AlGore_2009-0034336-0034477, best cost 26.9467 + 1922.38 = 1949.32 over 139 frames.
AlGore_2009-0034336-0034477 so stay tuned 
LOG (lattice-best-path:main():lattice-best-path.cc:99) For utterance AlGore_2009-0034538-0035003, best cost 95.0954 + 6206.15 = 6301.24 over 463 frames.
AlGore_2009-0034538-0035003 so to warn them on climate change and leave their loved ones in 
LOG (lattice-best-path:main():lattice-best-path.cc:99) For utterance AlGore_2009-0035176-0035680, best cost 132.751 + 7682.9 = 7815.65 over 502 frames.
AlGore_2009-0035176-0035680 the goal of raw data trusting that or the state jaqui calls this list 
LOG (lattice-best-path:main():lattice-best-path.cc:99) For utterance AlGore_2009-0035977-0036537, best cost 51.8594 + 8789.12 = 8840.98 over 558 frames.
AlGore_2009-0035977-0036537 aim is to do 
LOG (lattice-best-path:main():lattice-best-path.cc:99) For utterance AlGore_2009-0036643-0037401, best cost 53.0372 + 12281.3 = 12334.3 over 756 frames.
AlGore_2009-0036643-0037401 to ten reading 
LOG (lattice-best-path:main():lattice-best-path.cc:99) For utterance AlGore_2009-0037401-0037909, best cost 81.2632 + 7613.77 = 7695.04 over 506 frames.
AlGore_2009-0037401-0037909 that are coming that detects light writing 
LOG (lattice-best-path:main():lattice-best-path.cc:99) For utterance AlGore_2009-0037909-0038534, best cost 127.165 + 9396.45 = 9523.61 over 623 frames.
AlGore_2009-0037909-0038534 by the way the cost of alternative matches with economic challenge of our national security challenge 
LOG (lattice-best-path:main():lattice-best-path.cc:99) For utterance AlGore_2009-0038534-0039066, best cost 94.1155 + 7520.52 = 7614.63 over 530 frames.
AlGore_2009-0038534-0039066 there is his interests have issues if you hit lists 
LOG (lattice-best-path:main():lattice-best-path.cc:99) For utterance AlGore_2009-0039066-0039615, best cost 100.482 + 7982.4 = 8082.88 over 547 frames.
AlGore_2009-0039066-0039615 the presence of all parties she's convinced industry can strike 
LOG (lattice-best-path:main():lattice-best-path.cc:99) For utterance AlGore_2009-0039615-0040079, best cost 63.8963 + 6588.34 = 6652.24 over 462 frames.
AlGore_2009-0039615-0040079 she has this has six holes 
LOG (lattice-best-path:main():lattice-best-path.cc:99) For utterance AlGore_2009-0040079-0040921, best cost 153.789 + 12387.3 = 12541.1 over 840 frames.
AlGore_2009-0040079-0040921 he has a person keenly interested to hear is one in a hundred years after his horse who had stopped thinking 
LOG (lattice-best-path:main():lattice-best-path.cc:99) For utterance AlGore_2009-0040921-0041490, best cost 96.9935 + 8076.28 = 8173.27 over 567 frames.
AlGore_2009-0040921-0041490 it's an issue that's the whole world there are calling the door 
LOG (lattice-best-path:main():lattice-best-path.cc:99) For utterance AlGore_2009-0041490-0041607, best cost 33.1812 + 1633.59 = 1666.77 over 115 frames.
AlGore_2009-0041490-0041607 as is the last one 
LOG (lattice-best-path:main():lattice-best-path.cc:99) For utterance AlGore_2009-0042315-0043056, best cost 148.409 + 9871.47 = 10019.9 over 739 frames.
AlGore_2009-0042315-0043056 about three hours and that no one has is wasted have evidence of all very few scheduling conflict 
LOG (lattice-best-path:main():lattice-best-path.cc:99) For utterance AlGore_2009-0043195-0043622, best cost 78.1786 + 5777.64 = 5855.81 over 425 frames.
AlGore_2009-0043195-0043622 new jersey over here with some of the new emerging threats 
LOG (lattice-best-path:main():lattice-best-path.cc:99) For utterance AlGore_2009-0043770-0044092, best cost 63.0263 + 4330.37 = 4393.4 over 320 frames.
AlGore_2009-0043770-0044092 new investments to create high paying jobs 
LOG (lattice-best-path:main():lattice-best-path.cc:99) For utterance AlGore_2009-0044281-0044591, best cost 67.2157 + 4108.4 = 4175.62 over 308 frames.
AlGore_2009-0044281-0044591 read how or a man to get real 
LOG (lattice-best-path:main():lattice-best-path.cc:99) For utterance AlGore_2009-0044591-0045669, best cost 226.773 + 15639.7 = 15866.5 over 1076 frames.
AlGore_2009-0044591-0045669 there's an old ever them proverb that says if you would oakwood we go on if you would all four go together we need to go for work week 
LOG (lattice-best-path:main():lattice-best-path.cc:99) For utterance AlGore_2009-0045669-0045797, best cost 29.1707 + 1703.11 = 1732.28 over 126 frames.
AlGore_2009-0045669-0045797 i cover my 
LOG (lattice-best-path:main():lattice-best-path.cc:99) For utterance BarrySchwartz_2005G-0001224-0001955, best cost 167.808 + 10185.1 = 10352.9 over 729 frames.
BarrySchwartz_2005G-0001224-0001955 to talk about some stuff that in his book of mine that i hope will resonate with other things that you've already heard about writer 
LOG (lattice-best-path:main():lattice-best-path.cc:99) For utterance BarrySchwartz_2005G-0001955-0002689, best cost 155.642 + 9949.9 = 10105.5 over 732 frames.
BarrySchwartz_2005G-0001955-0002689 make some connections were sold in case you missed them but will start with what i call the official ball 
LOG (lattice-best-path:main():lattice-best-path.cc:99) For utterance BarrySchwartz_2005G-0002689-0003874, best cost 256.119 + 16137.4 = 16393.5 over 1183 frames.
BarrySchwartz_2005G-0002689-0003874 if you bought ofwat efficient all all for western industrial societies any official dorrance like this if we are interested in maximizing the welfare of our citizens 
LOG (lattice-best-path:main():lattice-best-path.cc:99) For utterance BarrySchwartz_2005G-0003874-0004912, best cost 176.579 + 13714.6 = 13891.2 over 1036 frames.
BarrySchwartz_2005G-0003874-0004912 the way to do that is to maximize individual freedom the reason for this is both that freedom is in and of itself goods 
LOG (lattice-best-path:main():lattice-best-path.cc:99) For utterance BarrySchwartz_2005G-0004912-0006224, best cost 314.178 + 17785 = 18099.2 over 1310 frames.
BarrySchwartz_2005G-0004912-0006224 thou new ball worthwhile essential to be human and because if people have freedom then each of us can act on our own to do the things that all maximize our welfare no one has to decide on our behalf 
LOG (lattice-best-path:main():lattice-best-path.cc:99) For utterance BarrySchwartz_2005G-0006224-0007545, best cost 254.221 + 17225.5 = 17479.8 over 1319 frames.
BarrySchwartz_2005G-0006224-0007545 the way to maximise freedom is to maximise choi is the more choice people have the more freedom they have and more freedom they have the more will further have 
LOG (lattice-best-path:main():lattice-best-path.cc:99) For utterance BarrySchwartz_2005G-0007545-0008962, best cost 196.475 + 18512.7 = 18709.1 over 1415 frames.
BarrySchwartz_2005G-0007545-0008962 this i think is so deeply embedded in the water supply that wouldn't occur to anyone to question it and it also deeply embedded in our lives 
LOG (lattice-best-path:main():lattice-best-path.cc:99) For utterance BarrySchwartz_2005G-0008962-0009855, best cost 161.396 + 11948.7 = 12110.1 over 891 frames.
BarrySchwartz_2005G-0008962-0009855 give you some examples of what modern progress has made possible for us this is my supermarket but such a big one 
LOG (lattice-best-path:main():lattice-best-path.cc:99) For utterance BarrySchwartz_2005G-0009855-0010532, best cost 184.244 + 9357.6 = 9541.84 over 675 frames.
BarrySchwartz_2005G-0009855-0010532 or a sale to so we're about sow addressing a hundred seventy five soccer season was supermarket if you don't count 
LOG (lattice-best-path:main():lattice-best-path.cc:99) For utterance BarrySchwartz_2005G-0010532-0011842, best cost 316.881 + 18094.8 = 18411.7 over 1308 frames.
BarrySchwartz_2005G-0010532-0011842 that had better virtual worlds and will call center delivers you combine to make a very large number of your own so addresses the off chance that none of over seventy five the store has on offer choo choo 
LOG (lattice-best-path:main():lattice-best-path.cc:99) For utterance BarrySchwartz_2005G-0011842-0012947, best cost 253.022 + 15315.6 = 15568.7 over 1103 frames.
BarrySchwartz_2005G-0011842-0012947 so this is what the shooter games like and then you go to the consumer electronics or to set up a stereo system speakers cd player tape player to direct a fire and in his will 
LOG (lattice-best-path:main():lattice-best-path.cc:99) For utterance BarrySchwartz_2005G-0012947-0013956, best cost 174.462 + 13443 = 13617.4 over 1007 frames.
BarrySchwartz_2005G-0012947-0013956 single consumer electronics store there are that many stereo systems we can construct six and a half million 
LOG (lattice-best-path:main():lattice-best-path.cc:99) For utterance BarrySchwartz_2005G-0013956-0015043, best cost 224.3 + 14724.3 = 14948.6 over 1085 frames.
BarrySchwartz_2005G-0013956-0015043 the french their assistance and components are on offer one store you gotta make that a wider choice in other domains the world global communications 
LOG (lattice-best-path:main():lattice-best-path.cc:99) For utterance BarrySchwartz_2005G-0015043-0016393, best cost 314.195 + 18354.8 = 18669 over 1348 frames.
BarrySchwartz_2005G-0015043-0016393 there was a time when i was a boy when you can get any control for search you want the swiss came from although you wreckage are forbidden by one consequence of that by the way is that the four never broke and rome 
LOG (lattice-best-path:main():lattice-best-path.cc:99) For utterance BarrySchwartz_2005G-0016393-0017265, best cost 190.77 + 11867.2 = 12057.9 over 870 frames.
BarrySchwartz_2005G-0016393-0017265 those days are god we now have an almost unlimited variety of phones especially the world cellphones these are cellphones in the future 
LOG (lattice-best-path:main():lattice-best-path.cc:99) For utterance BarrySchwartz_2005G-0017265-0017960, best cost 142.102 + 9584.33 = 9726.43 over 693 frames.
BarrySchwartz_2005G-0017265-0017960 my favorite is the minority mp three player knows her chair and fairly torch added 
LOG (lattice-best-path:main():lattice-best-path.cc:99) For utterance BarrySchwartz_2005G-0018189-0019251, best cost 250.58 + 14833 = 15083.6 over 1060 frames.
BarrySchwartz_2005G-0018189-0019251 if by some chance you haven't seen added years forget you can rest assured that one day shoot you woke with his thousands of these people talking to their scores asking this question 
LOG (lattice-best-path:main():lattice-best-path.cc:99) For utterance BarrySchwartz_2005G-0019251-0020164, best cost 167.622 + 12395.1 = 12562.7 over 911 frames.
BarrySchwartz_2005G-0019251-0020164 and you know the answer to this question now is the answer is no it is not possible to buy a soulful that goes into too much so 
LOG (lattice-best-path:main():lattice-best-path.cc:99) For utterance BarrySchwartz_2005G-0020164-0021506, best cost 253.163 + 18249.7 = 18502.8 over 1340 frames.
BarrySchwartz_2005G-0020164-0021506 in other aspects of life in a much more significant than now buying things the same topics portion of choice is true in health care is more vacation united states thank you 
LOG (lattice-best-path:main():lattice-best-path.cc:99) For utterance BarrySchwartz_2005G-0021506-0022404, best cost 222.556 + 12447.8 = 12670.4 over 896 frames.
BarrySchwartz_2005G-0021506-0022404 or the doctrine of the kid shows you what to do instead you go to the doctor in the dark it shows you a weekend away all we can do the same as these benefits 
LOG (lattice-best-path:main():lattice-best-path.cc:99) For utterance BarrySchwartz_2005G-0022404-0023325, best cost 187.738 + 12150.8 = 12338.5 over 919 frames.
BarrySchwartz_2005G-0022404-0023325 and each risks the huskies benefits and age risks when you were a kid and you say box which i do in the boxes 
LOG (lattice-best-path:main():lattice-best-path.cc:99) For utterance BarrySchwartz_2005G-0023325-0024559, best cost 247.31 + 16286.2 = 16533.5 over 1232 frames.
BarrySchwartz_2005G-0023325-0024559 they have these benefits and risks and he has these benefits risks when you want to <unk> and you say if you were we got what would you do in the box as but are not me 
LOG (lattice-best-path:main():lattice-best-path.cc:99) For utterance BarrySchwartz_2005G-0024559-0026795, best cost 544.952 + 31326.2 = 31871.2 over 2234 frames.
BarrySchwartz_2005G-0024559-0026795 and the result is we call a patient autonomy which makes it sound like a good thing but what really uses a shifting of the bird numbers possibly for decision making from somebody you know something they were the doctor somebody who knows nothing of the summit shirley sick and the sun the best shape to be making decisions made with a patient now there's enormous more coming up of protection drugs 
LOG (lattice-best-path:main():lattice-best-path.cc:99) For utterance BarrySchwartz_2005G-0026795-0028208, best cost 309.745 + 19608.2 = 19917.9 over 1411 frames.
BarrySchwartz_2005G-0026795-0028208 the people like you and me which if you think about it makes no sense last weekend either one of them or to tell us if we can't buy them the answer is that dates back to score doctors the next morning and ask for politicians to be changed 
LOG (lattice-best-path:main():lattice-best-path.cc:99) For utterance BarrySchwartz_2005G-0028208-0029108, best cost 143.15 + 12059.6 = 12202.8 over 898 frames.
BarrySchwartz_2005G-0028208-0029108 something as dramatic as our identity is now become a matter of choice now this is white 
LOG (lattice-best-path:main():lattice-best-path.cc:99) For utterance BarrySchwartz_2005G-0029108-0030333, best cost 322.347 + 17136.3 = 17458.6 over 1223 frames.
BarrySchwartz_2005G-0029108-0030333 is that you work in the kid we get to when we heard of identity we get we've ended we get reinvent ourselves as often as we like an amazing every day when you wake up in the morning you get to the sidewalk or person 
LOG (lattice-best-path:main():lattice-best-path.cc:99) For utterance BarrySchwartz_2005G-0030333-0030923, best cost 103.581 + 7824.56 = 7928.14 over 588 frames.
BarrySchwartz_2005G-0030333-0030923 you will be on in our was first back to marriage and family 
LOG (lattice-best-path:main():lattice-best-path.cc:99) For utterance BarrySchwartz_2005G-0030923-0032176, best cost 265.578 + 17130.8 = 17396.3 over 1251 frames.
BarrySchwartz_2005G-0030923-0032176 there was a time when the default assumption that almost everyone has is that you get married she knew she could and you start having kids she knew she turned up the only real choice was cool 
LOG (lattice-best-path:main():lattice-best-path.cc:99) For utterance BarrySchwartz_2005G-0032176-0033102, best cost 189.88 + 12755.9 = 12945.8 over 924 frames.
BarrySchwartz_2005G-0032176-0033102 but when <unk> and that when you do that nowadays everything is very much up for grabs i teach wonderfully intelligence tunes 
LOG (lattice-best-path:main():lattice-best-path.cc:99) For utterance BarrySchwartz_2005G-0033102-0034166, best cost 250.749 + 14743.4 = 14994.1 over 1062 frames.
BarrySchwartz_2005G-0033102-0034166 and though i assign twenty percent which would then i knew shoe it's not because there was sort of us that because there was diligence it's because they are preoccupied 
LOG (lattice-best-path:main():lattice-best-path.cc:99) For utterance BarrySchwartz_2005G-0034166-0034940, best cost 213.662 + 10747 = 10960.7 over 772 frames.
BarrySchwartz_2005G-0034166-0034940 asking themselves should i get married or not she may get married now shy to marry later she might have kids for cirque or your first 
LOG (lattice-best-path:main():lattice-best-path.cc:99) For utterance BarrySchwartz_2005G-0034940-0036185, best cost 287.947 + 17535.4 = 17823.4 over 1243 frames.
BarrySchwartz_2005G-0034940-0036185 all these four consuming freshness and are not answer these questions whether or not it means that we all work irish i'm not getting the brain of my courses and indeed they should be served four questions to answer 
LOG (lattice-best-path:main():lattice-best-path.cc:99) For utterance BarrySchwartz_2005G-0036404-0036516, best cost 16.8955 + 1400.02 = 1416.91 over 110 frames.
BarrySchwartz_2005G-0036404-0036516 work 
LOG (lattice-best-path:main():lattice-best-path.cc:99) For utterance BarrySchwartz_2005G-0036516-0037766, best cost 224.995 + 17059.3 = 17284.3 over 1248 frames.
BarrySchwartz_2005G-0036516-0037766 we are blessed us corals pointing out with the technology that enables us to work every minute of every day from any place on the planet except the rental hotel 
LOG (lattice-best-path:main():lattice-best-path.cc:99) For utterance BarrySchwartz_2005G-0038294-0039241, best cost 250.901 + 13061.3 = 13312.2 over 945 frames.
BarrySchwartz_2005G-0038294-0039241 there is one quarter by the way to the market highbury about or you've actually brother were the height wife i works but i knew that it is i will use it on 
LOG (lattice-best-path:main():lattice-best-path.cc:99) For utterance BarrySchwartz_2005G-0039241-0040156, best cost 185.323 + 12953.7 = 13139 over 913 frames.
BarrySchwartz_2005G-0039241-0040156 so what this means is incredible freedom of choice we have a first that work is that we have to make decisions again and again and again about whether 
LOG (lattice-best-path:main():lattice-best-path.cc:99) For utterance BarrySchwartz_2005G-0040156-0041465, best cost 323.975 + 18418 = 18742 over 1307 frames.
BarrySchwartz_2005G-0040156-0041465 we should or shouldn't be working within or watch our kids were shorter than we have are so for on one here and a black berry on our market there are some laptop is only artworks and even if they're all showed off 
LOG (lattice-best-path:main():lattice-best-path.cc:99) For utterance BarrySchwartz_2005G-0041465-0042097, best cost 166.457 + 8889.21 = 9055.67 over 630 frames.
BarrySchwartz_2005G-0041465-0042097 every minute to watch your kid you away a soccer game we are also less your social i s rubbish 
LOG (lattice-best-path:main():lattice-best-path.cc:99) For utterance BarrySchwartz_2005G-0042097-0043255, best cost 297.649 + 16059.4 = 16357 over 1156 frames.
BarrySchwartz_2005G-0042097-0043255 so phone call sharjah part of his female shut eye trackers whether they be defeatist the question is no isps are we going to make the series of your kids' soccer game very different than what is 
LOG (lattice-best-path:main():lattice-best-path.cc:99) For utterance BarrySchwartz_2005G-0043255-0044538, best cost 251.268 + 17649.5 = 17900.8 over 1281 frames.
BarrySchwartz_2005G-0043255-0044538 so we everywhere we look but the big things in small things which are all things a little things wife is a matter of choice and the world we use a living look like this 
LOG (lattice-best-path:main():lattice-best-path.cc:99) For utterance BarrySchwartz_2005G-0044742-0045623, best cost 195.396 + 12149.9 = 12345.3 over 879 frames.
BarrySchwartz_2005G-0044742-0045623 that is to say they were some choices but not everything was a matter of choice in the world we now live in what why kids and a question is 
LOG (lattice-best-path:main():lattice-best-path.cc:99) For utterance BarrySchwartz_2005G-0045623-0046263, best cost 69.238 + 8227.35 = 8296.59 over 638 frames.
BarrySchwartz_2005G-0045623-0046263 this is good news or bad news and the answer is yes 
LOG (lattice-best-path:main():lattice-best-path.cc:99) For utterance BarrySchwartz_2005G-0046554-0047602, best cost 204.313 + 14407.6 = 14611.9 over 1046 frames.
BarrySchwartz_2005G-0046554-0047602 we all know what's good about it jahangir to talk about what they're about all this choice has to affects two big enough that some people 
LOG (lattice-best-path:main():lattice-best-path.cc:99) For utterance BarrySchwartz_2005G-0047602-0048920, best cost 232.637 + 17986.7 = 18219.3 over 1316 frames.
BarrySchwartz_2005G-0047602-0048920 what effect paradoxically is that occurred issues promises rather than a brush with so many options to choose from people find it very difficult issues at all 
LOG (lattice-best-path:main():lattice-best-path.cc:99) For utterance BarrySchwartz_2005G-0048920-0050062, best cost 230.772 + 15651.2 = 15882 over 1140 frames.
BarrySchwartz_2005G-0048920-0050062 how do you one very dramatic example of this study that was the end of all investments to now voluntary retirement wins a colleague of mine got access to 
LOG (lattice-best-path:main():lattice-best-path.cc:99) For utterance BarrySchwartz_2005G-0050177-0051115, best cost 224.829 + 13068.7 = 13293.5 over 936 frames.
BarrySchwartz_2005G-0050177-0051115 the best records from bangor these gigantic often probably have about a million employees of about two thousand for work wishes which is found is that 
LOG (lattice-best-path:main():lattice-best-path.cc:99) For utterance BarrySchwartz_2005G-0051115-0051894, best cost 159.791 + 10730.3 = 10890 over 777 frames.
BarrySchwartz_2005G-0051115-0051894 for every ten mutual funds you pour offered ray of participation went down two percent 
LOG (lattice-best-path:main():lattice-best-path.cc:99) For utterance BarrySchwartz_2005G-0051894-0054066, best cost 493.406 + 29849.8 = 30343.2 over 2170 frames.
BarrySchwartz_2005G-0051894-0054066 your for fifty farms ten percent fewer employees participate that if you all we offer five why because with fifty phones to choose from it so damn hard to decide which runs to choose that you just heard are often tomorrow and end tomorrow and end tomorrow and tomorrow went to war with of course to board a purpose 
LOG (lattice-best-path:main():lattice-best-path.cc:99) For utterance BarrySchwartz_2005G-0054066-0055420, best cost 320.252 + 19157.2 = 19477.5 over 1352 frames.
BarrySchwartz_2005G-0054066-0055420 understand that not only does this mean that you form a happy dog food when they retire because i don't have enough money to wait it also means that made the decision is so hard that they have so significant matching money from in sport 
LOG (lattice-best-path:main():lattice-best-path.cc:99) For utterance BarrySchwartz_2005G-0055420-0056869, best cost 317.308 + 20175.9 = 20493.2 over 1447 frames.
BarrySchwartz_2005G-0055420-0056869 by not participating they're passing up as much as five thousand dollars in your premiums or would happily match their pocket huge joe kraus says is a consequence of having too many choices and i think it makes the world look like this 
LOG (lattice-best-path:main():lattice-best-path.cc:99) For utterance BarrySchwartz_2005G-0057498-0058253, best cost 196.591 + 10755.1 = 10951.7 over 753 frames.
BarrySchwartz_2005G-0057498-0058253 you really what i get the decision right if it for all eternity right you know what a paper on which all four of them are all shelters 
LOG (lattice-best-path:main():lattice-best-path.cc:99) For utterance BarrySchwartz_2005G-0058253-0059016, best cost 146.574 + 10607.1 = 10753.7 over 761 frames.
BarrySchwartz_2005G-0058253-0059016 so what will affect the sight of the fact is that even if we manage to overcome the paralysis and make a church 
LOG (lattice-best-path:main():lattice-best-path.cc:99) For utterance BarrySchwartz_2005G-0059016-0060008, best cost 187.472 + 13567.7 = 13755.2 over 990 frames.
BarrySchwartz_2005G-0059016-0060008 we can go were satisfied with the result of the choice then we would be if we have fewer options to change and are several reasons for this 
LOG (lattice-best-path:main():lattice-best-path.cc:99) For utterance BarrySchwartz_2005G-0060008-0061247, best cost 286.519 + 17400.7 = 17687.2 over 1237 frames.
BarrySchwartz_2005G-0060008-0061247 one of them is that we know what a difference out addresses to choose from if you bought one it is not perfect and you know what salad dressing is it's easy to imagine that you could have made a different choice that would have been better 
LOG (lattice-best-path:main():lattice-best-path.cc:99) For utterance BarrySchwartz_2005G-0061247-0062516, best cost 272.813 + 17306.4 = 17579.2 over 1267 frames.
BarrySchwartz_2005G-0061247-0062516 and what happens is this imagined alternative and issues your breath decision you make and his regret subtract from the satisfaction you get out of the decision you make even if it was a good position 
LOG (lattice-best-path:main():lattice-best-path.cc:99) For utterance BarrySchwartz_2005G-0062516-0063239, best cost 175.238 + 9995.02 = 10170.3 over 721 frames.
BarrySchwartz_2005G-0062516-0063239 the more options there or the hoosiers churn rate anything at all it is disappointing about the option that you chose 
LOG (lattice-best-path:main():lattice-best-path.cc:99) For utterance BarrySchwartz_2005G-0063239-0064442, best cost 277.977 + 16875.5 = 17153.4 over 1201 frames.
BarrySchwartz_2005G-0063239-0064442 second what economists call opportunity costs they go or maybe point this morning of talking about how how much food over the way in which we find things that can so what we compare them to 
LOG (lattice-best-path:main():lattice-best-path.cc:99) For utterance BarrySchwartz_2005G-0064442-0065375, best cost 191.771 + 12983.6 = 13175.3 over 931 frames.
BarrySchwartz_2005G-0064442-0065375 well what are lots of alternatives to consider it is easy to one edge of the attractive features of alternatives then you reject 
LOG (lattice-best-path:main():lattice-best-path.cc:99) For utterance BarrySchwartz_2005G-0065517-0066069, best cost 109.452 + 7545.81 = 7655.26 over 550 frames.
BarrySchwartz_2005G-0065517-0066069 and that maybe you were satisfied with the alternative that you've chosen is an example 
LOG (lattice-best-path:main():lattice-best-path.cc:99) For utterance BarrySchwartz_2005G-0066069-0066421, best cost 56.7792 + 4716.32 = 4773.1 over 350 frames.
BarrySchwartz_2005G-0066069-0066421 for those of you on your side pocket 
LOG (lattice-best-path:main():lattice-best-path.cc:99) For utterance BarrySchwartz_2005G-0066421-0067741, best cost 309.399 + 18461.8 = 18771.2 over 1318 frames.
BarrySchwartz_2005G-0066421-0067741 but this one is supposed to be thinking irresistible on manhattan's very expensive roast a gorgeous beach beautiful they may have them all to themselves what could be better well they met this guy is thinking as of august 
LOG (lattice-best-path:main():lattice-best-path.cc:99) For utterance BarrySchwartz_2005G-0067741-0068445, best cost 141.373 + 9735.33 = 9876.7 over 702 frames.
BarrySchwartz_2005G-0067741-0068445 everybody in my manhattan neighborhood is a way i can keep harping right in front of my do 
LOG (lattice-best-path:main():lattice-best-path.cc:99) For utterance BarrySchwartz_2005G-0068445-0069441, best cost 176.183 + 13725.7 = 13901.9 over 994 frames.
BarrySchwartz_2005G-0068445-0069441 and he spends two weeks named by the idea that he is missing the opportunity to day after day to have a great purpose 
LOG (lattice-best-path:main():lattice-best-path.cc:99) For utterance BarrySchwartz_2005G-0069441-0070466, best cost 222.819 + 14291.2 = 14514 over 1023 frames.
BarrySchwartz_2005G-0069441-0070466 opportunity cost subtract from the satisfaction we get out of what we choose to even when will we choose a church and more options there or to consider 
LOG (lattice-best-path:main():lattice-best-path.cc:99) For utterance BarrySchwartz_2005G-0070466-0071150, best cost 158.442 + 9542.54 = 9700.98 over 682 frames.
BarrySchwartz_2005G-0070466-0071150 the more attractive features of these options for pointed to reflect the biases opportunity cause is another trap 
LOG (lattice-best-path:main():lattice-best-path.cc:99) For utterance BarrySchwartz_2005G-0071609-0072731, best cost 276.204 + 15794.6 = 16070.8 over 1120 frames.
BarrySchwartz_2005G-0071609-0072731 now now that this continental appointed next point about living in the moment as well and probably about giving slowly but once pointed makes us that whenever you're choosing one figure 
LOG (lattice-best-path:main():lattice-best-path.cc:99) For utterance BarrySchwartz_2005G-0072731-0073478, best cost 169.262 + 10469.2 = 10638.5 over 745 frames.
BarrySchwartz_2005G-0072731-0073478 choosing not to do other things and those are the things they have what an attractive features is that they were doing was a track work 
LOG (lattice-best-path:main():lattice-best-path.cc:99) For utterance BarrySchwartz_2005G-0073478-0074419, best cost 243.222 + 12974.1 = 13217.3 over 939 frames.
BarrySchwartz_2005G-0073478-0074419 escalation of expectations this hit me when i went replace my genes i were jizo also time and there was a time when she's came in one flavor 
LOG (lattice-best-path:main():lattice-best-path.cc:99) For utterance BarrySchwartz_2005G-0074419-0075648, best cost 337.898 + 17251.6 = 17589.5 over 1227 frames.
BarrySchwartz_2005G-0074419-0075648 the new ball and an eighth <unk> wisecracking they're incredibly a poster boy if you will and one of the worst of an appetiser to fit feel ok so what replace my genes after years and years of words all ones anti-semite 
LOG (lattice-best-path:main():lattice-best-path.cc:99) For utterance BarrySchwartz_2005G-0075648-0077665, best cost 499.123 + 28055.4 = 28554.5 over 2015 frames.
BarrySchwartz_2005G-0075648-0077665 gowariker genes is the size of the shopkeeper said you want something easy thing to relax fit your buff wires in perth why you would stonewashed arrest washed you won a distress call to copy what they were bought a bollywood my jaw dropped after crisis what crimes they used to be your car 
LOG (lattice-best-path:main():lattice-best-path.cc:99) For utterance BarrySchwartz_2005G-0078109-0078372, best cost 43.2899 + 3523.08 = 3566.37 over 261 frames.
BarrySchwartz_2005G-0078109-0078372 he had no idea what that was 
LOG (lattice-best-path:main():lattice-best-path.cc:99) For utterance BarrySchwartz_2005G-0078372-0079678, best cost 290.447 + 18083.5 = 18373.9 over 1304 frames.
BarrySchwartz_2005G-0078372-0079678 so i said well we're trying not always that jayson i walk out of the store chains with the best thing genes i had ever had id better all his choice made it possible for me to do better 
LOG (lattice-best-path:main():lattice-best-path.cc:99) For utterance BarrySchwartz_2005G-0079678-0080552, best cost 156.393 + 11779.9 = 11936.3 over 872 frames.
BarrySchwartz_2005G-0079678-0080552 but i felt watch wine or a whole book to try to squeeze to myself there isn't it 
LOG (lattice-best-path:main():lattice-best-path.cc:99) For utterance BarrySchwartz_2005G-0080992-0082076, best cost 204.337 + 15036.3 = 15240.6 over 1082 frames.
BarrySchwartz_2005G-0080992-0082076 the reason i felt worse is that we're not all of these options available my expectations about how good the pair change should be wind up 
LOG (lattice-best-path:main():lattice-best-path.cc:99) For utterance BarrySchwartz_2005G-0082076-0083475, best cost 359.044 + 19741.4 = 20100.4 over 1397 frames.
BarrySchwartz_2005G-0082076-0083475 i have very low which i had no particular expectations of the weekend one flavor we're making a hummer flavors they've on one attention of the perth when i got was good but was a perfect and so i compare when i got to what i expected 
LOG (lattice-best-path:main():lattice-best-path.cc:99) For utterance BarrySchwartz_2005G-0083475-0084041, best cost 121.586 + 7987.08 = 8108.67 over 564 frames.
BarrySchwartz_2005G-0083475-0084041 when i got was disappointing in comparison to what i expected adding options to people's lives 
LOG (lattice-best-path:main():lattice-best-path.cc:99) For utterance BarrySchwartz_2005G-0084041-0085502, best cost 323.639 + 20643.7 = 20967.3 over 1459 frames.
BarrySchwartz_2005G-0084041-0085502 hit hoped would increase the expectations people have about how good those options will be and what that would have reduced his life satisfaction with with results the weather conditions nobody in the world of marketing noses 
LOG (lattice-best-path:main():lattice-best-path.cc:99) For utterance BarrySchwartz_2005G-0085502-0085781, best cost 31.9317 + 3788.29 = 3820.22 over 277 frames.
BarrySchwartz_2005G-0085502-0085781 but if they did 
LOG (lattice-best-path:main():lattice-best-path.cc:99) For utterance BarrySchwartz_2005G-0085781-0086326, best cost 86.7732 + 7254.06 = 7340.83 over 543 frames.
BarrySchwartz_2005G-0085781-0086326 you would all know what this is about the truth is more like this 
LOG (lattice-best-path:main():lattice-best-path.cc:99) For utterance BarrySchwartz_2005G-0086674-0087775, best cost 248.774 + 15709.7 = 15958.5 over 1099 frames.
BarrySchwartz_2005G-0086674-0087775 the reason that everything was better back with everything was worse is that when everything was worse it was actually possible for people to have experiences that were puzzles approx 
LOG (lattice-best-path:main():lattice-best-path.cc:99) For utterance BarrySchwartz_2005G-0087775-0088887, best cost 264.201 + 15558.8 = 15823 over 1110 frames.
BarrySchwartz_2005G-0087775-0088887 nowadays the world we live in we have what in the snow white citizens with perfection the expectation the best you can ever hope for is that such that is as good as you expect it to be 
LOG (lattice-best-path:main():lattice-best-path.cc:99) For utterance BarrySchwartz_2005G-0088887-0090231, best cost 239.336 + 18547.9 = 18787.2 over 1342 frames.
BarrySchwartz_2005G-0088887-0090231 you will never be pleasantly surprised because your expectations by expectations about the group the secret to happiness as we're talking for the secret of happiness is low expectations 
LOG (lattice-best-path:main():lattice-best-path.cc:99) For utterance BarrySchwartz_2005G-0091167-0092769, best cost 340.464 + 22040.8 = 22381.2 over 1600 frames.
BarrySchwartz_2005G-0091167-0092769 or say just obama memoir by dreadful moments that you know i actually am married to a wife and then she's really quite wonderful i could have done better and so on but so it isn't always such a betting far away 
LOG (lattice-best-path:main():lattice-best-path.cc:99) For utterance BarrySchwartz_2005G-0092769-0094116, best cost 314.035 + 19078.8 = 19392.8 over 1345 frames.
BarrySchwartz_2005G-0092769-0094116 one consequence of by the banks in anchorage use when there's only one kind of bike is that when you were dissatisfied i knew was quite as is possible the answer is we are the world church possible webpage you do 
LOG (lattice-best-path:main():lattice-best-path.cc:99) For utterance BarrySchwartz_2005G-0094116-0095401, best cost 285.069 + 17812.1 = 18097.2 over 1283 frames.
BarrySchwartz_2005G-0094116-0095401 when there are hundreds of defense thousand genes available and you by one that is this up weeping the u s why he goes as possible is the whole week we are to be asked the question is is you 
LOG (lattice-best-path:main():lattice-best-path.cc:99) For utterance BarrySchwartz_2005G-0095401-0096794, best cost 290.962 + 19500.3 = 19791.3 over 1391 frames.
BarrySchwartz_2005G-0095401-0096794 you could have done better with about one out of a different kind of genes on display there's no excuse for failure and so when people make decisions and even over the voters also decisions for good they feel this acquitted 
LOG (lattice-best-path:main():lattice-best-path.cc:99) For utterance BarrySchwartz_2005G-0096794-0099151, best cost 550.336 + 33121.7 = 33672 over 2355 frames.
BarrySchwartz_2005G-0096794-0099151 about them they blame themselves clinical depression has exploded in industrial world of the last generation i believe a significant not the only been a significant contributor to this explosion of depression and also show which side is that people have it's the races rather disappointing as educators a show like and then when it mattered sweeney's its greatest themselves they think they are at fault 
LOG (lattice-best-path:main():lattice-best-path.cc:99) For utterance BarrySchwartz_2005G-0099151-0099870, best cost 149.288 + 9806.56 = 9955.85 over 717 frames.
BarrySchwartz_2005G-0099151-0099870 and so the net result is that we do better temple in general objectively that we fuel worship 
LOG (lattice-best-path:main():lattice-best-path.cc:99) For utterance BarrySchwartz_2005G-0099870-0100615, best cost 134.137 + 9952.23 = 10086.4 over 743 frames.
BarrySchwartz_2005G-0099870-0100615 so what we are my view this is the official forum the one that we all take to be true 
LOG (lattice-best-path:main():lattice-best-path.cc:99) For utterance BarrySchwartz_2005G-0100615-0101431, best cost 134.996 + 10717.9 = 10852.9 over 814 frames.
BarrySchwartz_2005G-0100615-0101431 asphalt falls it is not true there's no question that some choices better venom 
LOG (lattice-best-path:main():lattice-best-path.cc:99) For utterance BarrySchwartz_2005G-0101431-0102631, best cost 259.725 + 16745.7 = 17005.4 over 1198 frames.
BarrySchwartz_2005G-0101431-0102631 but it doesn't fall from that the more choices better than some chose this a magic wand and i don't know what it is utterly confident that we have long since passed the point where options improve 
LOG (lattice-best-path:main():lattice-best-path.cc:99) For utterance BarrySchwartz_2005G-0102631-0103651, best cost 211.854 + 13837.2 = 14049 over 1018 frames.
BarrySchwartz_2005G-0102631-0103651 our will fear now is a policy marijuana austin is a policy that are the thing to think about is this what enables us all of his choice 
LOG (lattice-best-path:main():lattice-best-path.cc:99) For utterance BarrySchwartz_2005G-0103651-0104500, best cost 167.771 + 11541.8 = 11709.6 over 847 frames.
BarrySchwartz_2005G-0103651-0104500 in in the school societies is that your wackos there are lots of places in the world we've heard about several of them 
LOG (lattice-best-path:main():lattice-best-path.cc:99) For utterance BarrySchwartz_2005G-0104500-0105476, best cost 221.259 + 13779 = 14000.3 over 974 frames.
BarrySchwartz_2005G-0104500-0105476 we're told their problem is not that they have too much choice their problems that they have to local services i'm talking about is the peculiar problem of modern 
LOG (lattice-best-path:main():lattice-best-path.cc:99) For utterance BarrySchwartz_2005G-0105483-0106567, best cost 215.9 + 14958.2 = 15174.1 over 1082 frames.
BarrySchwartz_2005G-0105483-0106567 at ford western societies what is so frustrating and if you're in this is the one that got yesterday about how these expensive and difficult ones fall 
LOG (lattice-best-path:main():lattice-best-path.cc:99) For utterance BarrySchwartz_2005G-0106690-0107078, best cost 70.1171 + 5172.95 = 5243.07 over 386 frames.
BarrySchwartz_2005G-0106690-0107078 infants to chelsea's both hope 
LOG (lattice-best-path:main():lattice-best-path.cc:99) For utterance BarrySchwartz_2005G-0107078-0108308, best cost 241.257 + 17069.3 = 17310.5 over 1228 frames.
BarrySchwartz_2005G-0107078-0108308 it's a waste of money what i'm telling you is that these expensive complicating choices is not simply that they don't hope that we'd hurt the actually make us worse 
LOG (lattice-best-path:main():lattice-best-path.cc:99) For utterance BarrySchwartz_2005G-0108308-0109445, best cost 228.861 + 15585.2 = 15814 over 1135 frames.
BarrySchwartz_2005G-0108308-0109445 off if some of what enables people in our societies to make all the choices we make we're shifted to societies in which people have too few options 
LOG (lattice-best-path:main():lattice-best-path.cc:99) For utterance BarrySchwartz_2005G-0109445-0110503, best cost 252.762 + 15117.6 = 15370.4 over 1056 frames.
BarrySchwartz_2005G-0109445-0110503 now we would those people's lives you prove but powers would be improved also is what economists call prego improving move income redistribution will make every word 
LOG (lattice-best-path:main():lattice-best-path.cc:99) For utterance BarrySchwartz_2005G-0110503-0111279, best cost 154.996 + 10507.3 = 10662.3 over 774 frames.
BarrySchwartz_2005G-0110503-0111279 they're off by just four p. because of of how all such a church points so to conclude 
LOG (lattice-best-path:main():lattice-best-path.cc:99) For utterance BarrySchwartz_2005G-0111279-0112192, best cost 217.009 + 12453.9 = 12670.9 over 911 frames.
BarrySchwartz_2005G-0111279-0112192 this poster read this cartoon and a sophisticated person say what is this fish no you know nothing is possible when this fish paul 
LOG (lattice-best-path:main():lattice-best-path.cc:99) For utterance BarrySchwartz_2005G-0112295-0113151, best cost 201.727 + 11979.7 = 12181.4 over 854 frames.
BarrySchwartz_2005G-0112295-0113151 in part the imagination myopic view the world then that's where the buffers the more i thought about it however the more i came to the view that is 
LOG (lattice-best-path:main():lattice-best-path.cc:99) For utterance BarrySchwartz_2005G-0113151-0114308, best cost 226.461 + 15689.5 = 15916 over 1155 frames.
BarrySchwartz_2005G-0113151-0114308 they she knows something because the truth of the matter is that if you share a fishbowl so that everything is possible your have freedom you have poor houses 
LOG (lattice-best-path:main():lattice-best-path.cc:99) For utterance BarrySchwartz_2005G-0114308-0115008, best cost 123.686 + 9428.06 = 9551.75 over 698 frames.
BarrySchwartz_2005G-0114308-0115008 if you share this fish also that everything is possible you decrease satisfaction 
LOG (lattice-best-path:main():lattice-best-path.cc:99) For utterance BarrySchwartz_2005G-0115008-0115842, best cost 189.849 + 11481.3 = 11671.1 over 832 frames.
BarrySchwartz_2005G-0115008-0115842 you increase for houses and you decrease satisfaction everybody needs of the shuffle this one is a culture we two women 
LOG (lattice-best-path:main():lattice-best-path.cc:99) For utterance BarrySchwartz_2005G-0115842-0116905, best cost 245.003 + 14702.2 = 14947.2 over 1061 frames.
BarrySchwartz_2005G-0115842-0116905 perhaps even for the fish germany for cars but the absence of some of metaphor to fish for his recipe for misery and that i suspect zest thank you very much 
LOG (lattice-best-path:main():lattice-best-path.cc:99) For utterance BlaiseAguerayArcas_2007-0001220-0001572, best cost 81.0817 + 4726.78 = 4807.86 over 350 frames.
BlaiseAguerayArcas_2007-0001220-0001572 and to show you for service countryside and his soul 
LOG (lattice-best-path:main():lattice-best-path.cc:99) For utterance BlaiseAguerayArcas_2007-0001572-0002425, best cost 217.355 + 11815.9 = 12033.3 over 851 frames.
BlaiseAguerayArcas_2007-0001572-0002425 this is a foundation work since the new technologies that are we brought him a kiss on the spur of the opposition though almost exactly your goal but this is the driving 
LOG (lattice-best-path:main():lattice-best-path.cc:99) For utterance BlaiseAguerayArcas_2007-0002425-0004061, best cost 398.967 + 22568.5 = 22967.4 over 1634 frames.
BlaiseAguerayArcas_2007-0002425-0004061 and at some point in which you can kind of local you're more interactive vast amounts of flow of issues that are guilty of many many gigabytes of phone footage of photosynthesis in sinuously and spoken to this is a means having to the theory range in any way we want and stone 
LOG (lattice-best-path:main():lattice-best-path.cc:99) For utterance BlaiseAguerayArcas_2007-0004061-0005460, best cost 347.336 + 19280.5 = 19627.9 over 1397 frames.
BlaiseAguerayArcas_2007-0004061-0005460 it doesn't matter how much information would be f.o.b. these collections are or how big the images are in the muslim world area difficult photos but this one is of course a scan from the white responders and it's never been afraid of megapixel range 
LOG (lattice-best-path:main():lattice-best-path.cc:99) For utterance BlaiseAguerayArcas_2007-0005460-0006285, best cost 218.287 + 11456.3 = 11674.6 over 823 frames.
BlaiseAguerayArcas_2007-0005460-0006285 but that doesn't does make a difference because you with one another talk to them and the performances as to what the song is number pixels on your screen at any given moment 
LOG (lattice-best-path:main():lattice-best-path.cc:99) For utterance BlaiseAguerayArcas_2007-0006285-0007452, best cost 256.363 + 15826.1 = 16082.4 over 1165 frames.
BlaiseAguerayArcas_2007-0006285-0007452 but it also reflects a lot better known as an entire talks as examples no no more than a dollar a this is going to be close but because every every column is what is a chapter 
LOG (lattice-best-path:main():lattice-best-path.cc:99) For utterance BlaiseAguerayArcas_2007-0007452-0008335, best cost 240.934 + 12038 = 12278.9 over 881 frames.
BlaiseAguerayArcas_2007-0007452-0008335 and so to prove to the gets this really spikes sonoran emitted into something works so that really show is over the web as official suspects small picture 
LOG (lattice-best-path:main():lattice-best-path.cc:99) For utterance BlaiseAguerayArcas_2007-0008335-0009847, best cost 392.282 + 20851.4 = 21243.7 over 1510 frames.
BlaiseAguerayArcas_2007-0008335-0009847 obama needs to cover official was reading you bought a woman recommended that this is a more was that this is an issue the guardian every home large image is the beginning of a section in this league is you go over the joined the experience of reading all the goalkeeper for china open 
LOG (lattice-best-path:main():lattice-best-path.cc:99) For utterance BlaiseAguerayArcas_2007-0009847-0010886, best cost 258.719 + 14178.1 = 14436.8 over 1037 frames.
BlaiseAguerayArcas_2007-0009847-0010886 of a magazine or newspaper which is inherited multi-skilled comedian were possible to something with a corner of flow of this particular issues that darwin was admitted to fade out 
LOG (lattice-best-path:main():lattice-best-path.cc:99) For utterance BlaiseAguerayArcas_2007-0010886-0012134, best cost 276.546 + 17138.3 = 17414.8 over 1246 frames.
BlaiseAguerayArcas_2007-0010886-0012134 gets very high resolution so much for the needed to get an ordinary and we can then it's a concern because the features of the score you can see here or all of them also or even to the suspicions 

gzip: gmm_recog/lat.1.gz: unexpected end of file
ERROR: VectorFst::Read: read failed: <unspecified>
WARNING (lattice-scale:ReadCompactLattice():kaldi-lattice.cc:351) Error reading compact lattice (after reading header).
WARNING (lattice-scale:Next():util/kaldi-table-inl.h:574) Object read failed, reading archive 'gunzip -c gmm_recog/lat.*.gz|'
LOG (lattice-scale:main():lattice-scale.cc:90) Done 164 lattices.
WARNING (lattice-scale:Close():kaldi-io.cc:501) Pipe gunzip -c gmm_recog/lat.*.gz| had nonzero return status 256
ERROR (lattice-scale:~SequentialTableReaderArchiveImpl():util/kaldi-table-inl.h:678) TableReader: error detected closing archive 'gunzip -c gmm_recog/lat.*.gz|'

[ Stack-Trace: ]
lattice-scale() [0x67967a]
kaldi::MessageLogger::HandleMessage(kaldi::LogMessageEnvelope const&, char const*)
kaldi::MessageLogger::~MessageLogger()
kaldi::SequentialTableReaderArchiveImpl<kaldi::CompactLatticeHolder>::~SequentialTableReaderArchiveImpl()
kaldi::SequentialTableReaderArchiveImpl<kaldi::CompactLatticeHolder>::~SequentialTableReaderArchiveImpl()
kaldi::SequentialTableReader<kaldi::CompactLatticeHolder>::~SequentialTableReader()
main
__libc_start_main
lattice-scale() [0x5927c9]

LOG (lattice-best-path:main():lattice-best-path.cc:99) For utterance BlaiseAguerayArcas_2007-0012134-0013412, best cost 322.711 + 17457.6 = 17780.3 over 1276 frames.
BlaiseAguerayArcas_2007-0012134-0013412 and so then this is the way that we get six of his later years about are really doing away with the windows limits on most intrusive we hope that this isn't a mormon are pockets of a pile of rubbish but that the necessary home 
LOG (lattice-add-penalty:main():lattice-add-penalty.cc:62) Done adding word insertion penalty to 164 lattices.
LOG (lattice-best-path:main():lattice-best-path.cc:99) For utterance BlaiseAguerayArcas_2007-0013412-0014299, best cost 244.861 + 12595.8 = 12840.7 over 885 frames.
BlaiseAguerayArcas_2007-0013412-0014299 of course not is one of those early august applications for to go to work this man is when i arrived in one sense that any time on except to say that we have things but as soon as well 
LOG (lattice-best-path:main():lattice-best-path.cc:124) Overall cost per frame is 14.2044 = 0.219583 [graph] + 13.9848 [acoustic] over 162327 frames.
LOG (lattice-best-path:main():lattice-best-path.cc:128) Done 164 lattices, failed for 0
# Accounting: time=220 threads=1
# Ended (code 0) at Mon Dec  5 17:06:01 EET 2016, elapsed time 220 seconds
