# lattice-scale --inv-acoustic-scale=9 "ark:gunzip -c gmm_recog/lat.*.gz|" ark:- | lattice-add-penalty --word-ins-penalty=0.0 ark:- ark:- | lattice-best-path --word-symbol-table=mono/graph/words.txt ark:- ark,t:- | utils/int2sym.pl -f 2- mono/graph/words.txt | cat > gmm_recog/scoring_kaldi/penalty_0.0/9.txt 
# Started at Mon Dec  5 17:02:21 EET 2016
#
lattice-best-path --word-symbol-table=mono/graph/words.txt ark:- ark,t:- 
lattice-scale --inv-acoustic-scale=9 'ark:gunzip -c gmm_recog/lat.*.gz|' ark:- 
lattice-add-penalty --word-ins-penalty=0.0 ark:- ark:- 
LOG (lattice-best-path:main():lattice-best-path.cc:99) For utterance AlGore_2009-0001304-0002346, best cost 238.37 + 11719.9 = 11958.3 over 1040 frames.
AlGore_2009-0001304-0002346 so these two sites of that demonstrate that your that i step which for most of the last three million years has been the size of the lower forty eight states a strong by forty percent 
LOG (lattice-best-path:main():lattice-best-path.cc:99) For utterance AlGore_2009-0002346-0004004, best cost 356.132 + 18717.5 = 19073.7 over 1656 frames.
AlGore_2009-0002346-0004004 but this understates the seriousness of this particular problem because it doesn't show the thickness of the ice your that ice cap is in a sense of the beating heart of the global climate system because there's anywhere and contract since about the bedside i'd show you will be 
LOG (lattice-best-path:main():lattice-best-path.cc:99) For utterance AlGore_2009-0004004-0005268, best cost 278.554 + 14318.3 = 14596.8 over 1262 frames.
AlGore_2009-0004004-0005268 but rapid transport of what happened over the last twenty five years the polymer biases more contract that as you see big expensive with or without the annual why someone on the contracts in summer 
LOG (lattice-best-path:main():lattice-best-path.cc:99) For utterance AlGore_2009-0005268-0006029, best cost 171.543 + 8647.19 = 8818.73 over 759 frames.
AlGore_2009-0005268-0006029 and the so called to minimize five years overall earnings is almost weibo weibo spilling out of the body here 
LOG (lattice-best-path:main():lattice-best-path.cc:99) For utterance AlGore_2009-0006260-0006905, best cost 126.594 + 7178.38 = 7304.97 over 643 frames.
AlGore_2009-0006260-0006905 in twenty five years it's gone from this the best this is a problem because the warming 
LOG (lattice-best-path:main():lattice-best-path.cc:99) For utterance AlGore_2009-0006905-0008633, best cost 399.98 + 19835.9 = 20235.9 over 1726 frames.
AlGore_2009-0006905-0008633 he stopped the frozen ground round your approach and were there's a massive amount of frozen carbon which one of force is turned into methane by microbes compared to the total amount of global warming pollution in the atmosphere that amount to double if we cross this tipping point 
LOG (lattice-best-path:main():lattice-best-path.cc:99) For utterance AlGore_2009-0008633-0009790, best cost 271.606 + 13229.4 = 13501 over 1155 frames.
AlGore_2009-0008633-0009790 already socialism last that methane is actively baldwin about the water that are to be water from the university of alaska without with another team to another shot late last month 
LOG (lattice-best-path:main():lattice-best-path.cc:99) For utterance AlGore_2009-0011068-0011830, best cost 167.539 + 8469.05 = 8636.59 over 760 frames.
AlGore_2009-0011068-0011830 he's ok the question is whether we will be and one reason is this enormous he said the supreme one from the north 
LOG (lattice-best-path:main():lattice-best-path.cc:99) For utterance AlGore_2009-0011830-0012659, best cost 190.616 + 8860.58 = 9051.19 over 827 frames.
AlGore_2009-0011830-0012659 this is an annual melting river but the volumes are much more true than ever this is the thing to say really southwest 
LOG (lattice-best-path:main():lattice-best-path.cc:99) For utterance AlGore_2009-0012659-0013511, best cost 182.856 + 9162.4 = 9345.26 over 850 frames.
AlGore_2009-0012659-0013511 when one is you would know how sea level rises on land based ice melting this is where it leads to see these costs are increasing rapidly 
LOG (lattice-best-path:main():lattice-best-path.cc:99) For utterance AlGore_2009-0013511-0014534, best cost 266.84 + 11791 = 12057.8 over 1021 frames.
AlGore_2009-0013511-0014534 at the other end of the planet and order to the lord is my as a bias on the planet was mocked scientists are already at our common is now an edited by his balance and west antarctica 
LOG (lattice-best-path:main():lattice-best-path.cc:99) For utterance AlGore_2009-0014534-0015409, best cost 225.409 + 10071.1 = 10296.5 over 873 frames.
AlGore_2009-0014534-0015409 propped up on top of a mercy iowans cues are tightly wrapped up in a small thing that's the call that we see that you will look at his credo 
LOG (lattice-best-path:main():lattice-best-path.cc:99) For utterance AlGore_2009-0015409-0016856, best cost 347.989 + 16824.4 = 17172.4 over 1445 frames.
AlGore_2009-0015409-0016856 in animal is the third largest mass of ice at the top you see you lakes with a few years ago or glaciers we personable people in the world you have to treat more from a melting pot in the end is this glacier is a source of drinking water for the city 
LOG (lattice-best-path:main():lattice-best-path.cc:99) For utterance AlGore_2009-0016856-0018678, best cost 405.877 + 20595.3 = 21001.1 over 1820 frames.
AlGore_2009-0016856-0018678 the flows of increase but we may go away so this much of the drinking water in california there's the four percent decline in the sierra snowpack this is in the browser wars and productions as you read it or serious is trying to round the world has led to a dramatic increase in fires 
LOG (lattice-best-path:main():lattice-best-path.cc:99) For utterance AlGore_2009-0018678-0020516, best cost 327.928 + 20799.4 = 21127.3 over 1836 frames.
AlGore_2009-0018678-0020516 and the disasters all around the world have been increasing at an absolutely extraordinary an unprecedented rate four times as many in the last three years as in the previous seventy five this is a completely unsustainable and if you look at it in the context of the street you can see 
LOG (lattice-best-path:main():lattice-best-path.cc:99) For utterance AlGore_2009-0020516-0020955, best cost 33.4538 + 4455.49 = 4488.94 over 437 frames.
AlGore_2009-0020516-0020955 what this is doing 
LOG (lattice-best-path:main():lattice-best-path.cc:99) For utterance AlGore_2009-0020955-0021791, best cost 178.215 + 9439.5 = 9617.71 over 834 frames.
AlGore_2009-0020955-0021791 in the last five years we batted seventy million tons of c o two every twenty four hours with five billion tons every day to the oceans 
LOG (lattice-best-path:main():lattice-best-path.cc:99) For utterance AlGore_2009-0021791-0022916, best cost 304.105 + 12969.3 = 13273.4 over 1123 frames.
AlGore_2009-0021791-0022916 look carefully at fury of abuse from the survey from the americas extending what would and on either side of the indians upon up we're there's a radical that we have a bottoming in the oceans 
LOG (lattice-best-path:main():lattice-best-path.cc:99) For utterance AlGore_2009-0022916-0023668, best cost 161.101 + 8747.66 = 8908.76 over 750 frames.
AlGore_2009-0022916-0023668 the biggest single cause of global warming along with deforestation were just one person because the burning of fossil fuels was a product 
LOG (lattice-best-path:main():lattice-best-path.cc:99) For utterance AlGore_2009-0023668-0025415, best cost 372.213 + 19931.9 = 20304.1 over 1745 frames.
AlGore_2009-0023668-0025415 and call is the most serious prompt the united states is one of the two largest emitters along which on top and a proposal has been to build a lot more coal plants but we're beginning to see a sea change are the ones that have been tested in the last two years with a green alternatives to perform 
LOG (lattice-best-path:main():lattice-best-path.cc:99) For utterance AlGore_2009-0025415-0027030, best cost 302.994 + 18261.1 = 18564.1 over 1613 frames.
AlGore_2009-0025415-0027030 however there is a political battle in our country in the coal industries and we all must respect for the billion more than the last hour your promoting we call which is an oxymoron that image reminded me of something 
LOG (lattice-best-path:main():lattice-best-path.cc:99) For utterance AlGore_2009-0027370-0028949, best cost 378.807 + 18346.2 = 18725 over 1577 frames.
AlGore_2009-0027370-0028949 a white christmas in my home intimacy a billion gallons of course why it was that you probably saw it on the news this all over the country to sag awards we screened in america this abengoa brown christmas would be called industries that one christmas was of course 
LOG (lattice-best-path:main():lattice-best-path.cc:99) For utterance AlGore_2009-0030430-0031168, best cost 152.34 + 8015.77 = 8168.11 over 736 frames.
AlGore_2009-0030430-0031168 but the source of much of that no one was hurt in a more this amount of minor is the enigmatic all 
LOG (lattice-best-path:main():lattice-best-path.cc:99) For utterance AlGore_2009-0031304-0031979, best cost 113.346 + 7652.04 = 7765.39 over 673 frames.
AlGore_2009-0031304-0031979 the minister of torque nancy pelosi harry and i don't know what to talk about 
LOG (lattice-best-path:main():lattice-best-path.cc:99) For utterance AlGore_2009-0031979-0032607, best cost 142.768 + 7111.21 = 7253.98 over 626 frames.
AlGore_2009-0031979-0032607 so the alliance for climate protection as wants the two campaigns this is so one of them or that one of them 
LOG (lattice-best-path:main():lattice-best-path.cc:99) For utterance AlGore_2009-0032607-0033881, best cost 284.291 + 14551.5 = 14835.8 over 1272 frames.
AlGore_2009-0032607-0033881 she we due to climate change is a very serious threat to world as much as we made our primary goal to spend a large sum of money on any advertising efforts to bring out and complicate the truth about goals 
LOG (lattice-best-path:main():lattice-best-path.cc:99) For utterance AlGore_2009-0033881-0034242, best cost 75.4852 + 3935.81 = 4011.3 over 359 frames.
AlGore_2009-0033881-0034242 the scientists call this material we did it clean 
LOG (lattice-best-path:main():lattice-best-path.cc:99) For utterance AlGore_2009-0034336-0034477, best cost 26.9467 + 1495.18 = 1522.13 over 139 frames.
AlGore_2009-0034336-0034477 so stay tuned 
LOG (lattice-best-path:main():lattice-best-path.cc:99) For utterance AlGore_2009-0034538-0035003, best cost 73.4 + 4845.27 = 4918.67 over 463 frames.
AlGore_2009-0034538-0035003 so don't worry about climate change and leave their loved ones 
LOG (lattice-best-path:main():lattice-best-path.cc:99) For utterance AlGore_2009-0035176-0035680, best cost 114.129 + 5990.53 = 6104.66 over 502 frames.
AlGore_2009-0035176-0035680 bingo added to the senate or the state of the art he calls his left 
LOG (lattice-best-path:main():lattice-best-path.cc:99) For utterance AlGore_2009-0035977-0036537, best cost 51.8594 + 6835.98 = 6887.84 over 558 frames.
AlGore_2009-0035977-0036537 aim is to do 
LOG (lattice-best-path:main():lattice-best-path.cc:99) For utterance AlGore_2009-0036643-0037401, best cost 29.2902 + 9570.86 = 9600.15 over 756 frames.
AlGore_2009-0036643-0037401 king 
LOG (lattice-best-path:main():lattice-best-path.cc:99) For utterance AlGore_2009-0037401-0037909, best cost 55.868 + 5943.22 = 5999.09 over 506 frames.
AlGore_2009-0037401-0037909 that are committed to doing 
LOG (lattice-best-path:main():lattice-best-path.cc:99) For utterance AlGore_2009-0037909-0038534, best cost 127.165 + 7308.35 = 7435.51 over 623 frames.
AlGore_2009-0037909-0038534 by the way the cost of alternative matches with economic challenge of our national security challenge 
LOG (lattice-best-path:main():lattice-best-path.cc:99) For utterance AlGore_2009-0038534-0039066, best cost 80.7589 + 5861.88 = 5942.63 over 530 frames.
AlGore_2009-0038534-0039066 there is simply says he has fewer his crisis 
LOG (lattice-best-path:main():lattice-best-path.cc:99) For utterance AlGore_2009-0039066-0039615, best cost 71.0466 + 6233.58 = 6304.62 over 547 frames.
AlGore_2009-0039066-0039615 the more prestigious convinced industry 
LOG (lattice-best-path:main():lattice-best-path.cc:99) For utterance AlGore_2009-0039615-0040079, best cost 50.7337 + 5135.49 = 5186.23 over 462 frames.
AlGore_2009-0039615-0040079 this has six holes 
LOG (lattice-best-path:main():lattice-best-path.cc:99) For utterance AlGore_2009-0040079-0040921, best cost 151.171 + 9636.91 = 9788.08 over 840 frames.
AlGore_2009-0040079-0040921 he has a person keenly interested to hear is one in a hundred years after his horse who had stopped him 
LOG (lattice-best-path:main():lattice-best-path.cc:99) For utterance AlGore_2009-0040921-0041490, best cost 67.2112 + 6306.84 = 6374.05 over 567 frames.
AlGore_2009-0040921-0041490 it's a huge leap forward in time of war 
LOG (lattice-best-path:main():lattice-best-path.cc:99) For utterance AlGore_2009-0041490-0041607, best cost 33.1812 + 1270.57 = 1303.75 over 115 frames.
AlGore_2009-0041490-0041607 as is the last one 
LOG (lattice-best-path:main():lattice-best-path.cc:99) For utterance AlGore_2009-0042315-0043056, best cost 148.409 + 7677.81 = 7826.22 over 739 frames.
AlGore_2009-0042315-0043056 about three hours and that no one has is wasted have evidence of all very few scheduling conflict 
LOG (lattice-best-path:main():lattice-best-path.cc:99) For utterance AlGore_2009-0043195-0043622, best cost 75.4066 + 4495.94 = 4571.35 over 425 frames.
AlGore_2009-0043195-0043622 you took over here with some of the new emerging threats 
LOG (lattice-best-path:main():lattice-best-path.cc:99) For utterance AlGore_2009-0043770-0044092, best cost 56.7104 + 3374.02 = 3430.73 over 320 frames.
AlGore_2009-0043770-0044092 who is this historic high paying jobs 
LOG (lattice-best-path:main():lattice-best-path.cc:99) For utterance AlGore_2009-0044281-0044591, best cost 59.5505 + 3202.19 = 3261.74 over 308 frames.
AlGore_2009-0044281-0044591 read how a man to get real 
LOG (lattice-best-path:main():lattice-best-path.cc:99) For utterance AlGore_2009-0044591-0045669, best cost 192.792 + 12192.1 = 12384.9 over 1076 frames.
AlGore_2009-0044591-0045669 there's an old african proverb that says if you would look what we call if you would all four go together we need to go for what we 
LOG (lattice-best-path:main():lattice-best-path.cc:99) For utterance AlGore_2009-0045669-0045797, best cost 29.1707 + 1324.64 = 1353.81 over 126 frames.
AlGore_2009-0045669-0045797 i cover my 
LOG (lattice-best-path:main():lattice-best-path.cc:99) For utterance BarrySchwartz_2005G-0001224-0001955, best cost 160.018 + 7929.29 = 8089.31 over 729 frames.
BarrySchwartz_2005G-0001224-0001955 talk about some stuff that in his book of mine that i hope will resonate with other things that you've already heard about china 
LOG (lattice-best-path:main():lattice-best-path.cc:99) For utterance BarrySchwartz_2005G-0001955-0002689, best cost 155.347 + 7739.1 = 7894.44 over 732 frames.
BarrySchwartz_2005G-0001955-0002689 make some connections myself in case you missed them but will start with what i call the official ball 
LOG (lattice-best-path:main():lattice-best-path.cc:99) For utterance BarrySchwartz_2005G-0002689-0003874, best cost 247.939 + 12558.4 = 12806.4 over 1183 frames.
BarrySchwartz_2005G-0002689-0003874 if you bought ofwat efficient all all for western industrial societies and efficient lawrence like this if we are interested in maximizing the welfare of our citizens 
LOG (lattice-best-path:main():lattice-best-path.cc:99) For utterance BarrySchwartz_2005G-0003874-0004912, best cost 176.579 + 10666.9 = 10843.5 over 1036 frames.
BarrySchwartz_2005G-0003874-0004912 the way to do that is to maximize individual freedom the reason for this is both that freedom is in and of itself goods 
LOG (lattice-best-path:main():lattice-best-path.cc:99) For utterance BarrySchwartz_2005G-0004912-0006224, best cost 278.338 + 13865.5 = 14143.8 over 1310 frames.
BarrySchwartz_2005G-0004912-0006224 the new ball worthwhile essential to be human and because if people have freedom that each of us come back tomorrow to do the things that we maximize our welfare no one has to decide on our behalf 
LOG (lattice-best-path:main():lattice-best-path.cc:99) For utterance BarrySchwartz_2005G-0006224-0007545, best cost 240.571 + 13409.4 = 13650 over 1319 frames.
BarrySchwartz_2005G-0006224-0007545 the way to maximise freedom is to maximise towards the more choice people have the more freedom they have and more freedom they have the more will further back 
LOG (lattice-best-path:main():lattice-best-path.cc:99) For utterance BarrySchwartz_2005G-0007545-0008962, best cost 189.808 + 14405.4 = 14595.2 over 1415 frames.
BarrySchwartz_2005G-0007545-0008962 this i think is so deeply embedded in the water supply that wouldn't occur to anyone who crashed and it also deeply embedded in our lives 
LOG (lattice-best-path:main():lattice-best-path.cc:99) For utterance BarrySchwartz_2005G-0008962-0009855, best cost 161.396 + 9293.43 = 9454.83 over 891 frames.
BarrySchwartz_2005G-0008962-0009855 give you some examples of what modern progress has made possible for us this is my supermarket but such a big one 
LOG (lattice-best-path:main():lattice-best-path.cc:99) For utterance BarrySchwartz_2005G-0009855-0010532, best cost 173.06 + 7286.9 = 7459.96 over 675 frames.
BarrySchwartz_2005G-0009855-0010532 or assailants were about sow addressing a hundred seventy five soccer season was supermarket if you don't count 
LOG (lattice-best-path:main():lattice-best-path.cc:99) For utterance BarrySchwartz_2005G-0010532-0011842, best cost 291.75 + 14094.7 = 14386.4 over 1308 frames.
BarrySchwartz_2005G-0010532-0011842 that can get a virtual worlds and will call seven hundred years you combine to make a very large number of your own so addresses the off chance that the other seventy five the store has to offer choo choo 
LOG (lattice-best-path:main():lattice-best-path.cc:99) For utterance BarrySchwartz_2005G-0011842-0012947, best cost 247.89 + 11916.3 = 12164.2 over 1103 frames.
BarrySchwartz_2005G-0011842-0012947 so this is what the shooter games like and then you go to the consumer electronics or to set up a stereo system speaker cd player tape player to rapid fire and in his will 
LOG (lattice-best-path:main():lattice-best-path.cc:99) For utterance BarrySchwartz_2005G-0012947-0013956, best cost 174.462 + 10455.6 = 10630.1 over 1007 frames.
BarrySchwartz_2005G-0012947-0013956 single consumer electronics store there are that many stereo systems we can construct six and a half million 
LOG (lattice-best-path:main():lattice-best-path.cc:99) For utterance BarrySchwartz_2005G-0013956-0015043, best cost 215.305 + 11460.1 = 11675.4 over 1085 frames.
BarrySchwartz_2005G-0013956-0015043 the first resistance and components are on offer one store you gotta make that a wider choice in other domains the world global communications 
LOG (lattice-best-path:main():lattice-best-path.cc:99) For utterance BarrySchwartz_2005G-0015043-0016393, best cost 311.971 + 14277.7 = 14589.7 over 1348 frames.
BarrySchwartz_2005G-0015043-0016393 there was a time when i was a boy when you can get any control for search you want the swiss came from although you wreckage are forbidden by one consequence of that by the way is that before never broke and rome 
LOG (lattice-best-path:main():lattice-best-path.cc:99) For utterance BarrySchwartz_2005G-0016393-0017265, best cost 185.184 + 9235.31 = 9420.5 over 870 frames.
BarrySchwartz_2005G-0016393-0017265 those days are now we now have an almost unlimited variety of phones especially the world cellphones these are cellphones in the future 
LOG (lattice-best-path:main():lattice-best-path.cc:99) For utterance BarrySchwartz_2005G-0017265-0017960, best cost 141.201 + 7455.21 = 7596.41 over 693 frames.
BarrySchwartz_2005G-0017265-0017960 my favorite is the morning mp three player knows her chair and fairly torch added 
LOG (lattice-best-path:main():lattice-best-path.cc:99) For utterance BarrySchwartz_2005G-0018189-0019251, best cost 250.58 + 11536.8 = 11787.4 over 1060 frames.
BarrySchwartz_2005G-0018189-0019251 if by some chance you haven't seen added years forget you can rest assured that one day shoot you woke with his thousands of these people talking to their scores asking this question 
LOG (lattice-best-path:main():lattice-best-path.cc:99) For utterance BarrySchwartz_2005G-0019251-0020164, best cost 162.626 + 9644.64 = 9807.27 over 911 frames.
BarrySchwartz_2005G-0019251-0020164 and you know the answer to this question now is the answer is no it is not possible to buy a cell phone that goes into too much so 
LOG (lattice-best-path:main():lattice-best-path.cc:99) For utterance BarrySchwartz_2005G-0020164-0021506, best cost 253.163 + 14194.2 = 14447.4 over 1340 frames.
BarrySchwartz_2005G-0020164-0021506 in other aspects of life in a much more significant than now buying things the same topics portion of choice is true in health care is more vacation united states thank you 
LOG (lattice-best-path:main():lattice-best-path.cc:99) For utterance BarrySchwartz_2005G-0021506-0022404, best cost 211.839 + 9690.3 = 9902.14 over 896 frames.
BarrySchwartz_2005G-0021506-0022404 or the doctrine of that tells you what to do instead you go to the doctor in the market shows you a weekend away all we can do the same as these benefits 
LOG (lattice-best-path:main():lattice-best-path.cc:99) For utterance BarrySchwartz_2005G-0022404-0023325, best cost 181.26 + 9456.8 = 9638.06 over 919 frames.
BarrySchwartz_2005G-0022404-0023325 and he trusts the huskies benefits and each risks when you were a kid and you say box which i do in the boxes 
LOG (lattice-best-path:main():lattice-best-path.cc:99) For utterance BarrySchwartz_2005G-0023325-0024559, best cost 239.225 + 12675 = 12914.2 over 1232 frames.
BarrySchwartz_2005G-0023325-0024559 they have these benefits and risks and he has these benefits risks when you want to <unk> and you say if you were read out what would you do and god says but are not me 
LOG (lattice-best-path:main():lattice-best-path.cc:99) For utterance BarrySchwartz_2005G-0024559-0026795, best cost 507.001 + 24398.7 = 24905.7 over 2234 frames.
BarrySchwartz_2005G-0024559-0026795 and the result is we call a patient autonomy which makes it sound like a good thing but what really uses a shifting of government responsible for decision making from somebody you know something they were the doctor somebody who knows nothing of the culturally sick and was not in the best shape to be making decisions made with a patient now there's enormous more coming out of protection for us 
LOG (lattice-best-path:main():lattice-best-path.cc:99) For utterance BarrySchwartz_2005G-0026795-0028208, best cost 308.111 + 15252.4 = 15560.5 over 1411 frames.
BarrySchwartz_2005G-0026795-0028208 the people like you and me which if you think about it makes no sense last weekend either one of them or to tell us if we can't buy them the answer is that dates back to support doctors the next morning and ask for politicians to be changed 
LOG (lattice-best-path:main():lattice-best-path.cc:99) For utterance BarrySchwartz_2005G-0028208-0029108, best cost 139.224 + 9383.36 = 9522.59 over 898 frames.
BarrySchwartz_2005G-0028208-0029108 something as dramatic as our identity is now become a matter of choice now this slide 
LOG (lattice-best-path:main():lattice-best-path.cc:99) For utterance BarrySchwartz_2005G-0029108-0030333, best cost 309.811 + 13339.7 = 13649.5 over 1223 frames.
BarrySchwartz_2005G-0029108-0030333 is that you were convicted we get to when we heard of identity we get we've ended we get reinvent ourselves as often as we like an amazing every day when you wake up in the morning you get to the sidewalk per person 
LOG (lattice-best-path:main():lattice-best-path.cc:99) For utterance BarrySchwartz_2005G-0030333-0030923, best cost 88.4889 + 6098.35 = 6186.83 over 588 frames.
BarrySchwartz_2005G-0030333-0030923 you will be arm in arm with respect to marriage and family 
LOG (lattice-best-path:main():lattice-best-path.cc:99) For utterance BarrySchwartz_2005G-0030923-0032176, best cost 259.379 + 13329.2 = 13588.6 over 1251 frames.
BarrySchwartz_2005G-0030923-0032176 there was a time when the default assumption that almost everyone has is that you get married she knew she could and you start having physicians you turn up the only real choice was cool 
LOG (lattice-best-path:main():lattice-best-path.cc:99) For utterance BarrySchwartz_2005G-0032176-0033102, best cost 189.88 + 9921.28 = 10111.2 over 924 frames.
BarrySchwartz_2005G-0032176-0033102 but when <unk> and that when you do that nowadays everything is very much up for grabs i teach wonderfully intelligence tunes 
LOG (lattice-best-path:main():lattice-best-path.cc:99) For utterance BarrySchwartz_2005G-0033102-0034166, best cost 230.229 + 11484.6 = 11714.8 over 1062 frames.
BarrySchwartz_2005G-0033102-0034166 and though i assign twenty percent which would then i used to and it's not because there was worse to stop because there was a legend it's because they are preoccupied 
LOG (lattice-best-path:main():lattice-best-path.cc:99) For utterance BarrySchwartz_2005G-0034166-0034940, best cost 213.662 + 8358.79 = 8572.46 over 772 frames.
BarrySchwartz_2005G-0034166-0034940 asking themselves should i get married or not she may get married now shy to marry later she might have kids for cirque or your first 
LOG (lattice-best-path:main():lattice-best-path.cc:99) For utterance BarrySchwartz_2005G-0034940-0036185, best cost 277.812 + 13647.7 = 13925.5 over 1243 frames.
BarrySchwartz_2005G-0034940-0036185 all these four consuming freshness and are not answer these questions whether or not it means that we all work i decided to give you the brain of my courses and indeed they should be served four questions to answer 
LOG (lattice-best-path:main():lattice-best-path.cc:99) For utterance BarrySchwartz_2005G-0036404-0036516, best cost 16.8955 + 1088.9 = 1105.8 over 110 frames.
BarrySchwartz_2005G-0036404-0036516 work 
LOG (lattice-best-path:main():lattice-best-path.cc:99) For utterance BarrySchwartz_2005G-0036516-0037766, best cost 213.031 + 13278.7 = 13491.7 over 1248 frames.
BarrySchwartz_2005G-0036516-0037766 we are blessed us girls pointing out with the technology that enables us to work every minute of every day from any place on the planet except the remote control 
LOG (lattice-best-path:main():lattice-best-path.cc:99) For utterance BarrySchwartz_2005G-0038294-0039241, best cost 216.101 + 10188.7 = 10404.8 over 945 frames.
BarrySchwartz_2005G-0038294-0039241 there is one quarter by the way the moment in time by labour you actually brother were they have won five words but i knew that i will use it on 
LOG (lattice-best-path:main():lattice-best-path.cc:99) For utterance BarrySchwartz_2005G-0039241-0040156, best cost 183.109 + 10077.1 = 10260.2 over 913 frames.
BarrySchwartz_2005G-0039241-0040156 so what this means is incredible freedom of choice we have the first that work is that we have to make decisions again and again and again about whether 
LOG (lattice-best-path:main():lattice-best-path.cc:99) For utterance BarrySchwartz_2005G-0040156-0041465, best cost 304.418 + 14341.8 = 14646.2 over 1307 frames.
BarrySchwartz_2005G-0040156-0041465 we should or shouldn't be working with in norwich our kids were shorter than we have are so for a woman and a black berry on our market there are some laptop is only artworks and even if they're all showed off 
LOG (lattice-best-path:main():lattice-best-path.cc:99) For utterance BarrySchwartz_2005G-0041465-0042097, best cost 149.425 + 6929.19 = 7078.61 over 630 frames.
BarrySchwartz_2005G-0041465-0042097 every no matter what your kid you away a soccer game we are also less your social life is rubbish 
LOG (lattice-best-path:main():lattice-best-path.cc:99) For utterance BarrySchwartz_2005G-0042097-0043255, best cost 281.533 + 12503.6 = 12785.1 over 1156 frames.
BarrySchwartz_2005G-0042097-0043255 so phone call sharks part of the scheme oceanographers whether they be defeatist the question is no isps are we going to make the series of your kids' soccer game very different than what is 
LOG (lattice-best-path:main():lattice-best-path.cc:99) For utterance BarrySchwartz_2005G-0043255-0044538, best cost 248.037 + 13730.2 = 13978.3 over 1281 frames.
BarrySchwartz_2005G-0043255-0044538 so where were we walk but the big things in small things which are all things a little things wife is a matter of choice and the world we use a living look like this 
LOG (lattice-best-path:main():lattice-best-path.cc:99) For utterance BarrySchwartz_2005G-0044742-0045623, best cost 189.298 + 9454.77 = 9644.06 over 879 frames.
BarrySchwartz_2005G-0044742-0045623 that is to say they were some choices but not everything was a matter of choice in the world we now live in what way kids at the question is 
LOG (lattice-best-path:main():lattice-best-path.cc:99) For utterance BarrySchwartz_2005G-0045623-0046263, best cost 69.238 + 6399.05 = 6468.29 over 638 frames.
BarrySchwartz_2005G-0045623-0046263 this is good news or bad news and the answer is yes 
LOG (lattice-best-path:main():lattice-best-path.cc:99) For utterance BarrySchwartz_2005G-0046554-0047602, best cost 179.035 + 11226.1 = 11405.1 over 1046 frames.
BarrySchwartz_2005G-0046554-0047602 we all know what's good about it so i want to talk about what they're about all this choice has to the facts to begin with its own people 
LOG (lattice-best-path:main():lattice-best-path.cc:99) For utterance BarrySchwartz_2005G-0047602-0048920, best cost 225.543 + 13995.5 = 14221.1 over 1316 frames.
BarrySchwartz_2005G-0047602-0048920 what effect paradoxically senator dishes promises rather than a brush with so many options to choose from people find it very difficult issues at all 
LOG (lattice-best-path:main():lattice-best-path.cc:99) For utterance BarrySchwartz_2005G-0048920-0050062, best cost 227.936 + 12175.4 = 12403.3 over 1140 frames.
BarrySchwartz_2005G-0048920-0050062 i'll give you one very dramatic example of this study that was the end of all investments to now voluntary retirement wins a colleague of mine got access to 
LOG (lattice-best-path:main():lattice-best-path.cc:99) For utterance BarrySchwartz_2005G-0050177-0051115, best cost 218.639 + 10169.7 = 10388.4 over 936 frames.
BarrySchwartz_2005G-0050177-0051115 the best records from bangor these gigantic often probably have about a million employees of about two thousand for work which is what she found is that 
LOG (lattice-best-path:main():lattice-best-path.cc:99) For utterance BarrySchwartz_2005G-0051115-0051894, best cost 148.74 + 8356.21 = 8504.95 over 777 frames.
BarrySchwartz_2005G-0051115-0051894 for every ten mutual funds that were offered a rate of participation went down two percent 
LOG (lattice-best-path:main():lattice-best-path.cc:99) For utterance BarrySchwartz_2005G-0051894-0054066, best cost 428.136 + 23274.2 = 23702.4 over 2170 frames.
BarrySchwartz_2005G-0051894-0054066 your for fifty pounds ten percent fewer employees participate if you'll often find why because with his response to choose from its own damn hard to decide which runs to choose that you just heard are often tomorrow and tomorrow and tomorrow and tomorrow went to war with of course to board a purpose 
LOG (lattice-best-path:main():lattice-best-path.cc:99) For utterance BarrySchwartz_2005G-0054066-0055420, best cost 302.584 + 14916.1 = 15218.7 over 1352 frames.
BarrySchwartz_2005G-0054066-0055420 understand that not only does this mean that the former happy dog food when they retire because i don't have enough money to the way it also means that made the decision so hard that they have so significant matching away from the sport 
LOG (lattice-best-path:main():lattice-best-path.cc:99) For utterance BarrySchwartz_2005G-0055420-0056869, best cost 304.384 + 15704.5 = 16008.8 over 1447 frames.
BarrySchwartz_2005G-0055420-0056869 by not participating they're passionate as much as five thousand dollars in your premiums or would happily better part of huge joe kraus says is a consequence of having too many choices and i think it makes the world look like this 
LOG (lattice-best-path:main():lattice-best-path.cc:99) For utterance BarrySchwartz_2005G-0057498-0058253, best cost 184.572 + 8375.64 = 8560.22 over 753 frames.
BarrySchwartz_2005G-0057498-0058253 you really what i get the decision right if it for all eternity right you know what they brought into force in the wrong shelters 
LOG (lattice-best-path:main():lattice-best-path.cc:99) For utterance BarrySchwartz_2005G-0058253-0059016, best cost 144.832 + 8251.46 = 8396.3 over 761 frames.
BarrySchwartz_2005G-0058253-0059016 so what will affect the sight of the fact is that even if we manage to overcome the paralysis and make good choices 
LOG (lattice-best-path:main():lattice-best-path.cc:99) For utterance BarrySchwartz_2005G-0059016-0060008, best cost 187.472 + 10552.7 = 10740.1 over 990 frames.
BarrySchwartz_2005G-0059016-0060008 we can go were satisfied with the result of the choice then we would be if we have fewer options to change and are several reasons for this 
LOG (lattice-best-path:main():lattice-best-path.cc:99) For utterance BarrySchwartz_2005G-0060008-0061247, best cost 265.133 + 13552.5 = 13817.6 over 1237 frames.
BarrySchwartz_2005G-0060008-0061247 one of them is that we know what a difference that addresses to choose from if you bought one is not perfect and it works out to see is it's easy to imagine that you could have made a different choice that would have been better 
LOG (lattice-best-path:main():lattice-best-path.cc:99) For utterance BarrySchwartz_2005G-0061247-0062516, best cost 270.194 + 13462.9 = 13733.1 over 1267 frames.
BarrySchwartz_2005G-0061247-0062516 and what happens is this imagined alternative and issues you regret the decision you make and his regret subtract from the satisfaction you get out of the decision you make even if it was a good position 
LOG (lattice-best-path:main():lattice-best-path.cc:99) For utterance BarrySchwartz_2005G-0062516-0063239, best cost 170.412 + 7778.68 = 7949.09 over 721 frames.
BarrySchwartz_2005G-0062516-0063239 the more options there or the hoosiers churn rate anything at all it is disappointing about the option of the church 
LOG (lattice-best-path:main():lattice-best-path.cc:99) For utterance BarrySchwartz_2005G-0063239-0064442, best cost 274.609 + 13128.3 = 13402.9 over 1201 frames.
BarrySchwartz_2005G-0063239-0064442 second what economists call opportunity costs they go or maybe point scoring of talking about how how much food over the way in which we find things that can so what we compare them to 
LOG (lattice-best-path:main():lattice-best-path.cc:99) For utterance BarrySchwartz_2005G-0064442-0065375, best cost 177.252 + 10112.7 = 10289.9 over 931 frames.
BarrySchwartz_2005G-0064442-0065375 well what are lots of alternatives to consider it is easy to imagine the attractive features of alternatives then you reject 
LOG (lattice-best-path:main():lattice-best-path.cc:99) For utterance BarrySchwartz_2005G-0065517-0066069, best cost 109.452 + 5868.96 = 5978.42 over 550 frames.
BarrySchwartz_2005G-0065517-0066069 and that maybe you were satisfied with the alternative that you've chosen is an example 
LOG (lattice-best-path:main():lattice-best-path.cc:99) For utterance BarrySchwartz_2005G-0066069-0066421, best cost 56.7792 + 3668.25 = 3725.03 over 350 frames.
BarrySchwartz_2005G-0066069-0066421 for those of you on your side pocket 
LOG (lattice-best-path:main():lattice-best-path.cc:99) For utterance BarrySchwartz_2005G-0066421-0067741, best cost 309.399 + 14359.2 = 14668.6 over 1318 frames.
BarrySchwartz_2005G-0066421-0067741 but this one is supposed to be thinking irresistible on manhattan's very expensive roast a gorgeous beach beautiful they may have them all to themselves what could be better well they met this guy is thinking as of august 
LOG (lattice-best-path:main():lattice-best-path.cc:99) For utterance BarrySchwartz_2005G-0067741-0068445, best cost 141.373 + 7571.92 = 7713.29 over 702 frames.
BarrySchwartz_2005G-0067741-0068445 everybody in my manhattan neighborhood is a way i can keep harping right in front of my do 
LOG (lattice-best-path:main():lattice-best-path.cc:99) For utterance BarrySchwartz_2005G-0068445-0069441, best cost 176.183 + 10675.5 = 10851.7 over 994 frames.
BarrySchwartz_2005G-0068445-0069441 and he spends two weeks named by the idea that he is missing the opportunity to day after day to have a great purpose 
LOG (lattice-best-path:main():lattice-best-path.cc:99) For utterance BarrySchwartz_2005G-0069441-0070466, best cost 222.159 + 11116 = 11338.2 over 1023 frames.
BarrySchwartz_2005G-0069441-0070466 opportunity cost subtract from the satisfaction we get out of what we choose even when will we choose a church and more options there or to consider 
LOG (lattice-best-path:main():lattice-best-path.cc:99) For utterance BarrySchwartz_2005G-0070466-0071150, best cost 158.442 + 7421.98 = 7580.42 over 682 frames.
BarrySchwartz_2005G-0070466-0071150 the more attractive features of these options for pointed to reflect the biases opportunity cause is another trap 
LOG (lattice-best-path:main():lattice-best-path.cc:99) For utterance BarrySchwartz_2005G-0071609-0072731, best cost 269.434 + 12290.4 = 12559.8 over 1120 frames.
BarrySchwartz_2005G-0071609-0072731 now how did this continental appointed next point about living in the moment as well and probably about giving slowly but once pointed makes us that whenever you're choosing one figure 
LOG (lattice-best-path:main():lattice-best-path.cc:99) For utterance BarrySchwartz_2005G-0072731-0073478, best cost 161.369 + 8149.79 = 8311.16 over 745 frames.
BarrySchwartz_2005G-0072731-0073478 choosing not to do other things and those are the things we have lots of attractive features is that they were doing was a trap others 
LOG (lattice-best-path:main():lattice-best-path.cc:99) For utterance BarrySchwartz_2005G-0073478-0074419, best cost 226.851 + 10105.1 = 10332 over 939 frames.
BarrySchwartz_2005G-0073478-0074419 escalation of expectations this hit me when i went to replace my genes i wear jeans also time and there was a time when she's came in one flavor 
LOG (lattice-best-path:main():lattice-best-path.cc:99) For utterance BarrySchwartz_2005G-0074419-0075648, best cost 292.614 + 13461.4 = 13754 over 1227 frames.
BarrySchwartz_2005G-0074419-0075648 the new ball or anything like that they're incredibly accountable if you were the one of the worst of one of five different things you will pay someone to replace my genes after years and years of words all ones anti-semite 
LOG (lattice-best-path:main():lattice-best-path.cc:99) For utterance BarrySchwartz_2005G-0075648-0077665, best cost 461.503 + 21851.3 = 22312.8 over 2015 frames.
BarrySchwartz_2005G-0075648-0077665 gowariker genes is the size of the shopkeeper said you want something easy thing to relax thing you would acquire shepherds why he was so water that's a walk you won a distress call to copy what they were bought a bollywood my jaw dropped after crisis what crimes they used to be your car 
LOG (lattice-best-path:main():lattice-best-path.cc:99) For utterance BarrySchwartz_2005G-0078109-0078372, best cost 43.2899 + 2740.17 = 2783.46 over 261 frames.
BarrySchwartz_2005G-0078109-0078372 he had no idea what that was 
LOG (lattice-best-path:main():lattice-best-path.cc:99) For utterance BarrySchwartz_2005G-0078372-0079678, best cost 278.378 + 14074.6 = 14353 over 1304 frames.
BarrySchwartz_2005G-0078372-0079678 so i said well we're trying not always think she's a man on the bus or train with the best thing genes i had ever had id better all his choice made it possible for me to do better 
LOG (lattice-best-path:main():lattice-best-path.cc:99) For utterance BarrySchwartz_2005G-0079678-0080552, best cost 151.939 + 9165.97 = 9317.91 over 872 frames.
BarrySchwartz_2005G-0079678-0080552 but i felt which wine or a whole book to try to squeeze to myself there isn't it 
LOG (lattice-best-path:main():lattice-best-path.cc:99) For utterance BarrySchwartz_2005G-0080992-0082076, best cost 202.72 + 11696.2 = 11899 over 1082 frames.
BarrySchwartz_2005G-0080992-0082076 the reason i felt worse is that we're not all of these options available my expectations about how good a pair of change should be wind up 
LOG (lattice-best-path:main():lattice-best-path.cc:99) For utterance BarrySchwartz_2005G-0082076-0083475, best cost 331.755 + 15379.1 = 15710.9 over 1397 frames.
BarrySchwartz_2005G-0082076-0083475 i have very low which i had no particular expectations of the weekend one flavor waking up under flavors they've on one attention of the person when i got was good but was a perfect and so i compare what i got all excited 
LOG (lattice-best-path:main():lattice-best-path.cc:99) For utterance BarrySchwartz_2005G-0083475-0084041, best cost 115.662 + 6217.68 = 6333.34 over 564 frames.
BarrySchwartz_2005G-0083475-0084041 when i got was disappointing in comparison to what i expected any options to people's lives 
LOG (lattice-best-path:main():lattice-best-path.cc:99) For utterance BarrySchwartz_2005G-0084041-0085502, best cost 303.511 + 16073.1 = 16376.6 over 1459 frames.
BarrySchwartz_2005G-0084041-0085502 it hopes to increase the expectations people have about how good those options will be the one that would have reduced his life satisfaction with with results the weather conditions nobody in the world of marketing noses 
LOG (lattice-best-path:main():lattice-best-path.cc:99) For utterance BarrySchwartz_2005G-0085502-0085781, best cost 31.9317 + 2946.45 = 2978.38 over 277 frames.
BarrySchwartz_2005G-0085502-0085781 but if they did 
LOG (lattice-best-path:main():lattice-best-path.cc:99) For utterance BarrySchwartz_2005G-0085781-0086326, best cost 86.7732 + 5642.05 = 5728.82 over 543 frames.
BarrySchwartz_2005G-0085781-0086326 you would all know what this is about the truth is more like this 
LOG (lattice-best-path:main():lattice-best-path.cc:99) For utterance BarrySchwartz_2005G-0086674-0087775, best cost 236.791 + 12229.2 = 12466 over 1099 frames.
BarrySchwartz_2005G-0086674-0087775 the reason that everything was better back when everything was worse is that when everything was worse it was actually possible for people to have experiences that were present products 
LOG (lattice-best-path:main():lattice-best-path.cc:99) For utterance BarrySchwartz_2005G-0087775-0088887, best cost 249.708 + 12114.8 = 12364.5 over 1110 frames.
BarrySchwartz_2005G-0087775-0088887 nowadays the world we live in we have to work in the snow white citizens with perfection expectation the best you can ever hope for is that says that as soon as you expect it to be 
LOG (lattice-best-path:main():lattice-best-path.cc:99) For utterance BarrySchwartz_2005G-0088887-0090231, best cost 239.336 + 14426.1 = 14665.5 over 1342 frames.
BarrySchwartz_2005G-0088887-0090231 you will never be pleasantly surprised because your expectations by expectations about the group the secret to happiness as we're talking for the secret of happiness is low expectations 
LOG (lattice-best-path:main():lattice-best-path.cc:99) For utterance BarrySchwartz_2005G-0091167-0092769, best cost 319.394 + 17161.2 = 17480.6 over 1600 frames.
BarrySchwartz_2005G-0091167-0092769 i would say just one of them were by dreadful moments that you know i actually am married to a wide and then she's really quite wonderful i could have done better and so on but so does the dosage of getting far away 
LOG (lattice-best-path:main():lattice-best-path.cc:99) For utterance BarrySchwartz_2005G-0092769-0094116, best cost 298.199 + 14853.1 = 15151.3 over 1345 frames.
BarrySchwartz_2005G-0092769-0094116 one consequence of by the banks in anchorage is when there's only one kind of bike is that when you were dissatisfied i knew was quite as is possible the answer is we are the world church possible what would you do 
LOG (lattice-best-path:main():lattice-best-path.cc:99) For utterance BarrySchwartz_2005G-0094116-0095401, best cost 251.384 + 13883.9 = 14135.3 over 1283 frames.
BarrySchwartz_2005G-0094116-0095401 when there are hundreds of the five thousand genes available and you by one that is disappointing the u s why he was as possible is equally if we are to be asked the question is is you 
LOG (lattice-best-path:main():lattice-best-path.cc:99) For utterance BarrySchwartz_2005G-0095401-0096794, best cost 277.744 + 15177.2 = 15455 over 1391 frames.
BarrySchwartz_2005G-0095401-0096794 you could have done better with about one out of a different kind of genes on display there's no excuse for failure and so when people make decisions and even over the voters also decisions for good they feel disappointed 
LOG (lattice-best-path:main():lattice-best-path.cc:99) For utterance BarrySchwartz_2005G-0096794-0099151, best cost 524.389 + 25786.3 = 26310.7 over 2355 frames.
BarrySchwartz_2005G-0096794-0099151 about them they blame themselves clinical depression has exploded in industrial world in the last generation i believe is significant that the only been a significant contributor to this explosion of depression and also show which side is that people have it's the races rather disappointing as educators as the light and then when they get what we need is greatest themselves they think they are at fault 
LOG (lattice-best-path:main():lattice-best-path.cc:99) For utterance BarrySchwartz_2005G-0099151-0099870, best cost 137.035 + 7638.92 = 7775.95 over 717 frames.
BarrySchwartz_2005G-0099151-0099870 and so the net result is that we do better temple in general objectively every few words 
LOG (lattice-best-path:main():lattice-best-path.cc:99) For utterance BarrySchwartz_2005G-0099870-0100615, best cost 132.06 + 7742.46 = 7874.52 over 743 frames.
BarrySchwartz_2005G-0099870-0100615 so what we are my view this is the official form the one that we all take to be true 
LOG (lattice-best-path:main():lattice-best-path.cc:99) For utterance BarrySchwartz_2005G-0100615-0101431, best cost 134.996 + 8336.16 = 8471.15 over 814 frames.
BarrySchwartz_2005G-0100615-0101431 asphalt falls it is not true there's no question that some choices better venom 
LOG (lattice-best-path:main():lattice-best-path.cc:99) For utterance BarrySchwartz_2005G-0101431-0102631, best cost 258.939 + 13025.2 = 13284.1 over 1198 frames.
BarrySchwartz_2005G-0101431-0102631 but it doesn't follow from that the more choices better than some chose this a magic wand and i don't know what it is utterly confident that we have long since passed the point where options improve 
LOG (lattice-best-path:main():lattice-best-path.cc:99) For utterance BarrySchwartz_2005G-0102631-0103651, best cost 208.196 + 10765.4 = 10973.6 over 1018 frames.
BarrySchwartz_2005G-0102631-0103651 our welfare now has a policy marijuana austin is a policy that are the thing to think about is this what enables us all of his choice 
LOG (lattice-best-path:main():lattice-best-path.cc:99) For utterance BarrySchwartz_2005G-0103651-0104500, best cost 164.947 + 8979.21 = 9144.15 over 847 frames.
BarrySchwartz_2005G-0103651-0104500 it in the school societies is that your wackos there are lots of places in the world we've heard about several of them 
LOG (lattice-best-path:main():lattice-best-path.cc:99) For utterance BarrySchwartz_2005G-0104500-0105476, best cost 216.045 + 10721.5 = 10937.5 over 974 frames.
BarrySchwartz_2005G-0104500-0105476 we're told the problem is not that they have too much choice their problems that they have to local services i'm talking about is the peculiar problem of modern 
LOG (lattice-best-path:main():lattice-best-path.cc:99) For utterance BarrySchwartz_2005G-0105483-0106567, best cost 210.444 + 11639.3 = 11849.8 over 1082 frames.
BarrySchwartz_2005G-0105483-0106567 at ford western societies what is so frustrating and if you're in this is the one that got yesterday about how this expensive and difficult ones so 
LOG (lattice-best-path:main():lattice-best-path.cc:99) For utterance BarrySchwartz_2005G-0106690-0107078, best cost 68.4634 + 4025.02 = 4093.49 over 386 frames.
BarrySchwartz_2005G-0106690-0107078 infants to charities both hope 
LOG (lattice-best-path:main():lattice-best-path.cc:99) For utterance BarrySchwartz_2005G-0107078-0108308, best cost 241.257 + 13276.1 = 13517.3 over 1228 frames.
BarrySchwartz_2005G-0107078-0108308 it's a waste of money what i'm telling you is that these expensive complicating choices is not simply that they don't hope that we'd hurt the actually make us worse 
LOG (lattice-best-path:main():lattice-best-path.cc:99) For utterance BarrySchwartz_2005G-0108308-0109445, best cost 228.861 + 12121.8 = 12350.7 over 1135 frames.
BarrySchwartz_2005G-0108308-0109445 off if some of what enables people in our societies to make all the choices we make we're shifted to societies in which people have too few options 
LOG (lattice-best-path:main():lattice-best-path.cc:99) For utterance BarrySchwartz_2005G-0109445-0110503, best cost 238.365 + 11770 = 12008.4 over 1056 frames.
BarrySchwartz_2005G-0109445-0110503 now one of those people twice the truth but powers would be improved also is what economists call prego improving move income redistribution will make everyone 
LOG (lattice-best-path:main():lattice-best-path.cc:99) For utterance BarrySchwartz_2005G-0110503-0111279, best cost 147.975 + 8178.05 = 8326.03 over 774 frames.
BarrySchwartz_2005G-0110503-0111279 they're off by just four p. because of how all such a church points so to conclude 
LOG (lattice-best-path:main():lattice-best-path.cc:99) For utterance BarrySchwartz_2005G-0111279-0112192, best cost 210.243 + 9692.52 = 9902.77 over 911 frames.
BarrySchwartz_2005G-0111279-0112192 this whole story this cartoon and a sophisticated person say what is this fish no you know nothing is possible when this fish paul 
LOG (lattice-best-path:main():lattice-best-path.cc:99) For utterance BarrySchwartz_2005G-0112295-0113151, best cost 194.246 + 9324.72 = 9518.97 over 854 frames.
BarrySchwartz_2005G-0112295-0113151 in part the imagination myopic view of the world and that's where the buffers the more i thought about it however the more i came to the view that is 
LOG (lattice-best-path:main():lattice-best-path.cc:99) For utterance BarrySchwartz_2005G-0113151-0114308, best cost 226.461 + 12203 = 12429.4 over 1155 frames.
BarrySchwartz_2005G-0113151-0114308 they she knows something because the truth of the matter is that if you share a fishbowl so that everything is possible your have freedom you have poor houses 
LOG (lattice-best-path:main():lattice-best-path.cc:99) For utterance BarrySchwartz_2005G-0114308-0115008, best cost 123.686 + 7332.94 = 7456.62 over 698 frames.
BarrySchwartz_2005G-0114308-0115008 if you share this fish also that everything is possible you decrease satisfaction 
LOG (lattice-best-path:main():lattice-best-path.cc:99) For utterance BarrySchwartz_2005G-0115008-0115842, best cost 185.746 + 8933.12 = 9118.86 over 832 frames.
BarrySchwartz_2005G-0115008-0115842 you increase for houses and you decrease satisfaction everybody needs official this one is a culture we two women 
LOG (lattice-best-path:main():lattice-best-path.cc:99) For utterance BarrySchwartz_2005G-0115842-0116905, best cost 238.595 + 11440.2 = 11678.8 over 1061 frames.
BarrySchwartz_2005G-0115842-0116905 perhaps even for the fish germany for cars but the absence of some of metaphor to fish for his recipe for misery and i suspect zest thank you very much 
LOG (lattice-best-path:main():lattice-best-path.cc:99) For utterance BlaiseAguerayArcas_2007-0001220-0001572, best cost 74.9757 + 3682.08 = 3757.06 over 350 frames.
BlaiseAguerayArcas_2007-0001220-0001572 the issue for service countryside and his soul 
LOG (lattice-best-path:main():lattice-best-path.cc:99) For utterance BlaiseAguerayArcas_2007-0001572-0002425, best cost 184.452 + 9218.57 = 9403.02 over 851 frames.
BlaiseAguerayArcas_2007-0001572-0002425 this is a foundation for christmas and technology the deliberate microscopes proposition opens up to your goal but this is the driving 
LOG (lattice-best-path:main():lattice-best-path.cc:99) For utterance BlaiseAguerayArcas_2007-0002425-0004061, best cost 361.875 + 17586.9 = 17948.7 over 1634 frames.
BlaiseAguerayArcas_2007-0002425-0004061 and at some point in which you can kind of local you're more interactive vast amounts over the virtual world in many many gigabytes of competition photosynthesis in seamlessly unspoken cynicism and having to the theory range in any way we want and so 
LOG (lattice-best-path:main():lattice-best-path.cc:99) For utterance BlaiseAguerayArcas_2007-0004061-0005460, best cost 305.41 + 15032.3 = 15337.7 over 1397 frames.
BlaiseAguerayArcas_2007-0004061-0005460 it doesn't matter how much information would be f.o.b. these collections are or how big the images are animals that are very difficult for us to this point is of course stems from the white responders and it's never been afraid of the digital age 
LOG (lattice-best-path:main():lattice-best-path.cc:99) For utterance BlaiseAguerayArcas_2007-0005460-0006285, best cost 175.481 + 8947.11 = 9122.59 over 823 frames.
BlaiseAguerayArcas_2007-0005460-0006285 but that doesn't make any difference because using the mother bought one of the performances like this one is markets on your screen at any given moment 
LOG (lattice-best-path:main():lattice-best-path.cc:99) For utterance BlaiseAguerayArcas_2007-0006285-0007452, best cost 248.777 + 12315.6 = 12564.4 over 1165 frames.
BlaiseAguerayArcas_2007-0006285-0007452 but it also reflects an architecture that is an entire bosses example no no more than a dollar a this is going to be close but because every every column is what is a chapter 
LOG (lattice-best-path:main():lattice-best-path.cc:99) For utterance BlaiseAguerayArcas_2007-0007452-0008335, best cost 211.973 + 9387.4 = 9599.37 over 881 frames.
BlaiseAguerayArcas_2007-0007452-0008335 and so to prove to the this is really spikes in london that we can do something work so what do we show is over the words to show that this small picture 
LOG (lattice-best-path:main():lattice-best-path.cc:99) For utterance BlaiseAguerayArcas_2007-0008335-0009847, best cost 342.989 + 16264.3 = 16607.3 over 1510 frames.
BlaiseAguerayArcas_2007-0008335-0009847 only his second artificially sweetened you both women and men that produces more was that this is an issue the guardian every large image is the beginning of a section ends with his you tube and enjoying the experience of reading all the goalkeeper for sharapova 
LOG (lattice-best-path:main():lattice-best-path.cc:99) For utterance BlaiseAguerayArcas_2007-0009847-0010886, best cost 230.514 + 11051.8 = 11282.3 over 1037 frames.
BlaiseAguerayArcas_2007-0009847-0010886 the magazine or newspaper which is inherited multi-skilled comedian was able to something with a quarter of all of this particular issues regarding was admitted to fade out 
LOG (lattice-best-path:main():lattice-best-path.cc:99) For utterance BlaiseAguerayArcas_2007-0010886-0012134, best cost 271.434 + 13334.4 = 13605.8 over 1246 frames.
BlaiseAguerayArcas_2007-0010886-0012134 but very high resolution so much for the needed to get an ordinary and we can then it's a concern because the features of the score you can see here or all of them also or even to the suspicions 

gzip: gmm_recog/lat.1.gz: unexpected end of file
ERROR: VectorFst::Read: read failed: <unspecified>
WARNING (lattice-scale:ReadCompactLattice():kaldi-lattice.cc:351) Error reading compact lattice (after reading header).
WARNING (lattice-scale:Next():util/kaldi-table-inl.h:574) Object read failed, reading archive 'gunzip -c gmm_recog/lat.*.gz|'
LOG (lattice-scale:main():lattice-scale.cc:90) Done 164 lattices.
WARNING (lattice-scale:Close():kaldi-io.cc:501) Pipe gunzip -c gmm_recog/lat.*.gz| had nonzero return status 256
ERROR (lattice-scale:~SequentialTableReaderArchiveImpl():util/kaldi-table-inl.h:678) TableReader: error detected closing archive 'gunzip -c gmm_recog/lat.*.gz|'

[ Stack-Trace: ]
lattice-scale() [0x67967a]
kaldi::MessageLogger::HandleMessage(kaldi::LogMessageEnvelope const&, char const*)
kaldi::MessageLogger::~MessageLogger()
kaldi::SequentialTableReaderArchiveImpl<kaldi::CompactLatticeHolder>::~SequentialTableReaderArchiveImpl()
kaldi::SequentialTableReaderArchiveImpl<kaldi::CompactLatticeHolder>::~SequentialTableReaderArchiveImpl()
kaldi::SequentialTableReader<kaldi::CompactLatticeHolder>::~SequentialTableReader()
main
__libc_start_main
lattice-scale() [0x5927c9]

LOG (lattice-best-path:main():lattice-best-path.cc:99) For utterance BlaiseAguerayArcas_2007-0012134-0013412, best cost 288.687 + 13606.4 = 13895.1 over 1276 frames.
BlaiseAguerayArcas_2007-0012134-0013412 so how does this leave us with a sense of his later years about are really doing away with the windows limits on the screen roles equivalent of a series of no more than a couple solar power rubber puppet in his cell phone 
LOG (lattice-add-penalty:main():lattice-add-penalty.cc:62) Done adding word insertion penalty to 164 lattices.
LOG (lattice-best-path:main():lattice-best-path.cc:99) For utterance BlaiseAguerayArcas_2007-0013412-0014299, best cost 228.937 + 9811.25 = 10040.2 over 885 frames.
BlaiseAguerayArcas_2007-0013412-0014299 of course that is one of those early august applications for to talk like this and honestly i give them a sense that anytime wants to say that we have things but as soon as well 
LOG (lattice-best-path:main():lattice-best-path.cc:124) Overall cost per frame is 11.0951 = 0.207765 [graph] + 10.8874 [acoustic] over 162327 frames.
LOG (lattice-best-path:main():lattice-best-path.cc:128) Done 164 lattices, failed for 0
# Accounting: time=213 threads=1
# Ended (code 0) at Mon Dec  5 17:05:54 EET 2016, elapsed time 213 seconds
